<?xml version="1.0" encoding="UTF-8"?>
<testsuite name="com.widehouse.cafe.web.CafeControllerTest" tests="2" skipped="0" failures="0" errors="0" timestamp="2017-02-22T01:12:27" hostname="Kiel-MBP-2.fios-router.home" time="0.05">
  <properties/>
  <testcase name="getCafeById_Should_CafeInfo" classname="com.widehouse.cafe.web.CafeControllerTest" time="0.036"/>
  <testcase name="getCafeByUrl_Should_CafeInfo" classname="com.widehouse.cafe.web.CafeControllerTest" time="0.012"/>
  <system-out><![CDATA[2017-02-21 20:12:26.797  INFO 30607 --- [    Test worker] .b.t.a.w.s.WebMvcTestContextBootstrapper : Neither @ContextConfiguration nor @ContextHierarchy found for test class [com.widehouse.cafe.web.CafeControllerTest], using SpringBootContextLoader
2017-02-21 20:12:26.798  INFO 30607 --- [    Test worker] o.s.t.c.support.AbstractContextLoader    : Could not detect default resource locations for test class [com.widehouse.cafe.web.CafeControllerTest]: no resource found for suffixes {-context.xml, Context.groovy}.
2017-02-21 20:12:26.798  INFO 30607 --- [    Test worker] t.c.s.AnnotationConfigContextLoaderUtils : Could not detect default configuration classes for test class [com.widehouse.cafe.web.CafeControllerTest]: CafeControllerTest does not declare any static, non-private, non-final, nested classes annotated with @Configuration.
2017-02-21 20:12:26.821  INFO 30607 --- [    Test worker] .b.t.c.SpringBootTestContextBootstrapper : Found @SpringBootConfiguration com.widehouse.cafe.CafeApplication for test class com.widehouse.cafe.web.CafeControllerTest
2017-02-21 20:12:26.824  INFO 30607 --- [    Test worker] .b.t.a.w.s.WebMvcTestContextBootstrapper : Loaded default TestExecutionListener class names from location [META-INF/spring.factories]: [org.springframework.boot.test.mock.mockito.MockitoTestExecutionListener, org.springframework.boot.test.mock.mockito.ResetMocksTestExecutionListener, org.springframework.boot.test.autoconfigure.restdocs.RestDocsTestExecutionListener, org.springframework.boot.test.autoconfigure.web.client.MockRestServiceServerResetTestExecutionListener, org.springframework.boot.test.autoconfigure.web.servlet.MockMvcPrintOnlyOnFailureTestExecutionListener, org.springframework.boot.test.autoconfigure.web.servlet.WebDriverTestExecutionListener, org.springframework.test.context.web.ServletTestExecutionListener, org.springframework.test.context.support.DirtiesContextBeforeModesTestExecutionListener, org.springframework.test.context.support.DependencyInjectionTestExecutionListener, org.springframework.test.context.support.DirtiesContextTestExecutionListener, org.springframework.test.context.transaction.TransactionalTestExecutionListener, org.springframework.test.context.jdbc.SqlScriptsTestExecutionListener]
2017-02-21 20:12:26.827  INFO 30607 --- [    Test worker] .b.t.a.w.s.WebMvcTestContextBootstrapper : Using TestExecutionListeners: [org.springframework.test.context.web.ServletTestExecutionListener@4ed59078, org.springframework.test.context.support.DirtiesContextBeforeModesTestExecutionListener@15646e8b, org.springframework.boot.test.autoconfigure.SpringBootDependencyInjectionTestExecutionListener@5b3d38fb, org.springframework.test.context.support.DirtiesContextTestExecutionListener@28a51df, org.springframework.test.context.transaction.TransactionalTestExecutionListener@60be57a6, org.springframework.test.context.jdbc.SqlScriptsTestExecutionListener@56987d0c, org.springframework.boot.test.mock.mockito.MockitoTestExecutionListener@64d06dc4, org.springframework.boot.test.autoconfigure.restdocs.RestDocsTestExecutionListener@3484dc28, org.springframework.boot.test.autoconfigure.web.servlet.MockMvcPrintOnlyOnFailureTestExecutionListener@2615ae79, org.springframework.boot.test.mock.mockito.ResetMocksTestExecutionListener@33f0c7aa, org.springframework.boot.test.autoconfigure.web.client.MockRestServiceServerResetTestExecutionListener@5429225d, org.springframework.boot.test.autoconfigure.web.servlet.WebDriverTestExecutionListener@46dec16c]

  .   ____          _            __ _ _
 /\\ / ___'_ __ _ _(_)_ __  __ _ \ \ \ \
( ( )\___ | '_ | '_| | '_ \/ _` | \ \ \ \
 \\/  ___)| |_)| | | | | || (_| |  ) ) ) )
  '  |____| .__|_| |_|_| |_\__, | / / / /
 =========|_|==============|___/=/_/_/_/
 :: Spring Boot ::        (v1.5.1.RELEASE)

2017-02-21 20:12:26.893  INFO 30607 --- [    Test worker] c.widehouse.cafe.web.CafeControllerTest  : Starting CafeControllerTest on Kiel-MBP-2.fios-router.home with PID 30607 (started by kiel in /Users/kiel/Development/workspace/cafe/api)
2017-02-21 20:12:26.893 DEBUG 30607 --- [    Test worker] c.widehouse.cafe.web.CafeControllerTest  : Running with Spring Boot v1.5.1.RELEASE, Spring v4.3.6.RELEASE
2017-02-21 20:12:26.894  INFO 30607 --- [    Test worker] c.widehouse.cafe.web.CafeControllerTest  : No active profile set, falling back to default profiles: default
2017-02-21 20:12:26.899  INFO 30607 --- [    Test worker] o.s.w.c.s.GenericWebApplicationContext   : Refreshing org.springframework.web.context.support.GenericWebApplicationContext@395bee35: startup date [Tue Feb 21 20:12:26 EST 2017]; root of context hierarchy
2017-02-21 20:12:27.423  INFO 30607 --- [    Test worker] trationDelegate$BeanPostProcessorChecker : Bean 'org.springframework.boot.autoconfigure.validation.ValidationAutoConfiguration' of type [class org.springframework.boot.autoconfigure.validation.ValidationAutoConfiguration] is not eligible for getting processed by all BeanPostProcessors (for example: not eligible for auto-proxying)
2017-02-21 20:12:27.435  INFO 30607 --- [    Test worker] trationDelegate$BeanPostProcessorChecker : Bean 'validator' of type [class org.springframework.validation.beanvalidation.LocalValidatorFactoryBean] is not eligible for getting processed by all BeanPostProcessors (for example: not eligible for auto-proxying)
2017-02-21 20:12:27.674  INFO 30607 --- [    Test worker] s.w.s.m.m.a.RequestMappingHandlerAdapter : Looking for @ControllerAdvice: org.springframework.web.context.support.GenericWebApplicationContext@395bee35: startup date [Tue Feb 21 20:12:26 EST 2017]; root of context hierarchy
2017-02-21 20:12:27.689  INFO 30607 --- [    Test worker] s.w.s.m.m.a.RequestMappingHandlerMapping : Mapped "{[],methods=[GET],params=[id]}" onto public com.widehouse.cafe.domain.cafe.Cafe com.widehouse.cafe.web.CafeController.getCafeById(java.lang.Long)
2017-02-21 20:12:27.690  INFO 30607 --- [    Test worker] s.w.s.m.m.a.RequestMappingHandlerMapping : Mapped "{[/cafes/{cafeUrl}],methods=[GET]}" onto public com.widehouse.cafe.domain.cafe.Cafe com.widehouse.cafe.web.CafeController.getCafeByUrl(java.lang.String)
2017-02-21 20:12:27.691  INFO 30607 --- [    Test worker] s.w.s.m.m.a.RequestMappingHandlerMapping : Mapped "{[/error]}" onto public org.springframework.http.ResponseEntity<java.util.Map<java.lang.String, java.lang.Object>> org.springframework.boot.autoconfigure.web.BasicErrorController.error(javax.servlet.http.HttpServletRequest)
2017-02-21 20:12:27.691  INFO 30607 --- [    Test worker] s.w.s.m.m.a.RequestMappingHandlerMapping : Mapped "{[/error],produces=[text/html]}" onto public org.springframework.web.servlet.ModelAndView org.springframework.boot.autoconfigure.web.BasicErrorController.errorHtml(javax.servlet.http.HttpServletRequest,javax.servlet.http.HttpServletResponse)
2017-02-21 20:12:27.709  INFO 30607 --- [    Test worker] o.s.w.s.handler.SimpleUrlHandlerMapping  : Mapped URL path [/webjars/**] onto handler of type [class org.springframework.web.servlet.resource.ResourceHttpRequestHandler]
2017-02-21 20:12:27.709  INFO 30607 --- [    Test worker] o.s.w.s.handler.SimpleUrlHandlerMapping  : Mapped URL path [/**] onto handler of type [class org.springframework.web.servlet.resource.ResourceHttpRequestHandler]
2017-02-21 20:12:27.739  INFO 30607 --- [    Test worker] o.s.w.s.handler.SimpleUrlHandlerMapping  : Mapped URL path [/**/favicon.ico] onto handler of type [class org.springframework.web.servlet.resource.ResourceHttpRequestHandler]
2017-02-21 20:12:27.798  INFO 30607 --- [    Test worker] o.s.b.t.m.w.SpringBootMockServletContext : Initializing Spring FrameworkServlet ''
2017-02-21 20:12:27.798  INFO 30607 --- [    Test worker] o.s.t.web.servlet.TestDispatcherServlet  : FrameworkServlet '': initialization started
2017-02-21 20:12:27.813  INFO 30607 --- [    Test worker] o.s.t.web.servlet.TestDispatcherServlet  : FrameworkServlet '': initialization completed in 15 ms
2017-02-21 20:12:27.902  INFO 30607 --- [    Test worker] c.widehouse.cafe.web.CafeControllerTest  : Started CafeControllerTest in 1.067 seconds (JVM running for 33.254)
]]></system-out>
  <system-err><![CDATA[]]></system-err>
</testsuite>
