<?xml version="1.0" encoding="UTF-8"?>
<testsuite name="com.widehouse.cafe.web.CategoryControllerTest" tests="3" skipped="0" failures="0" errors="0" timestamp="2017-02-22T01:12:28" hostname="Kiel-MBP-2.fios-router.home" time="0.069">
  <properties/>
  <testcase name="getCategories" classname="com.widehouse.cafe.web.CategoryControllerTest" time="0.012"/>
  <testcase name="getCafesByCategory" classname="com.widehouse.cafe.web.CategoryControllerTest" time="0.035"/>
  <testcase name="getCafesByCategoryWithPaging" classname="com.widehouse.cafe.web.CategoryControllerTest" time="0.018"/>
  <system-out><![CDATA[2017-02-21 20:12:27.961  INFO 30607 --- [    Test worker] .b.t.a.w.s.WebMvcTestContextBootstrapper : Neither @ContextConfiguration nor @ContextHierarchy found for test class [com.widehouse.cafe.web.CategoryControllerTest], using SpringBootContextLoader
2017-02-21 20:12:27.963  INFO 30607 --- [    Test worker] o.s.t.c.support.AbstractContextLoader    : Could not detect default resource locations for test class [com.widehouse.cafe.web.CategoryControllerTest]: no resource found for suffixes {-context.xml, Context.groovy}.
2017-02-21 20:12:27.964  INFO 30607 --- [    Test worker] t.c.s.AnnotationConfigContextLoaderUtils : Could not detect default configuration classes for test class [com.widehouse.cafe.web.CategoryControllerTest]: CategoryControllerTest does not declare any static, non-private, non-final, nested classes annotated with @Configuration.
2017-02-21 20:12:27.971  INFO 30607 --- [    Test worker] .b.t.c.SpringBootTestContextBootstrapper : Found @SpringBootConfiguration com.widehouse.cafe.CafeApplication for test class com.widehouse.cafe.web.CategoryControllerTest
2017-02-21 20:12:27.977  INFO 30607 --- [    Test worker] .b.t.a.w.s.WebMvcTestContextBootstrapper : Loaded default TestExecutionListener class names from location [META-INF/spring.factories]: [org.springframework.boot.test.mock.mockito.MockitoTestExecutionListener, org.springframework.boot.test.mock.mockito.ResetMocksTestExecutionListener, org.springframework.boot.test.autoconfigure.restdocs.RestDocsTestExecutionListener, org.springframework.boot.test.autoconfigure.web.client.MockRestServiceServerResetTestExecutionListener, org.springframework.boot.test.autoconfigure.web.servlet.MockMvcPrintOnlyOnFailureTestExecutionListener, org.springframework.boot.test.autoconfigure.web.servlet.WebDriverTestExecutionListener, org.springframework.test.context.web.ServletTestExecutionListener, org.springframework.test.context.support.DirtiesContextBeforeModesTestExecutionListener, org.springframework.test.context.support.DependencyInjectionTestExecutionListener, org.springframework.test.context.support.DirtiesContextTestExecutionListener, org.springframework.test.context.transaction.TransactionalTestExecutionListener, org.springframework.test.context.jdbc.SqlScriptsTestExecutionListener]
2017-02-21 20:12:27.985  INFO 30607 --- [    Test worker] .b.t.a.w.s.WebMvcTestContextBootstrapper : Using TestExecutionListeners: [org.springframework.test.context.web.ServletTestExecutionListener@f4f10fd, org.springframework.test.context.support.DirtiesContextBeforeModesTestExecutionListener@38c54beb, org.springframework.boot.test.autoconfigure.SpringBootDependencyInjectionTestExecutionListener@7e03874a, org.springframework.test.context.support.DirtiesContextTestExecutionListener@61ef657c, org.springframework.test.context.transaction.TransactionalTestExecutionListener@16d04944, org.springframework.test.context.jdbc.SqlScriptsTestExecutionListener@458c266, org.springframework.boot.test.mock.mockito.MockitoTestExecutionListener@66832c70, org.springframework.boot.test.autoconfigure.restdocs.RestDocsTestExecutionListener@7cdd7159, org.springframework.boot.test.autoconfigure.web.servlet.MockMvcPrintOnlyOnFailureTestExecutionListener@68d38def, org.springframework.boot.test.mock.mockito.ResetMocksTestExecutionListener@2a5a2961, org.springframework.boot.test.autoconfigure.web.client.MockRestServiceServerResetTestExecutionListener@554560f6, org.springframework.boot.test.autoconfigure.web.servlet.WebDriverTestExecutionListener@428594be]

  .   ____          _            __ _ _
 /\\ / ___'_ __ _ _(_)_ __  __ _ \ \ \ \
( ( )\___ | '_ | '_| | '_ \/ _` | \ \ \ \
 \\/  ___)| |_)| | | | | || (_| |  ) ) ) )
  '  |____| .__|_| |_|_| |_\__, | / / / /
 =========|_|==============|___/=/_/_/_/
 :: Spring Boot ::        (v1.5.1.RELEASE)

2017-02-21 20:12:28.068  INFO 30607 --- [    Test worker] c.w.cafe.web.CategoryControllerTest      : Starting CategoryControllerTest on Kiel-MBP-2.fios-router.home with PID 30607 (started by kiel in /Users/kiel/Development/workspace/cafe/api)
2017-02-21 20:12:28.068 DEBUG 30607 --- [    Test worker] c.w.cafe.web.CategoryControllerTest      : Running with Spring Boot v1.5.1.RELEASE, Spring v4.3.6.RELEASE
2017-02-21 20:12:28.068  INFO 30607 --- [    Test worker] c.w.cafe.web.CategoryControllerTest      : No active profile set, falling back to default profiles: default
2017-02-21 20:12:28.075  INFO 30607 --- [    Test worker] o.s.w.c.s.GenericWebApplicationContext   : Refreshing org.springframework.web.context.support.GenericWebApplicationContext@1c93d716: startup date [Tue Feb 21 20:12:28 EST 2017]; root of context hierarchy
2017-02-21 20:12:28.368  INFO 30607 --- [    Test worker] trationDelegate$BeanPostProcessorChecker : Bean 'org.springframework.boot.autoconfigure.validation.ValidationAutoConfiguration' of type [class org.springframework.boot.autoconfigure.validation.ValidationAutoConfiguration] is not eligible for getting processed by all BeanPostProcessors (for example: not eligible for auto-proxying)
2017-02-21 20:12:28.378  INFO 30607 --- [    Test worker] trationDelegate$BeanPostProcessorChecker : Bean 'validator' of type [class org.springframework.validation.beanvalidation.LocalValidatorFactoryBean] is not eligible for getting processed by all BeanPostProcessors (for example: not eligible for auto-proxying)
2017-02-21 20:12:28.602  INFO 30607 --- [    Test worker] s.w.s.m.m.a.RequestMappingHandlerAdapter : Looking for @ControllerAdvice: org.springframework.web.context.support.GenericWebApplicationContext@1c93d716: startup date [Tue Feb 21 20:12:28 EST 2017]; root of context hierarchy
2017-02-21 20:12:28.615  INFO 30607 --- [    Test worker] s.w.s.m.m.a.RequestMappingHandlerMapping : Mapped "{[/categories],methods=[GET]}" onto public java.util.List<com.widehouse.cafe.domain.cafe.Category> com.widehouse.cafe.web.CategoryController.getCategories()
2017-02-21 20:12:28.616  INFO 30607 --- [    Test worker] s.w.s.m.m.a.RequestMappingHandlerMapping : Mapped "{[/categories/{categoryId}/cafes],methods=[GET]}" onto public java.util.List<com.widehouse.cafe.domain.cafe.Cafe> com.widehouse.cafe.web.CategoryController.getCafesByCategory(java.lang.Long,org.springframework.data.domain.Pageable)
2017-02-21 20:12:28.621  INFO 30607 --- [    Test worker] s.w.s.m.m.a.RequestMappingHandlerMapping : Mapped "{[/error]}" onto public org.springframework.http.ResponseEntity<java.util.Map<java.lang.String, java.lang.Object>> org.springframework.boot.autoconfigure.web.BasicErrorController.error(javax.servlet.http.HttpServletRequest)
2017-02-21 20:12:28.621  INFO 30607 --- [    Test worker] s.w.s.m.m.a.RequestMappingHandlerMapping : Mapped "{[/error],produces=[text/html]}" onto public org.springframework.web.servlet.ModelAndView org.springframework.boot.autoconfigure.web.BasicErrorController.errorHtml(javax.servlet.http.HttpServletRequest,javax.servlet.http.HttpServletResponse)
2017-02-21 20:12:28.639  INFO 30607 --- [    Test worker] o.s.w.s.handler.SimpleUrlHandlerMapping  : Mapped URL path [/webjars/**] onto handler of type [class org.springframework.web.servlet.resource.ResourceHttpRequestHandler]
2017-02-21 20:12:28.640  INFO 30607 --- [    Test worker] o.s.w.s.handler.SimpleUrlHandlerMapping  : Mapped URL path [/**] onto handler of type [class org.springframework.web.servlet.resource.ResourceHttpRequestHandler]
2017-02-21 20:12:28.672  INFO 30607 --- [    Test worker] o.s.w.s.handler.SimpleUrlHandlerMapping  : Mapped URL path [/**/favicon.ico] onto handler of type [class org.springframework.web.servlet.resource.ResourceHttpRequestHandler]
2017-02-21 20:12:28.728  INFO 30607 --- [    Test worker] o.s.b.t.m.w.SpringBootMockServletContext : Initializing Spring FrameworkServlet ''
2017-02-21 20:12:28.728  INFO 30607 --- [    Test worker] o.s.t.web.servlet.TestDispatcherServlet  : FrameworkServlet '': initialization started
2017-02-21 20:12:28.734  INFO 30607 --- [    Test worker] o.s.t.web.servlet.TestDispatcherServlet  : FrameworkServlet '': initialization completed in 6 ms
2017-02-21 20:12:28.804  INFO 30607 --- [    Test worker] c.w.cafe.web.CategoryControllerTest      : Started CategoryControllerTest in 0.794 seconds (JVM running for 34.156)
]]></system-out>
  <system-err><![CDATA[]]></system-err>
</testsuite>
