<?xml version="1.0" encoding="UTF-8"?>
<testsuite name="com.widehouse.cafe.web.ArticleControllerTest" tests="2" skipped="0" failures="0" errors="0" timestamp="2017-02-22T01:12:26" hostname="Kiel-MBP-2.fios-router.home" time="0.67">
  <properties/>
  <testcase name="getArticlesByBoard_Should_ListArticles" classname="com.widehouse.cafe.web.ArticleControllerTest" time="0.64"/>
  <testcase name="getArticlesByCafe_Should_ListArticles" classname="com.widehouse.cafe.web.ArticleControllerTest" time="0.027"/>
  <system-out><![CDATA[2017-02-21 20:12:24.969  INFO 30607 --- [    Test worker] .b.t.a.w.s.WebMvcTestContextBootstrapper : Neither @ContextConfiguration nor @ContextHierarchy found for test class [com.widehouse.cafe.web.ArticleControllerTest], using SpringBootContextLoader
2017-02-21 20:12:24.970  INFO 30607 --- [    Test worker] o.s.t.c.support.AbstractContextLoader    : Could not detect default resource locations for test class [com.widehouse.cafe.web.ArticleControllerTest]: no resource found for suffixes {-context.xml, Context.groovy}.
2017-02-21 20:12:24.971  INFO 30607 --- [    Test worker] t.c.s.AnnotationConfigContextLoaderUtils : Could not detect default configuration classes for test class [com.widehouse.cafe.web.ArticleControllerTest]: ArticleControllerTest does not declare any static, non-private, non-final, nested classes annotated with @Configuration.
2017-02-21 20:12:25.013  INFO 30607 --- [    Test worker] .b.t.c.SpringBootTestContextBootstrapper : Found @SpringBootConfiguration com.widehouse.cafe.CafeApplication for test class com.widehouse.cafe.web.ArticleControllerTest
2017-02-21 20:12:25.016  INFO 30607 --- [    Test worker] .b.t.a.w.s.WebMvcTestContextBootstrapper : Loaded default TestExecutionListener class names from location [META-INF/spring.factories]: [org.springframework.boot.test.mock.mockito.MockitoTestExecutionListener, org.springframework.boot.test.mock.mockito.ResetMocksTestExecutionListener, org.springframework.boot.test.autoconfigure.restdocs.RestDocsTestExecutionListener, org.springframework.boot.test.autoconfigure.web.client.MockRestServiceServerResetTestExecutionListener, org.springframework.boot.test.autoconfigure.web.servlet.MockMvcPrintOnlyOnFailureTestExecutionListener, org.springframework.boot.test.autoconfigure.web.servlet.WebDriverTestExecutionListener, org.springframework.test.context.web.ServletTestExecutionListener, org.springframework.test.context.support.DirtiesContextBeforeModesTestExecutionListener, org.springframework.test.context.support.DependencyInjectionTestExecutionListener, org.springframework.test.context.support.DirtiesContextTestExecutionListener, org.springframework.test.context.transaction.TransactionalTestExecutionListener, org.springframework.test.context.jdbc.SqlScriptsTestExecutionListener]
2017-02-21 20:12:25.018  INFO 30607 --- [    Test worker] .b.t.a.w.s.WebMvcTestContextBootstrapper : Using TestExecutionListeners: [org.springframework.test.context.web.ServletTestExecutionListener@7f6f97ad, org.springframework.test.context.support.DirtiesContextBeforeModesTestExecutionListener@496be5cf, org.springframework.boot.test.autoconfigure.SpringBootDependencyInjectionTestExecutionListener@5d52b3e9, org.springframework.test.context.support.DirtiesContextTestExecutionListener@3ad85cc1, org.springframework.test.context.transaction.TransactionalTestExecutionListener@390966c8, org.springframework.test.context.jdbc.SqlScriptsTestExecutionListener@2f5aa9bb, org.springframework.boot.test.mock.mockito.MockitoTestExecutionListener@675f8a42, org.springframework.boot.test.autoconfigure.restdocs.RestDocsTestExecutionListener@1f19ec3c, org.springframework.boot.test.autoconfigure.web.servlet.MockMvcPrintOnlyOnFailureTestExecutionListener@6dd4f631, org.springframework.boot.test.mock.mockito.ResetMocksTestExecutionListener@17b98d41, org.springframework.boot.test.autoconfigure.web.client.MockRestServiceServerResetTestExecutionListener@c2f086e, org.springframework.boot.test.autoconfigure.web.servlet.WebDriverTestExecutionListener@5c877ddb]

  .   ____          _            __ _ _
 /\\ / ___'_ __ _ _(_)_ __  __ _ \ \ \ \
( ( )\___ | '_ | '_| | '_ \/ _` | \ \ \ \
 \\/  ___)| |_)| | | | | || (_| |  ) ) ) )
  '  |____| .__|_| |_|_| |_\__, | / / / /
 =========|_|==============|___/=/_/_/_/
 :: Spring Boot ::        (v1.5.1.RELEASE)

2017-02-21 20:12:25.087  INFO 30607 --- [    Test worker] c.w.cafe.web.ArticleControllerTest       : Starting ArticleControllerTest on Kiel-MBP-2.fios-router.home with PID 30607 (started by kiel in /Users/kiel/Development/workspace/cafe/api)
2017-02-21 20:12:25.088 DEBUG 30607 --- [    Test worker] c.w.cafe.web.ArticleControllerTest       : Running with Spring Boot v1.5.1.RELEASE, Spring v4.3.6.RELEASE
2017-02-21 20:12:25.088  INFO 30607 --- [    Test worker] c.w.cafe.web.ArticleControllerTest       : No active profile set, falling back to default profiles: default
2017-02-21 20:12:25.093  INFO 30607 --- [    Test worker] o.s.w.c.s.GenericWebApplicationContext   : Refreshing org.springframework.web.context.support.GenericWebApplicationContext@1555af49: startup date [Tue Feb 21 20:12:25 EST 2017]; root of context hierarchy
2017-02-21 20:12:25.567  INFO 30607 --- [    Test worker] trationDelegate$BeanPostProcessorChecker : Bean 'org.springframework.boot.autoconfigure.validation.ValidationAutoConfiguration' of type [class org.springframework.boot.autoconfigure.validation.ValidationAutoConfiguration] is not eligible for getting processed by all BeanPostProcessors (for example: not eligible for auto-proxying)
2017-02-21 20:12:25.587  INFO 30607 --- [    Test worker] trationDelegate$BeanPostProcessorChecker : Bean 'validator' of type [class org.springframework.validation.beanvalidation.LocalValidatorFactoryBean] is not eligible for getting processed by all BeanPostProcessors (for example: not eligible for auto-proxying)
2017-02-21 20:12:25.769  INFO 30607 --- [    Test worker] s.w.s.m.m.a.RequestMappingHandlerAdapter : Looking for @ControllerAdvice: org.springframework.web.context.support.GenericWebApplicationContext@1555af49: startup date [Tue Feb 21 20:12:25 EST 2017]; root of context hierarchy
2017-02-21 20:12:25.784  INFO 30607 --- [    Test worker] s.w.s.m.m.a.RequestMappingHandlerMapping : Mapped "{[/cafes/{cafeUrl}/articles],methods=[GET],params=[page && size]}" onto public java.util.List<com.widehouse.cafe.domain.article.Article> com.widehouse.cafe.web.ArticleController.getArticlesByCafe(java.lang.String,int,int)
2017-02-21 20:12:25.784  INFO 30607 --- [    Test worker] s.w.s.m.m.a.RequestMappingHandlerMapping : Mapped "{[/cafes/{cafeUrl}/boards/{boardId}/articles],methods=[GET],params=[page && size]}" onto public java.util.List<com.widehouse.cafe.domain.article.Article> com.widehouse.cafe.web.ArticleController.getArticlesByCafe(java.lang.String,java.lang.Long,int,int)
2017-02-21 20:12:25.786  INFO 30607 --- [    Test worker] s.w.s.m.m.a.RequestMappingHandlerMapping : Mapped "{[/error]}" onto public org.springframework.http.ResponseEntity<java.util.Map<java.lang.String, java.lang.Object>> org.springframework.boot.autoconfigure.web.BasicErrorController.error(javax.servlet.http.HttpServletRequest)
2017-02-21 20:12:25.787  INFO 30607 --- [    Test worker] s.w.s.m.m.a.RequestMappingHandlerMapping : Mapped "{[/error],produces=[text/html]}" onto public org.springframework.web.servlet.ModelAndView org.springframework.boot.autoconfigure.web.BasicErrorController.errorHtml(javax.servlet.http.HttpServletRequest,javax.servlet.http.HttpServletResponse)
2017-02-21 20:12:25.810  INFO 30607 --- [    Test worker] o.s.w.s.handler.SimpleUrlHandlerMapping  : Mapped URL path [/webjars/**] onto handler of type [class org.springframework.web.servlet.resource.ResourceHttpRequestHandler]
2017-02-21 20:12:25.810  INFO 30607 --- [    Test worker] o.s.w.s.handler.SimpleUrlHandlerMapping  : Mapped URL path [/**] onto handler of type [class org.springframework.web.servlet.resource.ResourceHttpRequestHandler]
2017-02-21 20:12:25.837  INFO 30607 --- [    Test worker] o.s.w.s.handler.SimpleUrlHandlerMapping  : Mapped URL path [/**/favicon.ico] onto handler of type [class org.springframework.web.servlet.resource.ResourceHttpRequestHandler]
2017-02-21 20:12:25.952  INFO 30607 --- [    Test worker] o.s.b.t.m.w.SpringBootMockServletContext : Initializing Spring FrameworkServlet ''
2017-02-21 20:12:25.952  INFO 30607 --- [    Test worker] o.s.t.web.servlet.TestDispatcherServlet  : FrameworkServlet '': initialization started
2017-02-21 20:12:25.994  INFO 30607 --- [    Test worker] o.s.t.web.servlet.TestDispatcherServlet  : FrameworkServlet '': initialization completed in 42 ms
2017-02-21 20:12:26.113  INFO 30607 --- [    Test worker] c.w.cafe.web.ArticleControllerTest       : Started ArticleControllerTest in 1.088 seconds (JVM running for 31.466)
]]></system-out>
  <system-err><![CDATA[]]></system-err>
</testsuite>
