<?xml version="1.0" encoding="UTF-8"?>
<testsuite name="com.widehouse.cafe.service.CommentServiceTest" tests="7" skipped="0" failures="0" errors="0" timestamp="2017-02-22T01:12:23" hostname="Kiel-MBP-2.fios-router.home" time="0.081">
  <properties/>
  <testcase name="modifyComment_should_update_comment" classname="com.widehouse.cafe.service.CommentServiceTest" time="0.012"/>
  <testcase name="DeleteCommentByCmmenter_Should_Success_DecreaseCafeCommentCount_DecreaseArticleCommentCount" classname="com.widehouse.cafe.service.CommentServiceTest" time="0.01"/>
  <testcase name="deleteCommentByCafeManager_Should_Success_DecreaseCommentCount" classname="com.widehouse.cafe.service.CommentServiceTest" time="0.008"/>
  <testcase name="deleteCommentByNotCafeManagerNorNotCommenter_Throw_NoAuthorityException" classname="com.widehouse.cafe.service.CommentServiceTest" time="0.016"/>
  <testcase name="writeComment_by_not_cafemember_thorws_NoAuthorityException" classname="com.widehouse.cafe.service.CommentServiceTest" time="0.011"/>
  <testcase name="writeComment_Should_CreateComment_IncreaseCafeCommentCount_IncreaseArticleCommentCount" classname="com.widehouse.cafe.service.CommentServiceTest" time="0.006"/>
  <testcase name="modifyComment_by_not_commenter_throw_NoAuthorityException" classname="com.widehouse.cafe.service.CommentServiceTest" time="0.007"/>
  <system-out><![CDATA[2017-02-21 20:12:21.646  INFO 30607 --- [    Test worker] .b.t.c.SpringBootTestContextBootstrapper : Neither @ContextConfiguration nor @ContextHierarchy found for test class [com.widehouse.cafe.service.CommentServiceTest], using SpringBootContextLoader
2017-02-21 20:12:21.650  INFO 30607 --- [    Test worker] o.s.t.c.support.AbstractContextLoader    : Could not detect default resource locations for test class [com.widehouse.cafe.service.CommentServiceTest]: no resource found for suffixes {-context.xml, Context.groovy}.
2017-02-21 20:12:21.651  INFO 30607 --- [    Test worker] t.c.s.AnnotationConfigContextLoaderUtils : Could not detect default configuration classes for test class [com.widehouse.cafe.service.CommentServiceTest]: CommentServiceTest does not declare any static, non-private, non-final, nested classes annotated with @Configuration.
2017-02-21 20:12:21.659  INFO 30607 --- [    Test worker] .b.t.c.SpringBootTestContextBootstrapper : Found @SpringBootConfiguration com.widehouse.cafe.CafeApplication for test class com.widehouse.cafe.service.CommentServiceTest
2017-02-21 20:12:21.662  INFO 30607 --- [    Test worker] .b.t.c.SpringBootTestContextBootstrapper : Loaded default TestExecutionListener class names from location [META-INF/spring.factories]: [org.springframework.boot.test.mock.mockito.MockitoTestExecutionListener, org.springframework.boot.test.mock.mockito.ResetMocksTestExecutionListener, org.springframework.boot.test.autoconfigure.restdocs.RestDocsTestExecutionListener, org.springframework.boot.test.autoconfigure.web.client.MockRestServiceServerResetTestExecutionListener, org.springframework.boot.test.autoconfigure.web.servlet.MockMvcPrintOnlyOnFailureTestExecutionListener, org.springframework.boot.test.autoconfigure.web.servlet.WebDriverTestExecutionListener, org.springframework.test.context.web.ServletTestExecutionListener, org.springframework.test.context.support.DirtiesContextBeforeModesTestExecutionListener, org.springframework.test.context.support.DependencyInjectionTestExecutionListener, org.springframework.test.context.support.DirtiesContextTestExecutionListener, org.springframework.test.context.transaction.TransactionalTestExecutionListener, org.springframework.test.context.jdbc.SqlScriptsTestExecutionListener]
2017-02-21 20:12:21.665  INFO 30607 --- [    Test worker] .b.t.c.SpringBootTestContextBootstrapper : Using TestExecutionListeners: [org.springframework.test.context.web.ServletTestExecutionListener@2cc5b564, org.springframework.test.context.support.DirtiesContextBeforeModesTestExecutionListener@506ebf76, org.springframework.boot.test.autoconfigure.SpringBootDependencyInjectionTestExecutionListener@3db0cc9c, org.springframework.test.context.support.DirtiesContextTestExecutionListener@544239c3, org.springframework.test.context.transaction.TransactionalTestExecutionListener@55add8ba, org.springframework.test.context.jdbc.SqlScriptsTestExecutionListener@701d4876, org.springframework.boot.test.mock.mockito.MockitoTestExecutionListener@4bf2bec5, org.springframework.boot.test.autoconfigure.restdocs.RestDocsTestExecutionListener@ebb1a59, org.springframework.boot.test.autoconfigure.web.servlet.MockMvcPrintOnlyOnFailureTestExecutionListener@35e86b3c, org.springframework.boot.test.mock.mockito.ResetMocksTestExecutionListener@2f2cdb0f, org.springframework.boot.test.autoconfigure.web.client.MockRestServiceServerResetTestExecutionListener@71f64cb9, org.springframework.boot.test.autoconfigure.web.servlet.WebDriverTestExecutionListener@27c9e90c]

  .   ____          _            __ _ _
 /\\ / ___'_ __ _ _(_)_ __  __ _ \ \ \ \
( ( )\___ | '_ | '_| | '_ \/ _` | \ \ \ \
 \\/  ___)| |_)| | | | | || (_| |  ) ) ) )
  '  |____| .__|_| |_|_| |_\__, | / / / /
 =========|_|==============|___/=/_/_/_/
 :: Spring Boot ::        (v1.5.1.RELEASE)

2017-02-21 20:12:21.794  INFO 30607 --- [    Test worker] c.w.cafe.service.CommentServiceTest      : Starting CommentServiceTest on Kiel-MBP-2.fios-router.home with PID 30607 (started by kiel in /Users/kiel/Development/workspace/cafe/api)
2017-02-21 20:12:21.794 DEBUG 30607 --- [    Test worker] c.w.cafe.service.CommentServiceTest      : Running with Spring Boot v1.5.1.RELEASE, Spring v4.3.6.RELEASE
2017-02-21 20:12:21.794  INFO 30607 --- [    Test worker] c.w.cafe.service.CommentServiceTest      : No active profile set, falling back to default profiles: default
2017-02-21 20:12:21.800  INFO 30607 --- [    Test worker] o.s.w.c.s.GenericWebApplicationContext   : Refreshing org.springframework.web.context.support.GenericWebApplicationContext@1836aa3a: startup date [Tue Feb 21 20:12:21 EST 2017]; root of context hierarchy
2017-02-21 20:12:22.245  INFO 30607 --- [    Test worker] trationDelegate$BeanPostProcessorChecker : Bean 'org.springframework.boot.autoconfigure.validation.ValidationAutoConfiguration' of type [class org.springframework.boot.autoconfigure.validation.ValidationAutoConfiguration] is not eligible for getting processed by all BeanPostProcessors (for example: not eligible for auto-proxying)
2017-02-21 20:12:22.256  INFO 30607 --- [    Test worker] trationDelegate$BeanPostProcessorChecker : Bean 'validator' of type [class org.springframework.validation.beanvalidation.LocalValidatorFactoryBean] is not eligible for getting processed by all BeanPostProcessors (for example: not eligible for auto-proxying)
2017-02-21 20:12:22.270  INFO 30607 --- [    Test worker] trationDelegate$BeanPostProcessorChecker : Bean 'org.springframework.transaction.annotation.ProxyTransactionManagementConfiguration' of type [class org.springframework.transaction.annotation.ProxyTransactionManagementConfiguration$$EnhancerBySpringCGLIB$$707f6646] is not eligible for getting processed by all BeanPostProcessors (for example: not eligible for auto-proxying)
2017-02-21 20:12:22.480  INFO 30607 --- [    Test worker] j.LocalContainerEntityManagerFactoryBean : Building JPA container EntityManagerFactory for persistence unit 'default'
2017-02-21 20:12:22.480  INFO 30607 --- [    Test worker] o.hibernate.jpa.internal.util.LogHelper  : HHH000204: Processing PersistenceUnitInfo [
	name: default
	...]
2017-02-21 20:12:22.489  INFO 30607 --- [    Test worker] org.hibernate.dialect.Dialect            : HHH000400: Using dialect: org.hibernate.dialect.MySQLDialect
2017-02-21 20:12:22.523  INFO 30607 --- [    Test worker] org.hibernate.tuple.PojoInstantiator     : HHH000182: No default (no-argument) constructor for class: com.widehouse.cafe.domain.cafemember.CafeMember (class must be instantiated by Interceptor)
2017-02-21 20:12:22.551  INFO 30607 --- [    Test worker] org.hibernate.tuple.PojoInstantiator     : HHH000182: No default (no-argument) constructor for class: com.widehouse.cafe.domain.cafemember.CafeMember (class must be instantiated by Interceptor)
2017-02-21 20:12:22.552  INFO 30607 --- [    Test worker] org.hibernate.tuple.PojoInstantiator     : HHH000182: No default (no-argument) constructor for class: com.widehouse.cafe.domain.cafemember.CafeMember (class must be instantiated by Interceptor)
2017-02-21 20:12:22.552  INFO 30607 --- [    Test worker] org.hibernate.tuple.PojoInstantiator     : HHH000182: No default (no-argument) constructor for class: com.widehouse.cafe.domain.cafemember.CafeMember (class must be instantiated by Interceptor)
2017-02-21 20:12:22.553  INFO 30607 --- [    Test worker] org.hibernate.tuple.PojoInstantiator     : HHH000182: No default (no-argument) constructor for class: com.widehouse.cafe.domain.cafemember.CafeMember (class must be instantiated by Interceptor)
2017-02-21 20:12:22.554  INFO 30607 --- [    Test worker] org.hibernate.tuple.PojoInstantiator     : HHH000182: No default (no-argument) constructor for class: com.widehouse.cafe.domain.cafemember.CafeMember (class must be instantiated by Interceptor)
2017-02-21 20:12:22.555  INFO 30607 --- [    Test worker] org.hibernate.tuple.PojoInstantiator     : HHH000182: No default (no-argument) constructor for class: com.widehouse.cafe.domain.cafemember.CafeMember (class must be instantiated by Interceptor)
2017-02-21 20:12:22.593  INFO 30607 --- [    Test worker] org.hibernate.tool.hbm2ddl.SchemaExport  : HHH000227: Running hbm2ddl schema export
Hibernate: 
    alter table article 
        drop 
        foreign key FK2y7w132xb5xp1aiouig87aqjo
Hibernate: 
    alter table article 
        drop 
        foreign key FK5f6cq4n0pw2m9qjvsggq0g8n3
Hibernate: 
    alter table article 
        drop 
        foreign key FKnb2hbmy476nrjmhb5qa2j3gxl
Hibernate: 
    alter table board 
        drop 
        foreign key FKb4mbnyvplmrnhrowpmh68vygy
Hibernate: 
    alter table cafe 
        drop 
        foreign key FK3ogxcjbcw5u4wq5vxswp1q5mw
Hibernate: 
    alter table cafe_member 
        drop 
        foreign key FK6wfe3rrg8veu24j9flwp6av7p
Hibernate: 
    alter table cafe_member 
        drop 
        foreign key FKp4vtm2u9e6j1kjkvm7amp2h60
Hibernate: 
    alter table comment 
        drop 
        foreign key FK5yx0uphgjc6ik6hb82kkw501y
Hibernate: 
    alter table comment 
        drop 
        foreign key FKkkdf3y7qctevtw918afg82uw7
Hibernate: 
    drop table if exists article
Hibernate: 
    drop table if exists board
Hibernate: 
    drop table if exists cafe
Hibernate: 
    drop table if exists cafe_member
Hibernate: 
    drop table if exists category
Hibernate: 
    drop table if exists comment
Hibernate: 
    drop table if exists member
Hibernate: 
    create table article (
        id bigint not null auto_increment,
        comment_count integer not null,
        content longtext,
        create_date_time datetime,
        title longtext,
        update_date_time datetime,
        board_id bigint,
        cafe_id bigint,
        writer_id bigint,
        primary key (id)
    )
Hibernate: 
    create table board (
        id bigint not null auto_increment,
        list_order integer not null check (list_order>=1),
        name varchar(50),
        cafe_id bigint,
        primary key (id)
    )
Hibernate: 
    create table cafe (
        id bigint not null auto_increment,
        create_date_time datetime,
        description longtext,
        name varchar(100),
        cafe_article_count bigint,
        cafe_comment_count bigint,
        cafe_member_count bigint,
        cafe_visit_count bigint,
        url varchar(30),
        visibility integer not null,
        category_id bigint,
        primary key (id)
    )
Hibernate: 
    create table cafe_member (
        join_date datetime,
        role integer,
        member_id bigint not null,
        cafe_id bigint not null,
        primary key (cafe_id, member_id)
    )
Hibernate: 
    create table category (
        id bigint not null auto_increment,
        create_date_time datetime,
        list_order integer not null,
        name varchar(255),
        primary key (id)
    )
Hibernate: 
    create table comment (
        id bigint not null auto_increment,
        comment longtext,
        create_date_time datetime,
        update_date_time datetime,
        article_id bigint,
        commenter_id bigint,
        primary key (id)
    )
Hibernate: 
    create table member (
        id bigint not null auto_increment,
        nickname varchar(30),
        primary key (id)
    )
Hibernate: 
    alter table cafe 
        add constraint UKit98p4n4mjd3i1642wipaufan unique (url)
Hibernate: 
    alter table article 
        add constraint FK2y7w132xb5xp1aiouig87aqjo 
        foreign key (board_id) 
        references board (id)
Hibernate: 
    alter table article 
        add constraint FK5f6cq4n0pw2m9qjvsggq0g8n3 
        foreign key (cafe_id) 
        references cafe (id)
Hibernate: 
    alter table article 
        add constraint FKnb2hbmy476nrjmhb5qa2j3gxl 
        foreign key (writer_id) 
        references member (id)
Hibernate: 
    alter table board 
        add constraint FKb4mbnyvplmrnhrowpmh68vygy 
        foreign key (cafe_id) 
        references cafe (id)
Hibernate: 
    alter table cafe 
        add constraint FK3ogxcjbcw5u4wq5vxswp1q5mw 
        foreign key (category_id) 
        references category (id)
Hibernate: 
    alter table cafe_member 
        add constraint FK6wfe3rrg8veu24j9flwp6av7p 
        foreign key (member_id) 
        references member (id)
Hibernate: 
    alter table cafe_member 
        add constraint FKp4vtm2u9e6j1kjkvm7amp2h60 
        foreign key (cafe_id) 
        references cafe (id)
Hibernate: 
    alter table comment 
        add constraint FK5yx0uphgjc6ik6hb82kkw501y 
        foreign key (article_id) 
        references article (id)
Hibernate: 
    alter table comment 
        add constraint FKkkdf3y7qctevtw918afg82uw7 
        foreign key (commenter_id) 
        references member (id)
2017-02-21 20:12:22.629  INFO 30607 --- [    Test worker] org.hibernate.tool.hbm2ddl.SchemaExport  : HHH000230: Schema export complete
2017-02-21 20:12:22.637  WARN 30607 --- [    Test worker] o.h.j.i.EntityManagerFactoryRegistry     : HHH000436: Entity manager factory name (default) is already registered.  If entity manager will be clustered or passivated, specify a unique value for property 'hibernate.ejb.entitymanager_factory_name'
2017-02-21 20:12:22.637  INFO 30607 --- [    Test worker] j.LocalContainerEntityManagerFactoryBean : Initialized JPA EntityManagerFactory for persistence unit 'default'
2017-02-21 20:12:22.664  INFO 30607 --- [    Test worker] o.s.jdbc.datasource.init.ScriptUtils     : Executing SQL script from URL [file:/Users/kiel/Development/workspace/cafe/api/build/resources/main/data.sql]
2017-02-21 20:12:22.666  INFO 30607 --- [    Test worker] o.s.jdbc.datasource.init.ScriptUtils     : Executed SQL script from URL [file:/Users/kiel/Development/workspace/cafe/api/build/resources/main/data.sql] in 2 ms.
2017-02-21 20:12:22.712  INFO 30607 --- [    Test worker] o.h.h.i.QueryTranslatorFactoryInitiator  : HHH000397: Using ASTQueryTranslatorFactory
2017-02-21 20:12:23.005  INFO 30607 --- [    Test worker] s.w.s.m.m.a.RequestMappingHandlerAdapter : Looking for @ControllerAdvice: org.springframework.web.context.support.GenericWebApplicationContext@1836aa3a: startup date [Tue Feb 21 20:12:21 EST 2017]; root of context hierarchy
2017-02-21 20:12:23.031  INFO 30607 --- [    Test worker] s.w.s.m.m.a.RequestMappingHandlerMapping : Mapped "{[/cafes/{cafeUrl}/articles],methods=[GET],params=[page && size]}" onto public java.util.List<com.widehouse.cafe.domain.article.Article> com.widehouse.cafe.web.ArticleController.getArticlesByCafe(java.lang.String,int,int)
2017-02-21 20:12:23.031  INFO 30607 --- [    Test worker] s.w.s.m.m.a.RequestMappingHandlerMapping : Mapped "{[/cafes/{cafeUrl}/boards/{boardId}/articles],methods=[GET],params=[page && size]}" onto public java.util.List<com.widehouse.cafe.domain.article.Article> com.widehouse.cafe.web.ArticleController.getArticlesByCafe(java.lang.String,java.lang.Long,int,int)
2017-02-21 20:12:23.032  INFO 30607 --- [    Test worker] s.w.s.m.m.a.RequestMappingHandlerMapping : Mapped "{[],methods=[GET],params=[id]}" onto public com.widehouse.cafe.domain.cafe.Cafe com.widehouse.cafe.web.CafeController.getCafeById(java.lang.Long)
2017-02-21 20:12:23.033  INFO 30607 --- [    Test worker] s.w.s.m.m.a.RequestMappingHandlerMapping : Mapped "{[/cafes/{cafeUrl}],methods=[GET]}" onto public com.widehouse.cafe.domain.cafe.Cafe com.widehouse.cafe.web.CafeController.getCafeByUrl(java.lang.String)
2017-02-21 20:12:23.034  INFO 30607 --- [    Test worker] s.w.s.m.m.a.RequestMappingHandlerMapping : Mapped "{[/categories],methods=[GET]}" onto public java.util.List<com.widehouse.cafe.domain.cafe.Category> com.widehouse.cafe.web.CategoryController.getCategories()
2017-02-21 20:12:23.035  INFO 30607 --- [    Test worker] s.w.s.m.m.a.RequestMappingHandlerMapping : Mapped "{[/categories/{categoryId}/cafes],methods=[GET]}" onto public java.util.List<com.widehouse.cafe.domain.cafe.Cafe> com.widehouse.cafe.web.CategoryController.getCafesByCategory(java.lang.Long,org.springframework.data.domain.Pageable)
2017-02-21 20:12:23.037  INFO 30607 --- [    Test worker] s.w.s.m.m.a.RequestMappingHandlerMapping : Mapped "{[/articles/{articleId}/comments],methods=[POST]}" onto public com.widehouse.cafe.domain.article.Comment com.widehouse.cafe.web.CommentController.write(java.lang.Long,com.widehouse.cafe.domain.article.Comment)
2017-02-21 20:12:23.038  INFO 30607 --- [    Test worker] s.w.s.m.m.a.RequestMappingHandlerMapping : Mapped "{[/articles/{articleId}/comments],methods=[GET],params=[page && size]}" onto public java.util.List<com.widehouse.cafe.domain.article.Comment> com.widehouse.cafe.web.CommentController.getComments(java.lang.Long,int,int)
2017-02-21 20:12:23.039  INFO 30607 --- [    Test worker] s.w.s.m.m.a.RequestMappingHandlerMapping : Mapped "{[/members/{memberId}/cafes],methods=[GET]}" onto public java.util.List<com.widehouse.cafe.domain.cafe.Cafe> com.widehouse.cafe.web.MemberController.getCafesByMember(java.lang.Long,org.springframework.data.domain.Pageable)
2017-02-21 20:12:23.041  INFO 30607 --- [    Test worker] s.w.s.m.m.a.RequestMappingHandlerMapping : Mapped "{[/error]}" onto public org.springframework.http.ResponseEntity<java.util.Map<java.lang.String, java.lang.Object>> org.springframework.boot.autoconfigure.web.BasicErrorController.error(javax.servlet.http.HttpServletRequest)
2017-02-21 20:12:23.041  INFO 30607 --- [    Test worker] s.w.s.m.m.a.RequestMappingHandlerMapping : Mapped "{[/error],produces=[text/html]}" onto public org.springframework.web.servlet.ModelAndView org.springframework.boot.autoconfigure.web.BasicErrorController.errorHtml(javax.servlet.http.HttpServletRequest,javax.servlet.http.HttpServletResponse)
2017-02-21 20:12:23.069  INFO 30607 --- [    Test worker] o.s.w.s.handler.SimpleUrlHandlerMapping  : Mapped URL path [/webjars/**] onto handler of type [class org.springframework.web.servlet.resource.ResourceHttpRequestHandler]
2017-02-21 20:12:23.069  INFO 30607 --- [    Test worker] o.s.w.s.handler.SimpleUrlHandlerMapping  : Mapped URL path [/**] onto handler of type [class org.springframework.web.servlet.resource.ResourceHttpRequestHandler]
2017-02-21 20:12:23.105  INFO 30607 --- [    Test worker] o.s.w.s.handler.SimpleUrlHandlerMapping  : Mapped URL path [/**/favicon.ico] onto handler of type [class org.springframework.web.servlet.resource.ResourceHttpRequestHandler]
2017-02-21 20:12:23.335  INFO 30607 --- [    Test worker] c.w.cafe.service.CommentServiceTest      : Started CommentServiceTest in 1.662 seconds (JVM running for 28.687)
]]></system-out>
  <system-err><![CDATA[]]></system-err>
</testsuite>
