<?xml version="1.0" encoding="UTF-8"?>
<testsuite name="com.widehouse.cafe.web.CommentControllerTest" tests="3" skipped="0" failures="0" errors="0" timestamp="2017-02-22T01:12:29" hostname="Kiel-MBP-2.fios-router.home" time="0.361">
  <properties/>
  <testcase name="getComments_Should_ListComments" classname="com.widehouse.cafe.web.CommentControllerTest" time="0.05"/>
  <testcase name="write_Should_CreateComment" classname="com.widehouse.cafe.web.CommentControllerTest" time="0.305"/>
  <testcase name="writebyNonCafeMember_Shoul_Fail" classname="com.widehouse.cafe.web.CommentControllerTest" time="0.003"/>
  <system-out><![CDATA[2017-02-21 20:12:28.881  INFO 30607 --- [    Test worker] .b.t.a.w.s.WebMvcTestContextBootstrapper : Neither @ContextConfiguration nor @ContextHierarchy found for test class [com.widehouse.cafe.web.CommentControllerTest], using SpringBootContextLoader
2017-02-21 20:12:28.882  INFO 30607 --- [    Test worker] o.s.t.c.support.AbstractContextLoader    : Could not detect default resource locations for test class [com.widehouse.cafe.web.CommentControllerTest]: no resource found for suffixes {-context.xml, Context.groovy}.
2017-02-21 20:12:28.882  INFO 30607 --- [    Test worker] t.c.s.AnnotationConfigContextLoaderUtils : Could not detect default configuration classes for test class [com.widehouse.cafe.web.CommentControllerTest]: CommentControllerTest does not declare any static, non-private, non-final, nested classes annotated with @Configuration.
2017-02-21 20:12:28.892  INFO 30607 --- [    Test worker] .b.t.c.SpringBootTestContextBootstrapper : Found @SpringBootConfiguration com.widehouse.cafe.CafeApplication for test class com.widehouse.cafe.web.CommentControllerTest
2017-02-21 20:12:28.894  INFO 30607 --- [    Test worker] .b.t.a.w.s.WebMvcTestContextBootstrapper : Loaded default TestExecutionListener class names from location [META-INF/spring.factories]: [org.springframework.boot.test.mock.mockito.MockitoTestExecutionListener, org.springframework.boot.test.mock.mockito.ResetMocksTestExecutionListener, org.springframework.boot.test.autoconfigure.restdocs.RestDocsTestExecutionListener, org.springframework.boot.test.autoconfigure.web.client.MockRestServiceServerResetTestExecutionListener, org.springframework.boot.test.autoconfigure.web.servlet.MockMvcPrintOnlyOnFailureTestExecutionListener, org.springframework.boot.test.autoconfigure.web.servlet.WebDriverTestExecutionListener, org.springframework.test.context.web.ServletTestExecutionListener, org.springframework.test.context.support.DirtiesContextBeforeModesTestExecutionListener, org.springframework.test.context.support.DependencyInjectionTestExecutionListener, org.springframework.test.context.support.DirtiesContextTestExecutionListener, org.springframework.test.context.transaction.TransactionalTestExecutionListener, org.springframework.test.context.jdbc.SqlScriptsTestExecutionListener]
2017-02-21 20:12:28.896  INFO 30607 --- [    Test worker] .b.t.a.w.s.WebMvcTestContextBootstrapper : Using TestExecutionListeners: [org.springframework.test.context.web.ServletTestExecutionListener@3c8b32f6, org.springframework.test.context.support.DirtiesContextBeforeModesTestExecutionListener@26dd1398, org.springframework.boot.test.autoconfigure.SpringBootDependencyInjectionTestExecutionListener@5fe8e467, org.springframework.test.context.support.DirtiesContextTestExecutionListener@586e8381, org.springframework.test.context.transaction.TransactionalTestExecutionListener@3d1716f8, org.springframework.test.context.jdbc.SqlScriptsTestExecutionListener@73188311, org.springframework.boot.test.mock.mockito.MockitoTestExecutionListener@6bcb9ac9, org.springframework.boot.test.autoconfigure.restdocs.RestDocsTestExecutionListener@47956eba, org.springframework.boot.test.autoconfigure.web.servlet.MockMvcPrintOnlyOnFailureTestExecutionListener@42b01066, org.springframework.boot.test.mock.mockito.ResetMocksTestExecutionListener@7507032a, org.springframework.boot.test.autoconfigure.web.client.MockRestServiceServerResetTestExecutionListener@422dc291, org.springframework.boot.test.autoconfigure.web.servlet.WebDriverTestExecutionListener@2e2194d0]

  .   ____          _            __ _ _
 /\\ / ___'_ __ _ _(_)_ __  __ _ \ \ \ \
( ( )\___ | '_ | '_| | '_ \/ _` | \ \ \ \
 \\/  ___)| |_)| | | | | || (_| |  ) ) ) )
  '  |____| .__|_| |_|_| |_\__, | / / / /
 =========|_|==============|___/=/_/_/_/
 :: Spring Boot ::        (v1.5.1.RELEASE)

2017-02-21 20:12:28.944  INFO 30607 --- [    Test worker] c.w.cafe.web.CommentControllerTest       : Starting CommentControllerTest on Kiel-MBP-2.fios-router.home with PID 30607 (started by kiel in /Users/kiel/Development/workspace/cafe/api)
2017-02-21 20:12:28.944 DEBUG 30607 --- [    Test worker] c.w.cafe.web.CommentControllerTest       : Running with Spring Boot v1.5.1.RELEASE, Spring v4.3.6.RELEASE
2017-02-21 20:12:28.944  INFO 30607 --- [    Test worker] c.w.cafe.web.CommentControllerTest       : No active profile set, falling back to default profiles: default
2017-02-21 20:12:28.946  INFO 30607 --- [    Test worker] o.s.w.c.s.GenericWebApplicationContext   : Refreshing org.springframework.web.context.support.GenericWebApplicationContext@2fdcb6c2: startup date [Tue Feb 21 20:12:28 EST 2017]; root of context hierarchy
2017-02-21 20:12:29.434  INFO 30607 --- [    Test worker] trationDelegate$BeanPostProcessorChecker : Bean 'org.springframework.boot.autoconfigure.validation.ValidationAutoConfiguration' of type [class org.springframework.boot.autoconfigure.validation.ValidationAutoConfiguration] is not eligible for getting processed by all BeanPostProcessors (for example: not eligible for auto-proxying)
2017-02-21 20:12:29.449  INFO 30607 --- [    Test worker] trationDelegate$BeanPostProcessorChecker : Bean 'validator' of type [class org.springframework.validation.beanvalidation.LocalValidatorFactoryBean] is not eligible for getting processed by all BeanPostProcessors (for example: not eligible for auto-proxying)
2017-02-21 20:12:29.657  INFO 30607 --- [    Test worker] s.w.s.m.m.a.RequestMappingHandlerAdapter : Looking for @ControllerAdvice: org.springframework.web.context.support.GenericWebApplicationContext@2fdcb6c2: startup date [Tue Feb 21 20:12:28 EST 2017]; root of context hierarchy
2017-02-21 20:12:29.684  INFO 30607 --- [    Test worker] s.w.s.m.m.a.RequestMappingHandlerMapping : Mapped "{[/articles/{articleId}/comments],methods=[POST]}" onto public com.widehouse.cafe.domain.article.Comment com.widehouse.cafe.web.CommentController.write(java.lang.Long,com.widehouse.cafe.domain.article.Comment)
2017-02-21 20:12:29.685  INFO 30607 --- [    Test worker] s.w.s.m.m.a.RequestMappingHandlerMapping : Mapped "{[/articles/{articleId}/comments],methods=[GET],params=[page && size]}" onto public java.util.List<com.widehouse.cafe.domain.article.Comment> com.widehouse.cafe.web.CommentController.getComments(java.lang.Long,int,int)
2017-02-21 20:12:29.687  INFO 30607 --- [    Test worker] s.w.s.m.m.a.RequestMappingHandlerMapping : Mapped "{[/error]}" onto public org.springframework.http.ResponseEntity<java.util.Map<java.lang.String, java.lang.Object>> org.springframework.boot.autoconfigure.web.BasicErrorController.error(javax.servlet.http.HttpServletRequest)
2017-02-21 20:12:29.687  INFO 30607 --- [    Test worker] s.w.s.m.m.a.RequestMappingHandlerMapping : Mapped "{[/error],produces=[text/html]}" onto public org.springframework.web.servlet.ModelAndView org.springframework.boot.autoconfigure.web.BasicErrorController.errorHtml(javax.servlet.http.HttpServletRequest,javax.servlet.http.HttpServletResponse)
2017-02-21 20:12:29.712  INFO 30607 --- [    Test worker] o.s.w.s.handler.SimpleUrlHandlerMapping  : Mapped URL path [/webjars/**] onto handler of type [class org.springframework.web.servlet.resource.ResourceHttpRequestHandler]
2017-02-21 20:12:29.712  INFO 30607 --- [    Test worker] o.s.w.s.handler.SimpleUrlHandlerMapping  : Mapped URL path [/**] onto handler of type [class org.springframework.web.servlet.resource.ResourceHttpRequestHandler]
2017-02-21 20:12:29.763  INFO 30607 --- [    Test worker] o.s.w.s.handler.SimpleUrlHandlerMapping  : Mapped URL path [/**/favicon.ico] onto handler of type [class org.springframework.web.servlet.resource.ResourceHttpRequestHandler]
2017-02-21 20:12:29.852  INFO 30607 --- [    Test worker] o.s.b.t.m.w.SpringBootMockServletContext : Initializing Spring FrameworkServlet ''
2017-02-21 20:12:29.852  INFO 30607 --- [    Test worker] o.s.t.web.servlet.TestDispatcherServlet  : FrameworkServlet '': initialization started
2017-02-21 20:12:29.862  INFO 30607 --- [    Test worker] o.s.t.web.servlet.TestDispatcherServlet  : FrameworkServlet '': initialization completed in 10 ms
2017-02-21 20:12:29.936  INFO 30607 --- [    Test worker] c.w.cafe.web.CommentControllerTest       : Started CommentControllerTest in 1.034 seconds (JVM running for 35.288)
]]></system-out>
  <system-err><![CDATA[]]></system-err>
</testsuite>
