<?xml version="1.0" encoding="UTF-8"?>
<testsuite name="com.widehouse.cafe.domain.cafe.CafeTest" tests="6" skipped="0" failures="0" errors="0" timestamp="2017-02-22T01:12:08" hostname="Kiel-MBP-2.fios-router.home" time="0.021">
  <properties/>
  <testcase name="removeCafeMember_decrease_cafeMember" classname="com.widehouse.cafe.domain.cafe.CafeTest" time="0.001"/>
  <testcase name="isCafeMember_should_true_member_is_cafeMember" classname="com.widehouse.cafe.domain.cafe.CafeTest" time="0.011"/>
  <testcase name="addCafeMember_increase_cafeMemberCount" classname="com.widehouse.cafe.domain.cafe.CafeTest" time="0.0"/>
  <testcase name="createCafe" classname="com.widehouse.cafe.domain.cafe.CafeTest" time="0.0"/>
  <testcase name="updateCafeInfo_should_change_cafeName_description_visibility" classname="com.widehouse.cafe.domain.cafe.CafeTest" time="0.008"/>
  <testcase name="boards_list_by_listOrder" classname="com.widehouse.cafe.domain.cafe.CafeTest" time="0.0"/>
  <system-out><![CDATA[]]></system-out>
  <system-err><![CDATA[]]></system-err>
</testsuite>
