<?xml version="1.0" encoding="UTF-8"?>
<testsuite name="com.widehouse.cafe.service.CafeServiceTest" tests="12" skipped="0" failures="0" errors="0" timestamp="2017-02-22T01:12:19" hostname="Kiel-MBP-2.fios-router.home" time="0.188">
  <properties/>
  <testcase name="changeBoard_should_change_board" classname="com.widehouse.cafe.service.CafeServiceTest" time="0.038"/>
  <testcase name="getCafeById_Should_CafeInfo" classname="com.widehouse.cafe.service.CafeServiceTest" time="0.006"/>
  <testcase name="getCafesByCategory_should_return_cafes_by_category" classname="com.widehouse.cafe.service.CafeServiceTest" time="0.009"/>
  <testcase name="joinMember_existsCafeMember_should_throw_CafeMemberAlreadyExistsException" classname="com.widehouse.cafe.service.CafeServiceTest" time="0.019"/>
  <testcase name="joinMember_increase_cafeMember" classname="com.widehouse.cafe.service.CafeServiceTest" time="0.008"/>
  <testcase name="changeBoard_not_contained_board_do_nothing" classname="com.widehouse.cafe.service.CafeServiceTest" time="0.008"/>
  <testcase name="addBoard_should_attach_board_sort" classname="com.widehouse.cafe.service.CafeServiceTest" time="0.012"/>
  <testcase name="getCafeByUrl_Should_CafeInfo" classname="com.widehouse.cafe.service.CafeServiceTest" time="0.005"/>
  <testcase name="changeBoard_Should_changeBoardsListOrder" classname="com.widehouse.cafe.service.CafeServiceTest" time="0.005"/>
  <testcase name="createCafe_should_create_cafe_and_assign_cafeManager" classname="com.widehouse.cafe.service.CafeServiceTest" time="0.017"/>
  <testcase name="removeBoard_should_detach_and_remove_board_from_cafe" classname="com.widehouse.cafe.service.CafeServiceTest" time="0.007"/>
  <testcase name="addBoard_without_listOrder_should_append_board_with_last_order" classname="com.widehouse.cafe.service.CafeServiceTest" time="0.011"/>
  <system-out><![CDATA[2017-02-21 20:12:16.784  INFO 30607 --- [    Test worker] .b.t.c.SpringBootTestContextBootstrapper : Neither @ContextConfiguration nor @ContextHierarchy found for test class [com.widehouse.cafe.service.CafeServiceTest], using SpringBootContextLoader
2017-02-21 20:12:16.785  INFO 30607 --- [    Test worker] o.s.t.c.support.AbstractContextLoader    : Could not detect default resource locations for test class [com.widehouse.cafe.service.CafeServiceTest]: no resource found for suffixes {-context.xml, Context.groovy}.
2017-02-21 20:12:16.785  INFO 30607 --- [    Test worker] t.c.s.AnnotationConfigContextLoaderUtils : Could not detect default configuration classes for test class [com.widehouse.cafe.service.CafeServiceTest]: CafeServiceTest does not declare any static, non-private, non-final, nested classes annotated with @Configuration.
2017-02-21 20:12:16.789  INFO 30607 --- [    Test worker] .b.t.c.SpringBootTestContextBootstrapper : Found @SpringBootConfiguration com.widehouse.cafe.CafeApplication for test class com.widehouse.cafe.service.CafeServiceTest
2017-02-21 20:12:16.792  INFO 30607 --- [    Test worker] .b.t.c.SpringBootTestContextBootstrapper : Loaded default TestExecutionListener class names from location [META-INF/spring.factories]: [org.springframework.boot.test.mock.mockito.MockitoTestExecutionListener, org.springframework.boot.test.mock.mockito.ResetMocksTestExecutionListener, org.springframework.boot.test.autoconfigure.restdocs.RestDocsTestExecutionListener, org.springframework.boot.test.autoconfigure.web.client.MockRestServiceServerResetTestExecutionListener, org.springframework.boot.test.autoconfigure.web.servlet.MockMvcPrintOnlyOnFailureTestExecutionListener, org.springframework.boot.test.autoconfigure.web.servlet.WebDriverTestExecutionListener, org.springframework.test.context.web.ServletTestExecutionListener, org.springframework.test.context.support.DirtiesContextBeforeModesTestExecutionListener, org.springframework.test.context.support.DependencyInjectionTestExecutionListener, org.springframework.test.context.support.DirtiesContextTestExecutionListener, org.springframework.test.context.transaction.TransactionalTestExecutionListener, org.springframework.test.context.jdbc.SqlScriptsTestExecutionListener]
2017-02-21 20:12:16.795  INFO 30607 --- [    Test worker] .b.t.c.SpringBootTestContextBootstrapper : Using TestExecutionListeners: [org.springframework.test.context.web.ServletTestExecutionListener@44554b36, org.springframework.test.context.support.DirtiesContextBeforeModesTestExecutionListener@4051984, org.springframework.boot.test.autoconfigure.SpringBootDependencyInjectionTestExecutionListener@40a0da9b, org.springframework.test.context.support.DirtiesContextTestExecutionListener@52c9f7ba, org.springframework.test.context.transaction.TransactionalTestExecutionListener@3c2b1a2e, org.springframework.test.context.jdbc.SqlScriptsTestExecutionListener@10ceed16, org.springframework.boot.test.mock.mockito.MockitoTestExecutionListener@567c9996, org.springframework.boot.test.autoconfigure.restdocs.RestDocsTestExecutionListener@4b95d0c4, org.springframework.boot.test.autoconfigure.web.servlet.MockMvcPrintOnlyOnFailureTestExecutionListener@2f0b49f2, org.springframework.boot.test.mock.mockito.ResetMocksTestExecutionListener@48cab758, org.springframework.boot.test.autoconfigure.web.client.MockRestServiceServerResetTestExecutionListener@7a4827fe, org.springframework.boot.test.autoconfigure.web.servlet.WebDriverTestExecutionListener@1fbecb83]

  .   ____          _            __ _ _
 /\\ / ___'_ __ _ _(_)_ __  __ _ \ \ \ \
( ( )\___ | '_ | '_| | '_ \/ _` | \ \ \ \
 \\/  ___)| |_)| | | | | || (_| |  ) ) ) )
  '  |____| .__|_| |_|_| |_\__, | / / / /
 =========|_|==============|___/=/_/_/_/
 :: Spring Boot ::        (v1.5.1.RELEASE)

2017-02-21 20:12:16.926  INFO 30607 --- [    Test worker] c.w.cafe.service.CafeServiceTest         : Starting CafeServiceTest on Kiel-MBP-2.fios-router.home with PID 30607 (started by kiel in /Users/kiel/Development/workspace/cafe/api)
2017-02-21 20:12:16.926 DEBUG 30607 --- [    Test worker] c.w.cafe.service.CafeServiceTest         : Running with Spring Boot v1.5.1.RELEASE, Spring v4.3.6.RELEASE
2017-02-21 20:12:16.927  INFO 30607 --- [    Test worker] c.w.cafe.service.CafeServiceTest         : No active profile set, falling back to default profiles: default
2017-02-21 20:12:16.930  INFO 30607 --- [    Test worker] o.s.w.c.s.GenericWebApplicationContext   : Refreshing org.springframework.web.context.support.GenericWebApplicationContext@7b2be3d2: startup date [Tue Feb 21 20:12:16 EST 2017]; root of context hierarchy
2017-02-21 20:12:17.551  INFO 30607 --- [    Test worker] trationDelegate$BeanPostProcessorChecker : Bean 'org.springframework.boot.autoconfigure.validation.ValidationAutoConfiguration' of type [class org.springframework.boot.autoconfigure.validation.ValidationAutoConfiguration] is not eligible for getting processed by all BeanPostProcessors (for example: not eligible for auto-proxying)
2017-02-21 20:12:17.562  INFO 30607 --- [    Test worker] trationDelegate$BeanPostProcessorChecker : Bean 'validator' of type [class org.springframework.validation.beanvalidation.LocalValidatorFactoryBean] is not eligible for getting processed by all BeanPostProcessors (for example: not eligible for auto-proxying)
2017-02-21 20:12:17.577  INFO 30607 --- [    Test worker] trationDelegate$BeanPostProcessorChecker : Bean 'org.springframework.transaction.annotation.ProxyTransactionManagementConfiguration' of type [class org.springframework.transaction.annotation.ProxyTransactionManagementConfiguration$$EnhancerBySpringCGLIB$$707f6646] is not eligible for getting processed by all BeanPostProcessors (for example: not eligible for auto-proxying)
2017-02-21 20:12:17.912  INFO 30607 --- [    Test worker] j.LocalContainerEntityManagerFactoryBean : Building JPA container EntityManagerFactory for persistence unit 'default'
2017-02-21 20:12:17.912  INFO 30607 --- [    Test worker] o.hibernate.jpa.internal.util.LogHelper  : HHH000204: Processing PersistenceUnitInfo [
	name: default
	...]
2017-02-21 20:12:17.924  INFO 30607 --- [    Test worker] org.hibernate.dialect.Dialect            : HHH000400: Using dialect: org.hibernate.dialect.MySQLDialect
2017-02-21 20:12:17.960  INFO 30607 --- [    Test worker] org.hibernate.tuple.PojoInstantiator     : HHH000182: No default (no-argument) constructor for class: com.widehouse.cafe.domain.cafemember.CafeMember (class must be instantiated by Interceptor)
2017-02-21 20:12:17.987  INFO 30607 --- [    Test worker] org.hibernate.tuple.PojoInstantiator     : HHH000182: No default (no-argument) constructor for class: com.widehouse.cafe.domain.cafemember.CafeMember (class must be instantiated by Interceptor)
2017-02-21 20:12:17.987  INFO 30607 --- [    Test worker] org.hibernate.tuple.PojoInstantiator     : HHH000182: No default (no-argument) constructor for class: com.widehouse.cafe.domain.cafemember.CafeMember (class must be instantiated by Interceptor)
2017-02-21 20:12:17.988  INFO 30607 --- [    Test worker] org.hibernate.tuple.PojoInstantiator     : HHH000182: No default (no-argument) constructor for class: com.widehouse.cafe.domain.cafemember.CafeMember (class must be instantiated by Interceptor)
2017-02-21 20:12:17.989  INFO 30607 --- [    Test worker] org.hibernate.tuple.PojoInstantiator     : HHH000182: No default (no-argument) constructor for class: com.widehouse.cafe.domain.cafemember.CafeMember (class must be instantiated by Interceptor)
2017-02-21 20:12:17.989  INFO 30607 --- [    Test worker] org.hibernate.tuple.PojoInstantiator     : HHH000182: No default (no-argument) constructor for class: com.widehouse.cafe.domain.cafemember.CafeMember (class must be instantiated by Interceptor)
2017-02-21 20:12:17.990  INFO 30607 --- [    Test worker] org.hibernate.tuple.PojoInstantiator     : HHH000182: No default (no-argument) constructor for class: com.widehouse.cafe.domain.cafemember.CafeMember (class must be instantiated by Interceptor)
2017-02-21 20:12:18.039  INFO 30607 --- [    Test worker] org.hibernate.tool.hbm2ddl.SchemaExport  : HHH000227: Running hbm2ddl schema export
Hibernate: 
    alter table article 
        drop 
        foreign key FK2y7w132xb5xp1aiouig87aqjo
Hibernate: 
    alter table article 
        drop 
        foreign key FK5f6cq4n0pw2m9qjvsggq0g8n3
Hibernate: 
    alter table article 
        drop 
        foreign key FKnb2hbmy476nrjmhb5qa2j3gxl
Hibernate: 
    alter table board 
        drop 
        foreign key FKb4mbnyvplmrnhrowpmh68vygy
Hibernate: 
    alter table cafe 
        drop 
        foreign key FK3ogxcjbcw5u4wq5vxswp1q5mw
Hibernate: 
    alter table cafe_member 
        drop 
        foreign key FK6wfe3rrg8veu24j9flwp6av7p
Hibernate: 
    alter table cafe_member 
        drop 
        foreign key FKp4vtm2u9e6j1kjkvm7amp2h60
Hibernate: 
    alter table comment 
        drop 
        foreign key FK5yx0uphgjc6ik6hb82kkw501y
Hibernate: 
    alter table comment 
        drop 
        foreign key FKkkdf3y7qctevtw918afg82uw7
Hibernate: 
    drop table if exists article
Hibernate: 
    drop table if exists board
Hibernate: 
    drop table if exists cafe
Hibernate: 
    drop table if exists cafe_member
Hibernate: 
    drop table if exists category
Hibernate: 
    drop table if exists comment
Hibernate: 
    drop table if exists member
Hibernate: 
    create table article (
        id bigint not null auto_increment,
        comment_count integer not null,
        content longtext,
        create_date_time datetime,
        title longtext,
        update_date_time datetime,
        board_id bigint,
        cafe_id bigint,
        writer_id bigint,
        primary key (id)
    )
Hibernate: 
    create table board (
        id bigint not null auto_increment,
        list_order integer not null check (list_order>=1),
        name varchar(50),
        cafe_id bigint,
        primary key (id)
    )
Hibernate: 
    create table cafe (
        id bigint not null auto_increment,
        create_date_time datetime,
        description longtext,
        name varchar(100),
        cafe_article_count bigint,
        cafe_comment_count bigint,
        cafe_member_count bigint,
        cafe_visit_count bigint,
        url varchar(30),
        visibility integer not null,
        category_id bigint,
        primary key (id)
    )
Hibernate: 
    create table cafe_member (
        join_date datetime,
        role integer,
        member_id bigint not null,
        cafe_id bigint not null,
        primary key (cafe_id, member_id)
    )
Hibernate: 
    create table category (
        id bigint not null auto_increment,
        create_date_time datetime,
        list_order integer not null,
        name varchar(255),
        primary key (id)
    )
Hibernate: 
    create table comment (
        id bigint not null auto_increment,
        comment longtext,
        create_date_time datetime,
        update_date_time datetime,
        article_id bigint,
        commenter_id bigint,
        primary key (id)
    )
Hibernate: 
    create table member (
        id bigint not null auto_increment,
        nickname varchar(30),
        primary key (id)
    )
Hibernate: 
    alter table cafe 
        add constraint UKit98p4n4mjd3i1642wipaufan unique (url)
Hibernate: 
    alter table article 
        add constraint FK2y7w132xb5xp1aiouig87aqjo 
        foreign key (board_id) 
        references board (id)
Hibernate: 
    alter table article 
        add constraint FK5f6cq4n0pw2m9qjvsggq0g8n3 
        foreign key (cafe_id) 
        references cafe (id)
Hibernate: 
    alter table article 
        add constraint FKnb2hbmy476nrjmhb5qa2j3gxl 
        foreign key (writer_id) 
        references member (id)
Hibernate: 
    alter table board 
        add constraint FKb4mbnyvplmrnhrowpmh68vygy 
        foreign key (cafe_id) 
        references cafe (id)
Hibernate: 
    alter table cafe 
        add constraint FK3ogxcjbcw5u4wq5vxswp1q5mw 
        foreign key (category_id) 
        references category (id)
Hibernate: 
    alter table cafe_member 
        add constraint FK6wfe3rrg8veu24j9flwp6av7p 
        foreign key (member_id) 
        references member (id)
Hibernate: 
    alter table cafe_member 
        add constraint FKp4vtm2u9e6j1kjkvm7amp2h60 
        foreign key (cafe_id) 
        references cafe (id)
Hibernate: 
    alter table comment 
        add constraint FK5yx0uphgjc6ik6hb82kkw501y 
        foreign key (article_id) 
        references article (id)
Hibernate: 
    alter table comment 
        add constraint FKkkdf3y7qctevtw918afg82uw7 
        foreign key (commenter_id) 
        references member (id)
2017-02-21 20:12:18.179  INFO 30607 --- [    Test worker] org.hibernate.tool.hbm2ddl.SchemaExport  : HHH000230: Schema export complete
2017-02-21 20:12:18.206  WARN 30607 --- [    Test worker] o.h.j.i.EntityManagerFactoryRegistry     : HHH000436: Entity manager factory name (default) is already registered.  If entity manager will be clustered or passivated, specify a unique value for property 'hibernate.ejb.entitymanager_factory_name'
2017-02-21 20:12:18.207  INFO 30607 --- [    Test worker] j.LocalContainerEntityManagerFactoryBean : Initialized JPA EntityManagerFactory for persistence unit 'default'
2017-02-21 20:12:18.302  INFO 30607 --- [    Test worker] o.s.jdbc.datasource.init.ScriptUtils     : Executing SQL script from URL [file:/Users/kiel/Development/workspace/cafe/api/build/resources/main/data.sql]
2017-02-21 20:12:18.305  INFO 30607 --- [    Test worker] o.s.jdbc.datasource.init.ScriptUtils     : Executed SQL script from URL [file:/Users/kiel/Development/workspace/cafe/api/build/resources/main/data.sql] in 2 ms.
2017-02-21 20:12:18.395  INFO 30607 --- [    Test worker] o.h.h.i.QueryTranslatorFactoryInitiator  : HHH000397: Using ASTQueryTranslatorFactory
2017-02-21 20:12:18.883  INFO 30607 --- [    Test worker] s.w.s.m.m.a.RequestMappingHandlerAdapter : Looking for @ControllerAdvice: org.springframework.web.context.support.GenericWebApplicationContext@7b2be3d2: startup date [Tue Feb 21 20:12:16 EST 2017]; root of context hierarchy
2017-02-21 20:12:18.921  INFO 30607 --- [    Test worker] s.w.s.m.m.a.RequestMappingHandlerMapping : Mapped "{[/cafes/{cafeUrl}/articles],methods=[GET],params=[page && size]}" onto public java.util.List<com.widehouse.cafe.domain.article.Article> com.widehouse.cafe.web.ArticleController.getArticlesByCafe(java.lang.String,int,int)
2017-02-21 20:12:18.922  INFO 30607 --- [    Test worker] s.w.s.m.m.a.RequestMappingHandlerMapping : Mapped "{[/cafes/{cafeUrl}/boards/{boardId}/articles],methods=[GET],params=[page && size]}" onto public java.util.List<com.widehouse.cafe.domain.article.Article> com.widehouse.cafe.web.ArticleController.getArticlesByCafe(java.lang.String,java.lang.Long,int,int)
2017-02-21 20:12:18.924  INFO 30607 --- [    Test worker] s.w.s.m.m.a.RequestMappingHandlerMapping : Mapped "{[],methods=[GET],params=[id]}" onto public com.widehouse.cafe.domain.cafe.Cafe com.widehouse.cafe.web.CafeController.getCafeById(java.lang.Long)
2017-02-21 20:12:18.924  INFO 30607 --- [    Test worker] s.w.s.m.m.a.RequestMappingHandlerMapping : Mapped "{[/cafes/{cafeUrl}],methods=[GET]}" onto public com.widehouse.cafe.domain.cafe.Cafe com.widehouse.cafe.web.CafeController.getCafeByUrl(java.lang.String)
2017-02-21 20:12:18.925  INFO 30607 --- [    Test worker] s.w.s.m.m.a.RequestMappingHandlerMapping : Mapped "{[/categories],methods=[GET]}" onto public java.util.List<com.widehouse.cafe.domain.cafe.Category> com.widehouse.cafe.web.CategoryController.getCategories()
2017-02-21 20:12:18.926  INFO 30607 --- [    Test worker] s.w.s.m.m.a.RequestMappingHandlerMapping : Mapped "{[/categories/{categoryId}/cafes],methods=[GET]}" onto public java.util.List<com.widehouse.cafe.domain.cafe.Cafe> com.widehouse.cafe.web.CategoryController.getCafesByCategory(java.lang.Long,org.springframework.data.domain.Pageable)
2017-02-21 20:12:18.928  INFO 30607 --- [    Test worker] s.w.s.m.m.a.RequestMappingHandlerMapping : Mapped "{[/articles/{articleId}/comments],methods=[POST]}" onto public com.widehouse.cafe.domain.article.Comment com.widehouse.cafe.web.CommentController.write(java.lang.Long,com.widehouse.cafe.domain.article.Comment)
2017-02-21 20:12:18.929  INFO 30607 --- [    Test worker] s.w.s.m.m.a.RequestMappingHandlerMapping : Mapped "{[/articles/{articleId}/comments],methods=[GET],params=[page && size]}" onto public java.util.List<com.widehouse.cafe.domain.article.Comment> com.widehouse.cafe.web.CommentController.getComments(java.lang.Long,int,int)
2017-02-21 20:12:18.933  INFO 30607 --- [    Test worker] s.w.s.m.m.a.RequestMappingHandlerMapping : Mapped "{[/members/{memberId}/cafes],methods=[GET]}" onto public java.util.List<com.widehouse.cafe.domain.cafe.Cafe> com.widehouse.cafe.web.MemberController.getCafesByMember(java.lang.Long,org.springframework.data.domain.Pageable)
2017-02-21 20:12:18.935  INFO 30607 --- [    Test worker] s.w.s.m.m.a.RequestMappingHandlerMapping : Mapped "{[/error]}" onto public org.springframework.http.ResponseEntity<java.util.Map<java.lang.String, java.lang.Object>> org.springframework.boot.autoconfigure.web.BasicErrorController.error(javax.servlet.http.HttpServletRequest)
2017-02-21 20:12:18.936  INFO 30607 --- [    Test worker] s.w.s.m.m.a.RequestMappingHandlerMapping : Mapped "{[/error],produces=[text/html]}" onto public org.springframework.web.servlet.ModelAndView org.springframework.boot.autoconfigure.web.BasicErrorController.errorHtml(javax.servlet.http.HttpServletRequest,javax.servlet.http.HttpServletResponse)
2017-02-21 20:12:18.965  INFO 30607 --- [    Test worker] o.s.w.s.handler.SimpleUrlHandlerMapping  : Mapped URL path [/webjars/**] onto handler of type [class org.springframework.web.servlet.resource.ResourceHttpRequestHandler]
2017-02-21 20:12:18.966  INFO 30607 --- [    Test worker] o.s.w.s.handler.SimpleUrlHandlerMapping  : Mapped URL path [/**] onto handler of type [class org.springframework.web.servlet.resource.ResourceHttpRequestHandler]
2017-02-21 20:12:19.007  INFO 30607 --- [    Test worker] o.s.w.s.handler.SimpleUrlHandlerMapping  : Mapped URL path [/**/favicon.ico] onto handler of type [class org.springframework.web.servlet.resource.ResourceHttpRequestHandler]
2017-02-21 20:12:19.316  INFO 30607 --- [    Test worker] c.w.cafe.service.CafeServiceTest         : Started CafeServiceTest in 2.513 seconds (JVM running for 24.668)
]]></system-out>
  <system-err><![CDATA[]]></system-err>
</testsuite>
