<?xml version="1.0" encoding="UTF-8"?>
<testsuite name="com.widehouse.cafe.web.JsonFormatTest" tests="1" skipped="0" failures="0" errors="0" timestamp="2017-02-22T01:12:30" hostname="Kiel-MBP-2.fios-router.home" time="0.025">
  <properties/>
  <testcase name="testSerialize" classname="com.widehouse.cafe.web.JsonFormatTest" time="0.025"/>
  <system-out><![CDATA[2017-02-21 20:12:30.308  INFO 30607 --- [    Test worker] .b.t.c.SpringBootTestContextBootstrapper : Neither @ContextConfiguration nor @ContextHierarchy found for test class [com.widehouse.cafe.web.JsonFormatTest], using SpringBootContextLoader
2017-02-21 20:12:30.309  INFO 30607 --- [    Test worker] o.s.t.c.support.AbstractContextLoader    : Could not detect default resource locations for test class [com.widehouse.cafe.web.JsonFormatTest]: no resource found for suffixes {-context.xml, Context.groovy}.
2017-02-21 20:12:30.309  INFO 30607 --- [    Test worker] t.c.s.AnnotationConfigContextLoaderUtils : Could not detect default configuration classes for test class [com.widehouse.cafe.web.JsonFormatTest]: JsonFormatTest does not declare any static, non-private, non-final, nested classes annotated with @Configuration.
2017-02-21 20:12:30.354  INFO 30607 --- [    Test worker] .b.t.c.SpringBootTestContextBootstrapper : Found @SpringBootConfiguration com.widehouse.cafe.CafeApplication for test class com.widehouse.cafe.web.JsonFormatTest
2017-02-21 20:12:30.361  INFO 30607 --- [    Test worker] .b.t.c.SpringBootTestContextBootstrapper : Loaded default TestExecutionListener class names from location [META-INF/spring.factories]: [org.springframework.boot.test.mock.mockito.MockitoTestExecutionListener, org.springframework.boot.test.mock.mockito.ResetMocksTestExecutionListener, org.springframework.boot.test.autoconfigure.restdocs.RestDocsTestExecutionListener, org.springframework.boot.test.autoconfigure.web.client.MockRestServiceServerResetTestExecutionListener, org.springframework.boot.test.autoconfigure.web.servlet.MockMvcPrintOnlyOnFailureTestExecutionListener, org.springframework.boot.test.autoconfigure.web.servlet.WebDriverTestExecutionListener, org.springframework.test.context.web.ServletTestExecutionListener, org.springframework.test.context.support.DirtiesContextBeforeModesTestExecutionListener, org.springframework.test.context.support.DependencyInjectionTestExecutionListener, org.springframework.test.context.support.DirtiesContextTestExecutionListener, org.springframework.test.context.transaction.TransactionalTestExecutionListener, org.springframework.test.context.jdbc.SqlScriptsTestExecutionListener]
2017-02-21 20:12:30.368  INFO 30607 --- [    Test worker] .b.t.c.SpringBootTestContextBootstrapper : Using TestExecutionListeners: [org.springframework.test.context.web.ServletTestExecutionListener@350b2521, org.springframework.test.context.support.DirtiesContextBeforeModesTestExecutionListener@7feb8363, org.springframework.boot.test.autoconfigure.SpringBootDependencyInjectionTestExecutionListener@484a96d3, org.springframework.test.context.support.DirtiesContextTestExecutionListener@3de5f441, org.springframework.test.context.transaction.TransactionalTestExecutionListener@512becf1, org.springframework.test.context.jdbc.SqlScriptsTestExecutionListener@72788d2c, org.springframework.boot.test.mock.mockito.MockitoTestExecutionListener@6e1861be, org.springframework.boot.test.autoconfigure.restdocs.RestDocsTestExecutionListener@7ccdd7c0, org.springframework.boot.test.autoconfigure.web.servlet.MockMvcPrintOnlyOnFailureTestExecutionListener@728fe0cc, org.springframework.boot.test.mock.mockito.ResetMocksTestExecutionListener@44a8025c, org.springframework.boot.test.autoconfigure.web.client.MockRestServiceServerResetTestExecutionListener@69109ee6, org.springframework.boot.test.autoconfigure.web.servlet.WebDriverTestExecutionListener@7bf137d3]

  .   ____          _            __ _ _
 /\\ / ___'_ __ _ _(_)_ __  __ _ \ \ \ \
( ( )\___ | '_ | '_| | '_ \/ _` | \ \ \ \
 \\/  ___)| |_)| | | | | || (_| |  ) ) ) )
  '  |____| .__|_| |_|_| |_\__, | / / / /
 =========|_|==============|___/=/_/_/_/
 :: Spring Boot ::        (v1.5.1.RELEASE)

2017-02-21 20:12:30.520  INFO 30607 --- [    Test worker] com.widehouse.cafe.web.JsonFormatTest    : Starting JsonFormatTest on Kiel-MBP-2.fios-router.home with PID 30607 (started by kiel in /Users/kiel/Development/workspace/cafe/api)
2017-02-21 20:12:30.520 DEBUG 30607 --- [    Test worker] com.widehouse.cafe.web.JsonFormatTest    : Running with Spring Boot v1.5.1.RELEASE, Spring v4.3.6.RELEASE
2017-02-21 20:12:30.521  INFO 30607 --- [    Test worker] com.widehouse.cafe.web.JsonFormatTest    : No active profile set, falling back to default profiles: default
2017-02-21 20:12:30.530  INFO 30607 --- [    Test worker] s.c.a.AnnotationConfigApplicationContext : Refreshing org.springframework.context.annotation.AnnotationConfigApplicationContext@341641ed: startup date [Tue Feb 21 20:12:30 EST 2017]; root of context hierarchy
2017-02-21 20:12:30.889  INFO 30607 --- [    Test worker] com.widehouse.cafe.web.JsonFormatTest    : Started JsonFormatTest in 0.51 seconds (JVM running for 36.242)
]]></system-out>
  <system-err><![CDATA[]]></system-err>
</testsuite>
