<?xml version="1.0" encoding="UTF-8"?>
<testsuite name="com.widehouse.cafe.domain.cafe.CafeRepositoryTest" tests="5" skipped="0" failures="0" errors="0" timestamp="2017-02-22T01:12:07" hostname="Kiel-MBP-2.fios-router.home" time="0.317">
  <properties/>
  <testcase name="findCafeByUrl_Should_findCafe" classname="com.widehouse.cafe.domain.cafe.CafeRepositoryTest" time="0.052"/>
  <testcase name="cafeList_by_category_with_paging_sorting" classname="com.widehouse.cafe.domain.cafe.CafeRepositoryTest" time="0.086"/>
  <testcase name="cafeList_by_categoryId" classname="com.widehouse.cafe.domain.cafe.CafeRepositoryTest" time="0.049"/>
  <testcase name="cafeList_by_category" classname="com.widehouse.cafe.domain.cafe.CafeRepositoryTest" time="0.043"/>
  <testcase name="boards_list_by_listOrder" classname="com.widehouse.cafe.domain.cafe.CafeRepositoryTest" time="0.079"/>
  <system-out><![CDATA[2017-02-21 20:12:07.707  INFO 30607 --- [    Test worker] .b.t.c.SpringBootTestContextBootstrapper : Neither @ContextConfiguration nor @ContextHierarchy found for test class [com.widehouse.cafe.domain.cafe.CafeRepositoryTest], using SpringBootContextLoader
2017-02-21 20:12:07.708  INFO 30607 --- [    Test worker] o.s.t.c.support.AbstractContextLoader    : Could not detect default resource locations for test class [com.widehouse.cafe.domain.cafe.CafeRepositoryTest]: no resource found for suffixes {-context.xml, Context.groovy}.
2017-02-21 20:12:07.709  INFO 30607 --- [    Test worker] t.c.s.AnnotationConfigContextLoaderUtils : Could not detect default configuration classes for test class [com.widehouse.cafe.domain.cafe.CafeRepositoryTest]: CafeRepositoryTest does not declare any static, non-private, non-final, nested classes annotated with @Configuration.
2017-02-21 20:12:07.730  INFO 30607 --- [    Test worker] .b.t.c.SpringBootTestContextBootstrapper : Found @SpringBootConfiguration com.widehouse.cafe.CafeApplication for test class com.widehouse.cafe.domain.cafe.CafeRepositoryTest
2017-02-21 20:12:07.734  INFO 30607 --- [    Test worker] .b.t.c.SpringBootTestContextBootstrapper : Loaded default TestExecutionListener class names from location [META-INF/spring.factories]: [org.springframework.boot.test.mock.mockito.MockitoTestExecutionListener, org.springframework.boot.test.mock.mockito.ResetMocksTestExecutionListener, org.springframework.boot.test.autoconfigure.restdocs.RestDocsTestExecutionListener, org.springframework.boot.test.autoconfigure.web.client.MockRestServiceServerResetTestExecutionListener, org.springframework.boot.test.autoconfigure.web.servlet.MockMvcPrintOnlyOnFailureTestExecutionListener, org.springframework.boot.test.autoconfigure.web.servlet.WebDriverTestExecutionListener, org.springframework.test.context.web.ServletTestExecutionListener, org.springframework.test.context.support.DirtiesContextBeforeModesTestExecutionListener, org.springframework.test.context.support.DependencyInjectionTestExecutionListener, org.springframework.test.context.support.DirtiesContextTestExecutionListener, org.springframework.test.context.transaction.TransactionalTestExecutionListener, org.springframework.test.context.jdbc.SqlScriptsTestExecutionListener]
2017-02-21 20:12:07.737  INFO 30607 --- [    Test worker] .b.t.c.SpringBootTestContextBootstrapper : Using TestExecutionListeners: [org.springframework.test.context.web.ServletTestExecutionListener@42a3cdba, org.springframework.test.context.support.DirtiesContextBeforeModesTestExecutionListener@566da426, org.springframework.boot.test.autoconfigure.SpringBootDependencyInjectionTestExecutionListener@75b652f2, org.springframework.test.context.support.DirtiesContextTestExecutionListener@1a306edc, org.springframework.test.context.transaction.TransactionalTestExecutionListener@4622be3d, org.springframework.test.context.jdbc.SqlScriptsTestExecutionListener@7d557e4b, org.springframework.boot.test.mock.mockito.MockitoTestExecutionListener@3a3382d1, org.springframework.boot.test.autoconfigure.restdocs.RestDocsTestExecutionListener@23ec5dc5, org.springframework.boot.test.autoconfigure.web.servlet.MockMvcPrintOnlyOnFailureTestExecutionListener@70ecdcd3, org.springframework.boot.test.mock.mockito.ResetMocksTestExecutionListener@261d43a3, org.springframework.boot.test.autoconfigure.web.client.MockRestServiceServerResetTestExecutionListener@1e78bb, org.springframework.boot.test.autoconfigure.web.servlet.WebDriverTestExecutionListener@415d1f08]
2017-02-21 20:12:07.762  INFO 30607 --- [    Test worker] o.s.t.c.transaction.TransactionContext   : Began transaction (1) for test context [DefaultTestContext@3ddc92c5 testClass = CafeRepositoryTest, testInstance = com.widehouse.cafe.domain.cafe.CafeRepositoryTest@62b2c147, testMethod = findCafeByUrl_Should_findCafe@CafeRepositoryTest, testException = [null], mergedContextConfiguration = [MergedContextConfiguration@57c149b4 testClass = CafeRepositoryTest, locations = '{}', classes = '{class com.widehouse.cafe.CafeApplication}', contextInitializerClasses = '[]', activeProfiles = '{}', propertySourceLocations = '{}', propertySourceProperties = '{org.springframework.boot.test.context.SpringBootTestContextBootstrapper=true}', contextCustomizers = set[[ImportsContextCustomizer@1b8d18b4 key = [Package Import com.widehouse.cafe.domain.cafe, org.springframework.boot.autoconfigure.cache.CacheAutoConfiguration, org.springframework.boot.autoconfigure.data.jpa.JpaRepositoriesAutoConfiguration, org.springframework.boot.autoconfigure.flyway.FlywayAutoConfiguration, org.springframework.boot.autoconfigure.jdbc.DataSourceAutoConfiguration, org.springframework.boot.autoconfigure.jdbc.DataSourceTransactionManagerAutoConfiguration, org.springframework.boot.autoconfigure.jdbc.JdbcTemplateAutoConfiguration, org.springframework.boot.autoconfigure.liquibase.LiquibaseAutoConfiguration, org.springframework.boot.autoconfigure.orm.jpa.HibernateJpaAutoConfiguration, org.springframework.boot.autoconfigure.transaction.TransactionAutoConfiguration, org.springframework.boot.test.autoconfigure.jdbc.TestDatabaseAutoConfiguration, org.springframework.boot.test.autoconfigure.orm.jpa.TestEntityManagerAutoConfiguration]], org.springframework.boot.test.context.filter.ExcludeFilterContextCustomizer@7c5b372f, org.springframework.boot.test.mock.mockito.MockitoContextCustomizer@0, org.springframework.boot.test.autoconfigure.OverrideAutoConfigurationContextCustomizerFactory$DisableAutoConfigurationContextCustomizer@56a10d0, org.springframework.boot.test.autoconfigure.filter.TypeExcludeFiltersContextCustomizer@351584c0, org.springframework.boot.test.autoconfigure.properties.PropertyMappingContextCustomizer@50992f1b, org.springframework.boot.test.autoconfigure.web.servlet.WebDriverContextCustomizerFactory$Customizer@16c5f4c9], contextLoader = 'org.springframework.boot.test.context.SpringBootContextLoader', parent = [null]]]; transaction manager [org.springframework.orm.jpa.JpaTransactionManager@5d36e09e]; rollback [true]
Hibernate: 
    insert 
    into
        category
        (create_date_time, list_order, name) 
    values
        (?, ?, ?)
Hibernate: 
    insert 
    into
        category
        (create_date_time, list_order, name) 
    values
        (?, ?, ?)
Hibernate: 
    insert 
    into
        cafe
        (category_id, create_date_time, description, name, cafe_article_count, cafe_comment_count, cafe_member_count, cafe_visit_count, url, visibility) 
    values
        (?, ?, ?, ?, ?, ?, ?, ?, ?, ?)
Hibernate: 
    insert 
    into
        cafe
        (category_id, create_date_time, description, name, cafe_article_count, cafe_comment_count, cafe_member_count, cafe_visit_count, url, visibility) 
    values
        (?, ?, ?, ?, ?, ?, ?, ?, ?, ?)
Hibernate: 
    insert 
    into
        cafe
        (category_id, create_date_time, description, name, cafe_article_count, cafe_comment_count, cafe_member_count, cafe_visit_count, url, visibility) 
    values
        (?, ?, ?, ?, ?, ?, ?, ?, ?, ?)
Hibernate: 
    insert 
    into
        cafe
        (category_id, create_date_time, description, name, cafe_article_count, cafe_comment_count, cafe_member_count, cafe_visit_count, url, visibility) 
    values
        (?, ?, ?, ?, ?, ?, ?, ?, ?, ?)
Hibernate: 
    insert 
    into
        cafe
        (category_id, create_date_time, description, name, cafe_article_count, cafe_comment_count, cafe_member_count, cafe_visit_count, url, visibility) 
    values
        (?, ?, ?, ?, ?, ?, ?, ?, ?, ?)
Hibernate: 
    insert 
    into
        cafe
        (category_id, create_date_time, description, name, cafe_article_count, cafe_comment_count, cafe_member_count, cafe_visit_count, url, visibility) 
    values
        (?, ?, ?, ?, ?, ?, ?, ?, ?, ?)
Hibernate: 
    select
        cafe0_.id as id1_2_,
        cafe0_.category_id as categor11_2_,
        cafe0_.create_date_time as create_d2_2_,
        cafe0_.description as descript3_2_,
        cafe0_.name as name4_2_,
        cafe0_.cafe_article_count as cafe_art5_2_,
        cafe0_.cafe_comment_count as cafe_com6_2_,
        cafe0_.cafe_member_count as cafe_mem7_2_,
        cafe0_.cafe_visit_count as cafe_vis8_2_,
        cafe0_.url as url9_2_,
        cafe0_.visibility as visibil10_2_ 
    from
        cafe cafe0_ 
    where
        cafe0_.url=?
2017-02-21 20:12:07.809  INFO 30607 --- [    Test worker] o.s.t.c.transaction.TransactionContext   : Rolled back transaction for test context [DefaultTestContext@3ddc92c5 testClass = CafeRepositoryTest, testInstance = com.widehouse.cafe.domain.cafe.CafeRepositoryTest@62b2c147, testMethod = findCafeByUrl_Should_findCafe@CafeRepositoryTest, testException = [null], mergedContextConfiguration = [MergedContextConfiguration@57c149b4 testClass = CafeRepositoryTest, locations = '{}', classes = '{class com.widehouse.cafe.CafeApplication}', contextInitializerClasses = '[]', activeProfiles = '{}', propertySourceLocations = '{}', propertySourceProperties = '{org.springframework.boot.test.context.SpringBootTestContextBootstrapper=true}', contextCustomizers = set[[ImportsContextCustomizer@1b8d18b4 key = [Package Import com.widehouse.cafe.domain.cafe, org.springframework.boot.autoconfigure.cache.CacheAutoConfiguration, org.springframework.boot.autoconfigure.data.jpa.JpaRepositoriesAutoConfiguration, org.springframework.boot.autoconfigure.flyway.FlywayAutoConfiguration, org.springframework.boot.autoconfigure.jdbc.DataSourceAutoConfiguration, org.springframework.boot.autoconfigure.jdbc.DataSourceTransactionManagerAutoConfiguration, org.springframework.boot.autoconfigure.jdbc.JdbcTemplateAutoConfiguration, org.springframework.boot.autoconfigure.liquibase.LiquibaseAutoConfiguration, org.springframework.boot.autoconfigure.orm.jpa.HibernateJpaAutoConfiguration, org.springframework.boot.autoconfigure.transaction.TransactionAutoConfiguration, org.springframework.boot.test.autoconfigure.jdbc.TestDatabaseAutoConfiguration, org.springframework.boot.test.autoconfigure.orm.jpa.TestEntityManagerAutoConfiguration]], org.springframework.boot.test.context.filter.ExcludeFilterContextCustomizer@7c5b372f, org.springframework.boot.test.mock.mockito.MockitoContextCustomizer@0, org.springframework.boot.test.autoconfigure.OverrideAutoConfigurationContextCustomizerFactory$DisableAutoConfigurationContextCustomizer@56a10d0, org.springframework.boot.test.autoconfigure.filter.TypeExcludeFiltersContextCustomizer@351584c0, org.springframework.boot.test.autoconfigure.properties.PropertyMappingContextCustomizer@50992f1b, org.springframework.boot.test.autoconfigure.web.servlet.WebDriverContextCustomizerFactory$Customizer@16c5f4c9], contextLoader = 'org.springframework.boot.test.context.SpringBootContextLoader', parent = [null]]].
2017-02-21 20:12:07.817  INFO 30607 --- [    Test worker] o.s.t.c.transaction.TransactionContext   : Began transaction (1) for test context [DefaultTestContext@3ddc92c5 testClass = CafeRepositoryTest, testInstance = com.widehouse.cafe.domain.cafe.CafeRepositoryTest@23723ae7, testMethod = cafeList_by_category_with_paging_sorting@CafeRepositoryTest, testException = [null], mergedContextConfiguration = [MergedContextConfiguration@57c149b4 testClass = CafeRepositoryTest, locations = '{}', classes = '{class com.widehouse.cafe.CafeApplication}', contextInitializerClasses = '[]', activeProfiles = '{}', propertySourceLocations = '{}', propertySourceProperties = '{org.springframework.boot.test.context.SpringBootTestContextBootstrapper=true}', contextCustomizers = set[[ImportsContextCustomizer@1b8d18b4 key = [Package Import com.widehouse.cafe.domain.cafe, org.springframework.boot.autoconfigure.cache.CacheAutoConfiguration, org.springframework.boot.autoconfigure.data.jpa.JpaRepositoriesAutoConfiguration, org.springframework.boot.autoconfigure.flyway.FlywayAutoConfiguration, org.springframework.boot.autoconfigure.jdbc.DataSourceAutoConfiguration, org.springframework.boot.autoconfigure.jdbc.DataSourceTransactionManagerAutoConfiguration, org.springframework.boot.autoconfigure.jdbc.JdbcTemplateAutoConfiguration, org.springframework.boot.autoconfigure.liquibase.LiquibaseAutoConfiguration, org.springframework.boot.autoconfigure.orm.jpa.HibernateJpaAutoConfiguration, org.springframework.boot.autoconfigure.transaction.TransactionAutoConfiguration, org.springframework.boot.test.autoconfigure.jdbc.TestDatabaseAutoConfiguration, org.springframework.boot.test.autoconfigure.orm.jpa.TestEntityManagerAutoConfiguration]], org.springframework.boot.test.context.filter.ExcludeFilterContextCustomizer@7c5b372f, org.springframework.boot.test.mock.mockito.MockitoContextCustomizer@0, org.springframework.boot.test.autoconfigure.OverrideAutoConfigurationContextCustomizerFactory$DisableAutoConfigurationContextCustomizer@56a10d0, org.springframework.boot.test.autoconfigure.filter.TypeExcludeFiltersContextCustomizer@351584c0, org.springframework.boot.test.autoconfigure.properties.PropertyMappingContextCustomizer@50992f1b, org.springframework.boot.test.autoconfigure.web.servlet.WebDriverContextCustomizerFactory$Customizer@16c5f4c9], contextLoader = 'org.springframework.boot.test.context.SpringBootContextLoader', parent = [null]]]; transaction manager [org.springframework.orm.jpa.JpaTransactionManager@5d36e09e]; rollback [true]
Hibernate: 
    insert 
    into
        category
        (create_date_time, list_order, name) 
    values
        (?, ?, ?)
Hibernate: 
    insert 
    into
        category
        (create_date_time, list_order, name) 
    values
        (?, ?, ?)
Hibernate: 
    insert 
    into
        cafe
        (category_id, create_date_time, description, name, cafe_article_count, cafe_comment_count, cafe_member_count, cafe_visit_count, url, visibility) 
    values
        (?, ?, ?, ?, ?, ?, ?, ?, ?, ?)
Hibernate: 
    insert 
    into
        cafe
        (category_id, create_date_time, description, name, cafe_article_count, cafe_comment_count, cafe_member_count, cafe_visit_count, url, visibility) 
    values
        (?, ?, ?, ?, ?, ?, ?, ?, ?, ?)
Hibernate: 
    insert 
    into
        cafe
        (category_id, create_date_time, description, name, cafe_article_count, cafe_comment_count, cafe_member_count, cafe_visit_count, url, visibility) 
    values
        (?, ?, ?, ?, ?, ?, ?, ?, ?, ?)
Hibernate: 
    insert 
    into
        cafe
        (category_id, create_date_time, description, name, cafe_article_count, cafe_comment_count, cafe_member_count, cafe_visit_count, url, visibility) 
    values
        (?, ?, ?, ?, ?, ?, ?, ?, ?, ?)
Hibernate: 
    insert 
    into
        cafe
        (category_id, create_date_time, description, name, cafe_article_count, cafe_comment_count, cafe_member_count, cafe_visit_count, url, visibility) 
    values
        (?, ?, ?, ?, ?, ?, ?, ?, ?, ?)
Hibernate: 
    insert 
    into
        cafe
        (category_id, create_date_time, description, name, cafe_article_count, cafe_comment_count, cafe_member_count, cafe_visit_count, url, visibility) 
    values
        (?, ?, ?, ?, ?, ?, ?, ?, ?, ?)
Hibernate: 
    update
        cafe 
    set
        category_id=?,
        create_date_time=?,
        description=?,
        name=?,
        cafe_article_count=?,
        cafe_comment_count=?,
        cafe_member_count=?,
        cafe_visit_count=?,
        url=?,
        visibility=? 
    where
        id=?
Hibernate: 
    update
        cafe 
    set
        category_id=?,
        create_date_time=?,
        description=?,
        name=?,
        cafe_article_count=?,
        cafe_comment_count=?,
        cafe_member_count=?,
        cafe_visit_count=?,
        url=?,
        visibility=? 
    where
        id=?
Hibernate: 
    update
        cafe 
    set
        category_id=?,
        create_date_time=?,
        description=?,
        name=?,
        cafe_article_count=?,
        cafe_comment_count=?,
        cafe_member_count=?,
        cafe_visit_count=?,
        url=?,
        visibility=? 
    where
        id=?
Hibernate: 
    select
        cafe0_.id as id1_2_,
        cafe0_.category_id as categor11_2_,
        cafe0_.create_date_time as create_d2_2_,
        cafe0_.description as descript3_2_,
        cafe0_.name as name4_2_,
        cafe0_.cafe_article_count as cafe_art5_2_,
        cafe0_.cafe_comment_count as cafe_com6_2_,
        cafe0_.cafe_member_count as cafe_mem7_2_,
        cafe0_.cafe_visit_count as cafe_vis8_2_,
        cafe0_.url as url9_2_,
        cafe0_.visibility as visibil10_2_ 
    from
        cafe cafe0_ 
    left outer join
        category category1_ 
            on cafe0_.category_id=category1_.id 
    where
        category1_.id=? 
    order by
        cafe0_.cafe_member_count desc limit ?
2017-02-21 20:12:07.899  INFO 30607 --- [    Test worker] o.s.t.c.transaction.TransactionContext   : Rolled back transaction for test context [DefaultTestContext@3ddc92c5 testClass = CafeRepositoryTest, testInstance = com.widehouse.cafe.domain.cafe.CafeRepositoryTest@23723ae7, testMethod = cafeList_by_category_with_paging_sorting@CafeRepositoryTest, testException = [null], mergedContextConfiguration = [MergedContextConfiguration@57c149b4 testClass = CafeRepositoryTest, locations = '{}', classes = '{class com.widehouse.cafe.CafeApplication}', contextInitializerClasses = '[]', activeProfiles = '{}', propertySourceLocations = '{}', propertySourceProperties = '{org.springframework.boot.test.context.SpringBootTestContextBootstrapper=true}', contextCustomizers = set[[ImportsContextCustomizer@1b8d18b4 key = [Package Import com.widehouse.cafe.domain.cafe, org.springframework.boot.autoconfigure.cache.CacheAutoConfiguration, org.springframework.boot.autoconfigure.data.jpa.JpaRepositoriesAutoConfiguration, org.springframework.boot.autoconfigure.flyway.FlywayAutoConfiguration, org.springframework.boot.autoconfigure.jdbc.DataSourceAutoConfiguration, org.springframework.boot.autoconfigure.jdbc.DataSourceTransactionManagerAutoConfiguration, org.springframework.boot.autoconfigure.jdbc.JdbcTemplateAutoConfiguration, org.springframework.boot.autoconfigure.liquibase.LiquibaseAutoConfiguration, org.springframework.boot.autoconfigure.orm.jpa.HibernateJpaAutoConfiguration, org.springframework.boot.autoconfigure.transaction.TransactionAutoConfiguration, org.springframework.boot.test.autoconfigure.jdbc.TestDatabaseAutoConfiguration, org.springframework.boot.test.autoconfigure.orm.jpa.TestEntityManagerAutoConfiguration]], org.springframework.boot.test.context.filter.ExcludeFilterContextCustomizer@7c5b372f, org.springframework.boot.test.mock.mockito.MockitoContextCustomizer@0, org.springframework.boot.test.autoconfigure.OverrideAutoConfigurationContextCustomizerFactory$DisableAutoConfigurationContextCustomizer@56a10d0, org.springframework.boot.test.autoconfigure.filter.TypeExcludeFiltersContextCustomizer@351584c0, org.springframework.boot.test.autoconfigure.properties.PropertyMappingContextCustomizer@50992f1b, org.springframework.boot.test.autoconfigure.web.servlet.WebDriverContextCustomizerFactory$Customizer@16c5f4c9], contextLoader = 'org.springframework.boot.test.context.SpringBootContextLoader', parent = [null]]].
2017-02-21 20:12:07.905  INFO 30607 --- [    Test worker] o.s.t.c.transaction.TransactionContext   : Began transaction (1) for test context [DefaultTestContext@3ddc92c5 testClass = CafeRepositoryTest, testInstance = com.widehouse.cafe.domain.cafe.CafeRepositoryTest@68550b9f, testMethod = cafeList_by_categoryId@CafeRepositoryTest, testException = [null], mergedContextConfiguration = [MergedContextConfiguration@57c149b4 testClass = CafeRepositoryTest, locations = '{}', classes = '{class com.widehouse.cafe.CafeApplication}', contextInitializerClasses = '[]', activeProfiles = '{}', propertySourceLocations = '{}', propertySourceProperties = '{org.springframework.boot.test.context.SpringBootTestContextBootstrapper=true}', contextCustomizers = set[[ImportsContextCustomizer@1b8d18b4 key = [Package Import com.widehouse.cafe.domain.cafe, org.springframework.boot.autoconfigure.cache.CacheAutoConfiguration, org.springframework.boot.autoconfigure.data.jpa.JpaRepositoriesAutoConfiguration, org.springframework.boot.autoconfigure.flyway.FlywayAutoConfiguration, org.springframework.boot.autoconfigure.jdbc.DataSourceAutoConfiguration, org.springframework.boot.autoconfigure.jdbc.DataSourceTransactionManagerAutoConfiguration, org.springframework.boot.autoconfigure.jdbc.JdbcTemplateAutoConfiguration, org.springframework.boot.autoconfigure.liquibase.LiquibaseAutoConfiguration, org.springframework.boot.autoconfigure.orm.jpa.HibernateJpaAutoConfiguration, org.springframework.boot.autoconfigure.transaction.TransactionAutoConfiguration, org.springframework.boot.test.autoconfigure.jdbc.TestDatabaseAutoConfiguration, org.springframework.boot.test.autoconfigure.orm.jpa.TestEntityManagerAutoConfiguration]], org.springframework.boot.test.context.filter.ExcludeFilterContextCustomizer@7c5b372f, org.springframework.boot.test.mock.mockito.MockitoContextCustomizer@0, org.springframework.boot.test.autoconfigure.OverrideAutoConfigurationContextCustomizerFactory$DisableAutoConfigurationContextCustomizer@56a10d0, org.springframework.boot.test.autoconfigure.filter.TypeExcludeFiltersContextCustomizer@351584c0, org.springframework.boot.test.autoconfigure.properties.PropertyMappingContextCustomizer@50992f1b, org.springframework.boot.test.autoconfigure.web.servlet.WebDriverContextCustomizerFactory$Customizer@16c5f4c9], contextLoader = 'org.springframework.boot.test.context.SpringBootContextLoader', parent = [null]]]; transaction manager [org.springframework.orm.jpa.JpaTransactionManager@5d36e09e]; rollback [true]
Hibernate: 
    insert 
    into
        category
        (create_date_time, list_order, name) 
    values
        (?, ?, ?)
Hibernate: 
    insert 
    into
        category
        (create_date_time, list_order, name) 
    values
        (?, ?, ?)
Hibernate: 
    insert 
    into
        cafe
        (category_id, create_date_time, description, name, cafe_article_count, cafe_comment_count, cafe_member_count, cafe_visit_count, url, visibility) 
    values
        (?, ?, ?, ?, ?, ?, ?, ?, ?, ?)
Hibernate: 
    insert 
    into
        cafe
        (category_id, create_date_time, description, name, cafe_article_count, cafe_comment_count, cafe_member_count, cafe_visit_count, url, visibility) 
    values
        (?, ?, ?, ?, ?, ?, ?, ?, ?, ?)
Hibernate: 
    insert 
    into
        cafe
        (category_id, create_date_time, description, name, cafe_article_count, cafe_comment_count, cafe_member_count, cafe_visit_count, url, visibility) 
    values
        (?, ?, ?, ?, ?, ?, ?, ?, ?, ?)
Hibernate: 
    insert 
    into
        cafe
        (category_id, create_date_time, description, name, cafe_article_count, cafe_comment_count, cafe_member_count, cafe_visit_count, url, visibility) 
    values
        (?, ?, ?, ?, ?, ?, ?, ?, ?, ?)
Hibernate: 
    insert 
    into
        cafe
        (category_id, create_date_time, description, name, cafe_article_count, cafe_comment_count, cafe_member_count, cafe_visit_count, url, visibility) 
    values
        (?, ?, ?, ?, ?, ?, ?, ?, ?, ?)
Hibernate: 
    insert 
    into
        cafe
        (category_id, create_date_time, description, name, cafe_article_count, cafe_comment_count, cafe_member_count, cafe_visit_count, url, visibility) 
    values
        (?, ?, ?, ?, ?, ?, ?, ?, ?, ?)
Hibernate: 
    select
        cafe0_.id as id1_2_,
        cafe0_.category_id as categor11_2_,
        cafe0_.create_date_time as create_d2_2_,
        cafe0_.description as descript3_2_,
        cafe0_.name as name4_2_,
        cafe0_.cafe_article_count as cafe_art5_2_,
        cafe0_.cafe_comment_count as cafe_com6_2_,
        cafe0_.cafe_member_count as cafe_mem7_2_,
        cafe0_.cafe_visit_count as cafe_vis8_2_,
        cafe0_.url as url9_2_,
        cafe0_.visibility as visibil10_2_ 
    from
        cafe cafe0_ 
    left outer join
        category category1_ 
            on cafe0_.category_id=category1_.id 
    where
        category1_.id=?
2017-02-21 20:12:07.950  INFO 30607 --- [    Test worker] o.s.t.c.transaction.TransactionContext   : Rolled back transaction for test context [DefaultTestContext@3ddc92c5 testClass = CafeRepositoryTest, testInstance = com.widehouse.cafe.domain.cafe.CafeRepositoryTest@68550b9f, testMethod = cafeList_by_categoryId@CafeRepositoryTest, testException = [null], mergedContextConfiguration = [MergedContextConfiguration@57c149b4 testClass = CafeRepositoryTest, locations = '{}', classes = '{class com.widehouse.cafe.CafeApplication}', contextInitializerClasses = '[]', activeProfiles = '{}', propertySourceLocations = '{}', propertySourceProperties = '{org.springframework.boot.test.context.SpringBootTestContextBootstrapper=true}', contextCustomizers = set[[ImportsContextCustomizer@1b8d18b4 key = [Package Import com.widehouse.cafe.domain.cafe, org.springframework.boot.autoconfigure.cache.CacheAutoConfiguration, org.springframework.boot.autoconfigure.data.jpa.JpaRepositoriesAutoConfiguration, org.springframework.boot.autoconfigure.flyway.FlywayAutoConfiguration, org.springframework.boot.autoconfigure.jdbc.DataSourceAutoConfiguration, org.springframework.boot.autoconfigure.jdbc.DataSourceTransactionManagerAutoConfiguration, org.springframework.boot.autoconfigure.jdbc.JdbcTemplateAutoConfiguration, org.springframework.boot.autoconfigure.liquibase.LiquibaseAutoConfiguration, org.springframework.boot.autoconfigure.orm.jpa.HibernateJpaAutoConfiguration, org.springframework.boot.autoconfigure.transaction.TransactionAutoConfiguration, org.springframework.boot.test.autoconfigure.jdbc.TestDatabaseAutoConfiguration, org.springframework.boot.test.autoconfigure.orm.jpa.TestEntityManagerAutoConfiguration]], org.springframework.boot.test.context.filter.ExcludeFilterContextCustomizer@7c5b372f, org.springframework.boot.test.mock.mockito.MockitoContextCustomizer@0, org.springframework.boot.test.autoconfigure.OverrideAutoConfigurationContextCustomizerFactory$DisableAutoConfigurationContextCustomizer@56a10d0, org.springframework.boot.test.autoconfigure.filter.TypeExcludeFiltersContextCustomizer@351584c0, org.springframework.boot.test.autoconfigure.properties.PropertyMappingContextCustomizer@50992f1b, org.springframework.boot.test.autoconfigure.web.servlet.WebDriverContextCustomizerFactory$Customizer@16c5f4c9], contextLoader = 'org.springframework.boot.test.context.SpringBootContextLoader', parent = [null]]].
2017-02-21 20:12:07.955  INFO 30607 --- [    Test worker] o.s.t.c.transaction.TransactionContext   : Began transaction (1) for test context [DefaultTestContext@3ddc92c5 testClass = CafeRepositoryTest, testInstance = com.widehouse.cafe.domain.cafe.CafeRepositoryTest@18643aa3, testMethod = cafeList_by_category@CafeRepositoryTest, testException = [null], mergedContextConfiguration = [MergedContextConfiguration@57c149b4 testClass = CafeRepositoryTest, locations = '{}', classes = '{class com.widehouse.cafe.CafeApplication}', contextInitializerClasses = '[]', activeProfiles = '{}', propertySourceLocations = '{}', propertySourceProperties = '{org.springframework.boot.test.context.SpringBootTestContextBootstrapper=true}', contextCustomizers = set[[ImportsContextCustomizer@1b8d18b4 key = [Package Import com.widehouse.cafe.domain.cafe, org.springframework.boot.autoconfigure.cache.CacheAutoConfiguration, org.springframework.boot.autoconfigure.data.jpa.JpaRepositoriesAutoConfiguration, org.springframework.boot.autoconfigure.flyway.FlywayAutoConfiguration, org.springframework.boot.autoconfigure.jdbc.DataSourceAutoConfiguration, org.springframework.boot.autoconfigure.jdbc.DataSourceTransactionManagerAutoConfiguration, org.springframework.boot.autoconfigure.jdbc.JdbcTemplateAutoConfiguration, org.springframework.boot.autoconfigure.liquibase.LiquibaseAutoConfiguration, org.springframework.boot.autoconfigure.orm.jpa.HibernateJpaAutoConfiguration, org.springframework.boot.autoconfigure.transaction.TransactionAutoConfiguration, org.springframework.boot.test.autoconfigure.jdbc.TestDatabaseAutoConfiguration, org.springframework.boot.test.autoconfigure.orm.jpa.TestEntityManagerAutoConfiguration]], org.springframework.boot.test.context.filter.ExcludeFilterContextCustomizer@7c5b372f, org.springframework.boot.test.mock.mockito.MockitoContextCustomizer@0, org.springframework.boot.test.autoconfigure.OverrideAutoConfigurationContextCustomizerFactory$DisableAutoConfigurationContextCustomizer@56a10d0, org.springframework.boot.test.autoconfigure.filter.TypeExcludeFiltersContextCustomizer@351584c0, org.springframework.boot.test.autoconfigure.properties.PropertyMappingContextCustomizer@50992f1b, org.springframework.boot.test.autoconfigure.web.servlet.WebDriverContextCustomizerFactory$Customizer@16c5f4c9], contextLoader = 'org.springframework.boot.test.context.SpringBootContextLoader', parent = [null]]]; transaction manager [org.springframework.orm.jpa.JpaTransactionManager@5d36e09e]; rollback [true]
Hibernate: 
    insert 
    into
        category
        (create_date_time, list_order, name) 
    values
        (?, ?, ?)
Hibernate: 
    insert 
    into
        category
        (create_date_time, list_order, name) 
    values
        (?, ?, ?)
Hibernate: 
    insert 
    into
        cafe
        (category_id, create_date_time, description, name, cafe_article_count, cafe_comment_count, cafe_member_count, cafe_visit_count, url, visibility) 
    values
        (?, ?, ?, ?, ?, ?, ?, ?, ?, ?)
Hibernate: 
    insert 
    into
        cafe
        (category_id, create_date_time, description, name, cafe_article_count, cafe_comment_count, cafe_member_count, cafe_visit_count, url, visibility) 
    values
        (?, ?, ?, ?, ?, ?, ?, ?, ?, ?)
Hibernate: 
    insert 
    into
        cafe
        (category_id, create_date_time, description, name, cafe_article_count, cafe_comment_count, cafe_member_count, cafe_visit_count, url, visibility) 
    values
        (?, ?, ?, ?, ?, ?, ?, ?, ?, ?)
Hibernate: 
    insert 
    into
        cafe
        (category_id, create_date_time, description, name, cafe_article_count, cafe_comment_count, cafe_member_count, cafe_visit_count, url, visibility) 
    values
        (?, ?, ?, ?, ?, ?, ?, ?, ?, ?)
Hibernate: 
    insert 
    into
        cafe
        (category_id, create_date_time, description, name, cafe_article_count, cafe_comment_count, cafe_member_count, cafe_visit_count, url, visibility) 
    values
        (?, ?, ?, ?, ?, ?, ?, ?, ?, ?)
Hibernate: 
    insert 
    into
        cafe
        (category_id, create_date_time, description, name, cafe_article_count, cafe_comment_count, cafe_member_count, cafe_visit_count, url, visibility) 
    values
        (?, ?, ?, ?, ?, ?, ?, ?, ?, ?)
Hibernate: 
    select
        cafe0_.id as id1_2_,
        cafe0_.category_id as categor11_2_,
        cafe0_.create_date_time as create_d2_2_,
        cafe0_.description as descript3_2_,
        cafe0_.name as name4_2_,
        cafe0_.cafe_article_count as cafe_art5_2_,
        cafe0_.cafe_comment_count as cafe_com6_2_,
        cafe0_.cafe_member_count as cafe_mem7_2_,
        cafe0_.cafe_visit_count as cafe_vis8_2_,
        cafe0_.url as url9_2_,
        cafe0_.visibility as visibil10_2_ 
    from
        cafe cafe0_ 
    left outer join
        category category1_ 
            on cafe0_.category_id=category1_.id 
    where
        category1_.id=?
2017-02-21 20:12:07.995  INFO 30607 --- [    Test worker] o.s.t.c.transaction.TransactionContext   : Rolled back transaction for test context [DefaultTestContext@3ddc92c5 testClass = CafeRepositoryTest, testInstance = com.widehouse.cafe.domain.cafe.CafeRepositoryTest@18643aa3, testMethod = cafeList_by_category@CafeRepositoryTest, testException = [null], mergedContextConfiguration = [MergedContextConfiguration@57c149b4 testClass = CafeRepositoryTest, locations = '{}', classes = '{class com.widehouse.cafe.CafeApplication}', contextInitializerClasses = '[]', activeProfiles = '{}', propertySourceLocations = '{}', propertySourceProperties = '{org.springframework.boot.test.context.SpringBootTestContextBootstrapper=true}', contextCustomizers = set[[ImportsContextCustomizer@1b8d18b4 key = [Package Import com.widehouse.cafe.domain.cafe, org.springframework.boot.autoconfigure.cache.CacheAutoConfiguration, org.springframework.boot.autoconfigure.data.jpa.JpaRepositoriesAutoConfiguration, org.springframework.boot.autoconfigure.flyway.FlywayAutoConfiguration, org.springframework.boot.autoconfigure.jdbc.DataSourceAutoConfiguration, org.springframework.boot.autoconfigure.jdbc.DataSourceTransactionManagerAutoConfiguration, org.springframework.boot.autoconfigure.jdbc.JdbcTemplateAutoConfiguration, org.springframework.boot.autoconfigure.liquibase.LiquibaseAutoConfiguration, org.springframework.boot.autoconfigure.orm.jpa.HibernateJpaAutoConfiguration, org.springframework.boot.autoconfigure.transaction.TransactionAutoConfiguration, org.springframework.boot.test.autoconfigure.jdbc.TestDatabaseAutoConfiguration, org.springframework.boot.test.autoconfigure.orm.jpa.TestEntityManagerAutoConfiguration]], org.springframework.boot.test.context.filter.ExcludeFilterContextCustomizer@7c5b372f, org.springframework.boot.test.mock.mockito.MockitoContextCustomizer@0, org.springframework.boot.test.autoconfigure.OverrideAutoConfigurationContextCustomizerFactory$DisableAutoConfigurationContextCustomizer@56a10d0, org.springframework.boot.test.autoconfigure.filter.TypeExcludeFiltersContextCustomizer@351584c0, org.springframework.boot.test.autoconfigure.properties.PropertyMappingContextCustomizer@50992f1b, org.springframework.boot.test.autoconfigure.web.servlet.WebDriverContextCustomizerFactory$Customizer@16c5f4c9], contextLoader = 'org.springframework.boot.test.context.SpringBootContextLoader', parent = [null]]].
2017-02-21 20:12:08.001  INFO 30607 --- [    Test worker] o.s.t.c.transaction.TransactionContext   : Began transaction (1) for test context [DefaultTestContext@3ddc92c5 testClass = CafeRepositoryTest, testInstance = com.widehouse.cafe.domain.cafe.CafeRepositoryTest@2449850e, testMethod = boards_list_by_listOrder@CafeRepositoryTest, testException = [null], mergedContextConfiguration = [MergedContextConfiguration@57c149b4 testClass = CafeRepositoryTest, locations = '{}', classes = '{class com.widehouse.cafe.CafeApplication}', contextInitializerClasses = '[]', activeProfiles = '{}', propertySourceLocations = '{}', propertySourceProperties = '{org.springframework.boot.test.context.SpringBootTestContextBootstrapper=true}', contextCustomizers = set[[ImportsContextCustomizer@1b8d18b4 key = [Package Import com.widehouse.cafe.domain.cafe, org.springframework.boot.autoconfigure.cache.CacheAutoConfiguration, org.springframework.boot.autoconfigure.data.jpa.JpaRepositoriesAutoConfiguration, org.springframework.boot.autoconfigure.flyway.FlywayAutoConfiguration, org.springframework.boot.autoconfigure.jdbc.DataSourceAutoConfiguration, org.springframework.boot.autoconfigure.jdbc.DataSourceTransactionManagerAutoConfiguration, org.springframework.boot.autoconfigure.jdbc.JdbcTemplateAutoConfiguration, org.springframework.boot.autoconfigure.liquibase.LiquibaseAutoConfiguration, org.springframework.boot.autoconfigure.orm.jpa.HibernateJpaAutoConfiguration, org.springframework.boot.autoconfigure.transaction.TransactionAutoConfiguration, org.springframework.boot.test.autoconfigure.jdbc.TestDatabaseAutoConfiguration, org.springframework.boot.test.autoconfigure.orm.jpa.TestEntityManagerAutoConfiguration]], org.springframework.boot.test.context.filter.ExcludeFilterContextCustomizer@7c5b372f, org.springframework.boot.test.mock.mockito.MockitoContextCustomizer@0, org.springframework.boot.test.autoconfigure.OverrideAutoConfigurationContextCustomizerFactory$DisableAutoConfigurationContextCustomizer@56a10d0, org.springframework.boot.test.autoconfigure.filter.TypeExcludeFiltersContextCustomizer@351584c0, org.springframework.boot.test.autoconfigure.properties.PropertyMappingContextCustomizer@50992f1b, org.springframework.boot.test.autoconfigure.web.servlet.WebDriverContextCustomizerFactory$Customizer@16c5f4c9], contextLoader = 'org.springframework.boot.test.context.SpringBootContextLoader', parent = [null]]]; transaction manager [org.springframework.orm.jpa.JpaTransactionManager@5d36e09e]; rollback [true]
Hibernate: 
    insert 
    into
        category
        (create_date_time, list_order, name) 
    values
        (?, ?, ?)
Hibernate: 
    insert 
    into
        category
        (create_date_time, list_order, name) 
    values
        (?, ?, ?)
Hibernate: 
    insert 
    into
        cafe
        (category_id, create_date_time, description, name, cafe_article_count, cafe_comment_count, cafe_member_count, cafe_visit_count, url, visibility) 
    values
        (?, ?, ?, ?, ?, ?, ?, ?, ?, ?)
Hibernate: 
    insert 
    into
        cafe
        (category_id, create_date_time, description, name, cafe_article_count, cafe_comment_count, cafe_member_count, cafe_visit_count, url, visibility) 
    values
        (?, ?, ?, ?, ?, ?, ?, ?, ?, ?)
Hibernate: 
    insert 
    into
        cafe
        (category_id, create_date_time, description, name, cafe_article_count, cafe_comment_count, cafe_member_count, cafe_visit_count, url, visibility) 
    values
        (?, ?, ?, ?, ?, ?, ?, ?, ?, ?)
Hibernate: 
    insert 
    into
        cafe
        (category_id, create_date_time, description, name, cafe_article_count, cafe_comment_count, cafe_member_count, cafe_visit_count, url, visibility) 
    values
        (?, ?, ?, ?, ?, ?, ?, ?, ?, ?)
Hibernate: 
    insert 
    into
        cafe
        (category_id, create_date_time, description, name, cafe_article_count, cafe_comment_count, cafe_member_count, cafe_visit_count, url, visibility) 
    values
        (?, ?, ?, ?, ?, ?, ?, ?, ?, ?)
Hibernate: 
    insert 
    into
        cafe
        (category_id, create_date_time, description, name, cafe_article_count, cafe_comment_count, cafe_member_count, cafe_visit_count, url, visibility) 
    values
        (?, ?, ?, ?, ?, ?, ?, ?, ?, ?)
Hibernate: 
    insert 
    into
        board
        (cafe_id, list_order, name) 
    values
        (?, ?, ?)
Hibernate: 
    insert 
    into
        board
        (cafe_id, list_order, name) 
    values
        (?, ?, ?)
Hibernate: 
    insert 
    into
        board
        (cafe_id, list_order, name) 
    values
        (?, ?, ?)
Hibernate: 
    insert 
    into
        board
        (cafe_id, list_order, name) 
    values
        (?, ?, ?)
Hibernate: 
    select
        board0_.id as id1_1_0_,
        board0_.cafe_id as cafe_id4_1_0_,
        board0_.list_order as list_ord2_1_0_,
        board0_.name as name3_1_0_ 
    from
        board board0_ 
    where
        board0_.id=?
Hibernate: 
    select
        board0_.id as id1_1_0_,
        board0_.cafe_id as cafe_id4_1_0_,
        board0_.list_order as list_ord2_1_0_,
        board0_.name as name3_1_0_ 
    from
        board board0_ 
    where
        board0_.id=?
Hibernate: 
    select
        board0_.id as id1_1_0_,
        board0_.cafe_id as cafe_id4_1_0_,
        board0_.list_order as list_ord2_1_0_,
        board0_.name as name3_1_0_ 
    from
        board board0_ 
    where
        board0_.id=?
Hibernate: 
    select
        board0_.id as id1_1_0_,
        board0_.cafe_id as cafe_id4_1_0_,
        board0_.list_order as list_ord2_1_0_,
        board0_.name as name3_1_0_ 
    from
        board board0_ 
    where
        board0_.id=?
Hibernate: 
    select
        cafe0_.id as id1_2_1_,
        cafe0_.category_id as categor11_2_1_,
        cafe0_.create_date_time as create_d2_2_1_,
        cafe0_.description as descript3_2_1_,
        cafe0_.name as name4_2_1_,
        cafe0_.cafe_article_count as cafe_art5_2_1_,
        cafe0_.cafe_comment_count as cafe_com6_2_1_,
        cafe0_.cafe_member_count as cafe_mem7_2_1_,
        cafe0_.cafe_visit_count as cafe_vis8_2_1_,
        cafe0_.url as url9_2_1_,
        cafe0_.visibility as visibil10_2_1_,
        boards1_.cafe_id as cafe_id4_1_3_,
        boards1_.id as id1_1_3_,
        boards1_.id as id1_1_0_,
        boards1_.cafe_id as cafe_id4_1_0_,
        boards1_.list_order as list_ord2_1_0_,
        boards1_.name as name3_1_0_ 
    from
        cafe cafe0_ 
    left outer join
        board boards1_ 
            on cafe0_.id=boards1_.cafe_id 
    where
        cafe0_.id=? 
    order by
        boards1_.list_order asc
2017-02-21 20:12:08.077  INFO 30607 --- [    Test worker] o.s.t.c.transaction.TransactionContext   : Rolled back transaction for test context [DefaultTestContext@3ddc92c5 testClass = CafeRepositoryTest, testInstance = com.widehouse.cafe.domain.cafe.CafeRepositoryTest@2449850e, testMethod = boards_list_by_listOrder@CafeRepositoryTest, testException = [null], mergedContextConfiguration = [MergedContextConfiguration@57c149b4 testClass = CafeRepositoryTest, locations = '{}', classes = '{class com.widehouse.cafe.CafeApplication}', contextInitializerClasses = '[]', activeProfiles = '{}', propertySourceLocations = '{}', propertySourceProperties = '{org.springframework.boot.test.context.SpringBootTestContextBootstrapper=true}', contextCustomizers = set[[ImportsContextCustomizer@1b8d18b4 key = [Package Import com.widehouse.cafe.domain.cafe, org.springframework.boot.autoconfigure.cache.CacheAutoConfiguration, org.springframework.boot.autoconfigure.data.jpa.JpaRepositoriesAutoConfiguration, org.springframework.boot.autoconfigure.flyway.FlywayAutoConfiguration, org.springframework.boot.autoconfigure.jdbc.DataSourceAutoConfiguration, org.springframework.boot.autoconfigure.jdbc.DataSourceTransactionManagerAutoConfiguration, org.springframework.boot.autoconfigure.jdbc.JdbcTemplateAutoConfiguration, org.springframework.boot.autoconfigure.liquibase.LiquibaseAutoConfiguration, org.springframework.boot.autoconfigure.orm.jpa.HibernateJpaAutoConfiguration, org.springframework.boot.autoconfigure.transaction.TransactionAutoConfiguration, org.springframework.boot.test.autoconfigure.jdbc.TestDatabaseAutoConfiguration, org.springframework.boot.test.autoconfigure.orm.jpa.TestEntityManagerAutoConfiguration]], org.springframework.boot.test.context.filter.ExcludeFilterContextCustomizer@7c5b372f, org.springframework.boot.test.mock.mockito.MockitoContextCustomizer@0, org.springframework.boot.test.autoconfigure.OverrideAutoConfigurationContextCustomizerFactory$DisableAutoConfigurationContextCustomizer@56a10d0, org.springframework.boot.test.autoconfigure.filter.TypeExcludeFiltersContextCustomizer@351584c0, org.springframework.boot.test.autoconfigure.properties.PropertyMappingContextCustomizer@50992f1b, org.springframework.boot.test.autoconfigure.web.servlet.WebDriverContextCustomizerFactory$Customizer@16c5f4c9], contextLoader = 'org.springframework.boot.test.context.SpringBootContextLoader', parent = [null]]].
]]></system-out>
  <system-err><![CDATA[]]></system-err>
</testsuite>
