<?xml version="1.0" encoding="UTF-8"?>
<testsuite name="com.widehouse.cafe.web.MemberControllerTest" tests="2" skipped="0" failures="0" errors="0" timestamp="2017-02-22T01:12:32" hostname="Kiel-MBP-2.fios-router.home" time="0.082">
  <properties/>
  <testcase name="getCafesByMember" classname="com.widehouse.cafe.web.MemberControllerTest" time="0.022"/>
  <testcase name="getCafesByMemberWithPaging" classname="com.widehouse.cafe.web.MemberControllerTest" time="0.057"/>
  <system-out><![CDATA[2017-02-21 20:12:30.942  INFO 30607 --- [    Test worker] .b.t.a.w.s.WebMvcTestContextBootstrapper : Neither @ContextConfiguration nor @ContextHierarchy found for test class [com.widehouse.cafe.web.MemberControllerTest], using SpringBootContextLoader
2017-02-21 20:12:30.943  INFO 30607 --- [    Test worker] o.s.t.c.support.AbstractContextLoader    : Could not detect default resource locations for test class [com.widehouse.cafe.web.MemberControllerTest]: no resource found for suffixes {-context.xml, Context.groovy}.
2017-02-21 20:12:30.943  INFO 30607 --- [    Test worker] t.c.s.AnnotationConfigContextLoaderUtils : Could not detect default configuration classes for test class [com.widehouse.cafe.web.MemberControllerTest]: MemberControllerTest does not declare any static, non-private, non-final, nested classes annotated with @Configuration.
2017-02-21 20:12:30.959  INFO 30607 --- [    Test worker] .b.t.c.SpringBootTestContextBootstrapper : Found @SpringBootConfiguration com.widehouse.cafe.CafeApplication for test class com.widehouse.cafe.web.MemberControllerTest
2017-02-21 20:12:30.961  INFO 30607 --- [    Test worker] .b.t.a.w.s.WebMvcTestContextBootstrapper : Loaded default TestExecutionListener class names from location [META-INF/spring.factories]: [org.springframework.boot.test.mock.mockito.MockitoTestExecutionListener, org.springframework.boot.test.mock.mockito.ResetMocksTestExecutionListener, org.springframework.boot.test.autoconfigure.restdocs.RestDocsTestExecutionListener, org.springframework.boot.test.autoconfigure.web.client.MockRestServiceServerResetTestExecutionListener, org.springframework.boot.test.autoconfigure.web.servlet.MockMvcPrintOnlyOnFailureTestExecutionListener, org.springframework.boot.test.autoconfigure.web.servlet.WebDriverTestExecutionListener, org.springframework.test.context.web.ServletTestExecutionListener, org.springframework.test.context.support.DirtiesContextBeforeModesTestExecutionListener, org.springframework.test.context.support.DependencyInjectionTestExecutionListener, org.springframework.test.context.support.DirtiesContextTestExecutionListener, org.springframework.test.context.transaction.TransactionalTestExecutionListener, org.springframework.test.context.jdbc.SqlScriptsTestExecutionListener]
2017-02-21 20:12:30.968  INFO 30607 --- [    Test worker] .b.t.a.w.s.WebMvcTestContextBootstrapper : Using TestExecutionListeners: [org.springframework.test.context.web.ServletTestExecutionListener@2f6716de, org.springframework.test.context.support.DirtiesContextBeforeModesTestExecutionListener@52d13792, org.springframework.boot.test.autoconfigure.SpringBootDependencyInjectionTestExecutionListener@4b4fc42, org.springframework.test.context.support.DirtiesContextTestExecutionListener@26a7ff88, org.springframework.test.context.transaction.TransactionalTestExecutionListener@3161dc64, org.springframework.test.context.jdbc.SqlScriptsTestExecutionListener@6ad7007d, org.springframework.boot.test.mock.mockito.MockitoTestExecutionListener@4922b789, org.springframework.boot.test.autoconfigure.restdocs.RestDocsTestExecutionListener@50e04a9a, org.springframework.boot.test.autoconfigure.web.servlet.MockMvcPrintOnlyOnFailureTestExecutionListener@6fdd3e1e, org.springframework.boot.test.mock.mockito.ResetMocksTestExecutionListener@3ddb1f70, org.springframework.boot.test.autoconfigure.web.client.MockRestServiceServerResetTestExecutionListener@619979bd, org.springframework.boot.test.autoconfigure.web.servlet.WebDriverTestExecutionListener@337f4b8e]

  .   ____          _            __ _ _
 /\\ / ___'_ __ _ _(_)_ __  __ _ \ \ \ \
( ( )\___ | '_ | '_| | '_ \/ _` | \ \ \ \
 \\/  ___)| |_)| | | | | || (_| |  ) ) ) )
  '  |____| .__|_| |_|_| |_\__, | / / / /
 =========|_|==============|___/=/_/_/_/
 :: Spring Boot ::        (v1.5.1.RELEASE)

2017-02-21 20:12:31.029  INFO 30607 --- [    Test worker] c.w.cafe.web.MemberControllerTest        : Starting MemberControllerTest on Kiel-MBP-2.fios-router.home with PID 30607 (started by kiel in /Users/kiel/Development/workspace/cafe/api)
2017-02-21 20:12:31.029 DEBUG 30607 --- [    Test worker] c.w.cafe.web.MemberControllerTest        : Running with Spring Boot v1.5.1.RELEASE, Spring v4.3.6.RELEASE
2017-02-21 20:12:31.030  INFO 30607 --- [    Test worker] c.w.cafe.web.MemberControllerTest        : No active profile set, falling back to default profiles: default
2017-02-21 20:12:31.037  INFO 30607 --- [    Test worker] o.s.w.c.s.GenericWebApplicationContext   : Refreshing org.springframework.web.context.support.GenericWebApplicationContext@1785733e: startup date [Tue Feb 21 20:12:31 EST 2017]; root of context hierarchy
2017-02-21 20:12:31.459  INFO 30607 --- [    Test worker] trationDelegate$BeanPostProcessorChecker : Bean 'org.springframework.boot.autoconfigure.validation.ValidationAutoConfiguration' of type [class org.springframework.boot.autoconfigure.validation.ValidationAutoConfiguration] is not eligible for getting processed by all BeanPostProcessors (for example: not eligible for auto-proxying)
2017-02-21 20:12:31.493  INFO 30607 --- [    Test worker] trationDelegate$BeanPostProcessorChecker : Bean 'validator' of type [class org.springframework.validation.beanvalidation.LocalValidatorFactoryBean] is not eligible for getting processed by all BeanPostProcessors (for example: not eligible for auto-proxying)
2017-02-21 20:12:31.869  INFO 30607 --- [    Test worker] s.w.s.m.m.a.RequestMappingHandlerAdapter : Looking for @ControllerAdvice: org.springframework.web.context.support.GenericWebApplicationContext@1785733e: startup date [Tue Feb 21 20:12:31 EST 2017]; root of context hierarchy
2017-02-21 20:12:31.916  INFO 30607 --- [    Test worker] s.w.s.m.m.a.RequestMappingHandlerMapping : Mapped "{[/members/{memberId}/cafes],methods=[GET]}" onto public java.util.List<com.widehouse.cafe.domain.cafe.Cafe> com.widehouse.cafe.web.MemberController.getCafesByMember(java.lang.Long,org.springframework.data.domain.Pageable)
2017-02-21 20:12:31.927  INFO 30607 --- [    Test worker] s.w.s.m.m.a.RequestMappingHandlerMapping : Mapped "{[/error]}" onto public org.springframework.http.ResponseEntity<java.util.Map<java.lang.String, java.lang.Object>> org.springframework.boot.autoconfigure.web.BasicErrorController.error(javax.servlet.http.HttpServletRequest)
2017-02-21 20:12:31.932  INFO 30607 --- [    Test worker] s.w.s.m.m.a.RequestMappingHandlerMapping : Mapped "{[/error],produces=[text/html]}" onto public org.springframework.web.servlet.ModelAndView org.springframework.boot.autoconfigure.web.BasicErrorController.errorHtml(javax.servlet.http.HttpServletRequest,javax.servlet.http.HttpServletResponse)
2017-02-21 20:12:32.039  INFO 30607 --- [    Test worker] o.s.w.s.handler.SimpleUrlHandlerMapping  : Mapped URL path [/webjars/**] onto handler of type [class org.springframework.web.servlet.resource.ResourceHttpRequestHandler]
2017-02-21 20:12:32.039  INFO 30607 --- [    Test worker] o.s.w.s.handler.SimpleUrlHandlerMapping  : Mapped URL path [/**] onto handler of type [class org.springframework.web.servlet.resource.ResourceHttpRequestHandler]
2017-02-21 20:12:32.075  INFO 30607 --- [    Test worker] o.s.w.s.handler.SimpleUrlHandlerMapping  : Mapped URL path [/**/favicon.ico] onto handler of type [class org.springframework.web.servlet.resource.ResourceHttpRequestHandler]
2017-02-21 20:12:32.153  INFO 30607 --- [    Test worker] o.s.b.t.m.w.SpringBootMockServletContext : Initializing Spring FrameworkServlet ''
2017-02-21 20:12:32.153  INFO 30607 --- [    Test worker] o.s.t.web.servlet.TestDispatcherServlet  : FrameworkServlet '': initialization started
2017-02-21 20:12:32.160  INFO 30607 --- [    Test worker] o.s.t.web.servlet.TestDispatcherServlet  : FrameworkServlet '': initialization completed in 7 ms
2017-02-21 20:12:32.266  INFO 30607 --- [    Test worker] c.w.cafe.web.MemberControllerTest        : Started MemberControllerTest in 1.283 seconds (JVM running for 37.618)
]]></system-out>
  <system-err><![CDATA[]]></system-err>
</testsuite>
