<?xml version="1.0" encoding="UTF-8"?>
<testsuite name="com.widehouse.cafe.service.ArticleServiceTest" tests="2" skipped="0" failures="0" errors="0" timestamp="2017-02-22T01:12:16" hostname="Kiel-MBP-2.fios-router.home" time="0.063">
  <properties/>
  <testcase name="getArticlesByBoard_Should_Return_ListArticleInBoardWithIdOrderDesc" classname="com.widehouse.cafe.service.ArticleServiceTest" time="0.056"/>
  <testcase name="getArticlesByCafe_Should_Return_ListArticleInCafeWithIdOrderDesc" classname="com.widehouse.cafe.service.ArticleServiceTest" time="0.005"/>
  <system-out><![CDATA[2017-02-21 20:12:09.699  INFO 30607 --- [    Test worker] .b.t.c.SpringBootTestContextBootstrapper : Neither @ContextConfiguration nor @ContextHierarchy found for test class [com.widehouse.cafe.service.ArticleServiceTest], using SpringBootContextLoader
2017-02-21 20:12:09.700  INFO 30607 --- [    Test worker] o.s.t.c.support.AbstractContextLoader    : Could not detect default resource locations for test class [com.widehouse.cafe.service.ArticleServiceTest]: no resource found for suffixes {-context.xml, Context.groovy}.
2017-02-21 20:12:09.700  INFO 30607 --- [    Test worker] t.c.s.AnnotationConfigContextLoaderUtils : Could not detect default configuration classes for test class [com.widehouse.cafe.service.ArticleServiceTest]: ArticleServiceTest does not declare any static, non-private, non-final, nested classes annotated with @Configuration.
2017-02-21 20:12:09.716  INFO 30607 --- [    Test worker] .b.t.c.SpringBootTestContextBootstrapper : Found @SpringBootConfiguration com.widehouse.cafe.CafeApplication for test class com.widehouse.cafe.service.ArticleServiceTest
2017-02-21 20:12:09.720  INFO 30607 --- [    Test worker] .b.t.c.SpringBootTestContextBootstrapper : Loaded default TestExecutionListener class names from location [META-INF/spring.factories]: [org.springframework.boot.test.mock.mockito.MockitoTestExecutionListener, org.springframework.boot.test.mock.mockito.ResetMocksTestExecutionListener, org.springframework.boot.test.autoconfigure.restdocs.RestDocsTestExecutionListener, org.springframework.boot.test.autoconfigure.web.client.MockRestServiceServerResetTestExecutionListener, org.springframework.boot.test.autoconfigure.web.servlet.MockMvcPrintOnlyOnFailureTestExecutionListener, org.springframework.boot.test.autoconfigure.web.servlet.WebDriverTestExecutionListener, org.springframework.test.context.web.ServletTestExecutionListener, org.springframework.test.context.support.DirtiesContextBeforeModesTestExecutionListener, org.springframework.test.context.support.DependencyInjectionTestExecutionListener, org.springframework.test.context.support.DirtiesContextTestExecutionListener, org.springframework.test.context.transaction.TransactionalTestExecutionListener, org.springframework.test.context.jdbc.SqlScriptsTestExecutionListener]
2017-02-21 20:12:09.723  INFO 30607 --- [    Test worker] .b.t.c.SpringBootTestContextBootstrapper : Using TestExecutionListeners: [org.springframework.test.context.web.ServletTestExecutionListener@4a73e7b, org.springframework.test.context.support.DirtiesContextBeforeModesTestExecutionListener@23c6c3db, org.springframework.boot.test.autoconfigure.SpringBootDependencyInjectionTestExecutionListener@3edeb8e6, org.springframework.test.context.support.DirtiesContextTestExecutionListener@647d1c5c, org.springframework.test.context.transaction.TransactionalTestExecutionListener@5914a24e, org.springframework.test.context.jdbc.SqlScriptsTestExecutionListener@4c596aac, org.springframework.boot.test.mock.mockito.MockitoTestExecutionListener@70be249, org.springframework.boot.test.autoconfigure.restdocs.RestDocsTestExecutionListener@b189108, org.springframework.boot.test.autoconfigure.web.servlet.MockMvcPrintOnlyOnFailureTestExecutionListener@77e244f7, org.springframework.boot.test.mock.mockito.ResetMocksTestExecutionListener@70e95cad, org.springframework.boot.test.autoconfigure.web.client.MockRestServiceServerResetTestExecutionListener@2828f153, org.springframework.boot.test.autoconfigure.web.servlet.WebDriverTestExecutionListener@6777b58f]

  .   ____          _            __ _ _
 /\\ / ___'_ __ _ _(_)_ __  __ _ \ \ \ \
( ( )\___ | '_ | '_| | '_ \/ _` | \ \ \ \
 \\/  ___)| |_)| | | | | || (_| |  ) ) ) )
  '  |____| .__|_| |_|_| |_\__, | / / / /
 =========|_|==============|___/=/_/_/_/
 :: Spring Boot ::        (v1.5.1.RELEASE)

2017-02-21 20:12:09.816  INFO 30607 --- [    Test worker] c.w.cafe.service.ArticleServiceTest      : Starting ArticleServiceTest on Kiel-MBP-2.fios-router.home with PID 30607 (started by kiel in /Users/kiel/Development/workspace/cafe/api)
2017-02-21 20:12:09.816 DEBUG 30607 --- [    Test worker] c.w.cafe.service.ArticleServiceTest      : Running with Spring Boot v1.5.1.RELEASE, Spring v4.3.6.RELEASE
2017-02-21 20:12:09.816  INFO 30607 --- [    Test worker] c.w.cafe.service.ArticleServiceTest      : No active profile set, falling back to default profiles: default
2017-02-21 20:12:09.820  INFO 30607 --- [    Test worker] o.s.w.c.s.GenericWebApplicationContext   : Refreshing org.springframework.web.context.support.GenericWebApplicationContext@3b3ffd25: startup date [Tue Feb 21 20:12:09 EST 2017]; root of context hierarchy
2017-02-21 20:12:12.672  INFO 30607 --- [    Test worker] trationDelegate$BeanPostProcessorChecker : Bean 'org.springframework.boot.autoconfigure.validation.ValidationAutoConfiguration' of type [class org.springframework.boot.autoconfigure.validation.ValidationAutoConfiguration] is not eligible for getting processed by all BeanPostProcessors (for example: not eligible for auto-proxying)
2017-02-21 20:12:12.728  INFO 30607 --- [    Test worker] trationDelegate$BeanPostProcessorChecker : Bean 'validator' of type [class org.springframework.validation.beanvalidation.LocalValidatorFactoryBean] is not eligible for getting processed by all BeanPostProcessors (for example: not eligible for auto-proxying)
2017-02-21 20:12:12.777  INFO 30607 --- [    Test worker] trationDelegate$BeanPostProcessorChecker : Bean 'org.springframework.transaction.annotation.ProxyTransactionManagementConfiguration' of type [class org.springframework.transaction.annotation.ProxyTransactionManagementConfiguration$$EnhancerBySpringCGLIB$$707f6646] is not eligible for getting processed by all BeanPostProcessors (for example: not eligible for auto-proxying)
2017-02-21 20:12:13.775  INFO 30607 --- [    Test worker] j.LocalContainerEntityManagerFactoryBean : Building JPA container EntityManagerFactory for persistence unit 'default'
2017-02-21 20:12:13.775  INFO 30607 --- [    Test worker] o.hibernate.jpa.internal.util.LogHelper  : HHH000204: Processing PersistenceUnitInfo [
	name: default
	...]
2017-02-21 20:12:13.792  INFO 30607 --- [    Test worker] org.hibernate.dialect.Dialect            : HHH000400: Using dialect: org.hibernate.dialect.MySQLDialect
2017-02-21 20:12:13.846  INFO 30607 --- [    Test worker] org.hibernate.tuple.PojoInstantiator     : HHH000182: No default (no-argument) constructor for class: com.widehouse.cafe.domain.cafemember.CafeMember (class must be instantiated by Interceptor)
2017-02-21 20:12:13.930  INFO 30607 --- [    Test worker] org.hibernate.tuple.PojoInstantiator     : HHH000182: No default (no-argument) constructor for class: com.widehouse.cafe.domain.cafemember.CafeMember (class must be instantiated by Interceptor)
2017-02-21 20:12:13.933  INFO 30607 --- [    Test worker] org.hibernate.tuple.PojoInstantiator     : HHH000182: No default (no-argument) constructor for class: com.widehouse.cafe.domain.cafemember.CafeMember (class must be instantiated by Interceptor)
2017-02-21 20:12:13.937  INFO 30607 --- [    Test worker] org.hibernate.tuple.PojoInstantiator     : HHH000182: No default (no-argument) constructor for class: com.widehouse.cafe.domain.cafemember.CafeMember (class must be instantiated by Interceptor)
2017-02-21 20:12:13.940  INFO 30607 --- [    Test worker] org.hibernate.tuple.PojoInstantiator     : HHH000182: No default (no-argument) constructor for class: com.widehouse.cafe.domain.cafemember.CafeMember (class must be instantiated by Interceptor)
2017-02-21 20:12:13.942  INFO 30607 --- [    Test worker] org.hibernate.tuple.PojoInstantiator     : HHH000182: No default (no-argument) constructor for class: com.widehouse.cafe.domain.cafemember.CafeMember (class must be instantiated by Interceptor)
2017-02-21 20:12:13.943  INFO 30607 --- [    Test worker] org.hibernate.tuple.PojoInstantiator     : HHH000182: No default (no-argument) constructor for class: com.widehouse.cafe.domain.cafemember.CafeMember (class must be instantiated by Interceptor)
2017-02-21 20:12:14.058  INFO 30607 --- [    Test worker] org.hibernate.tool.hbm2ddl.SchemaExport  : HHH000227: Running hbm2ddl schema export
Hibernate: 
    alter table article 
        drop 
        foreign key FK2y7w132xb5xp1aiouig87aqjo
2017-02-21 20:12:14.060 ERROR 30607 --- [    Test worker] org.hibernate.tool.hbm2ddl.SchemaExport  : HHH000389: Unsuccessful: alter table article drop foreign key FK2y7w132xb5xp1aiouig87aqjo
2017-02-21 20:12:14.060 ERROR 30607 --- [    Test worker] org.hibernate.tool.hbm2ddl.SchemaExport  : Table "ARTICLE" not found; SQL statement:

    alter table article 
        drop 
        foreign key FK2y7w132xb5xp1aiouig87aqjo [42102-193]
Hibernate: 
    alter table article 
        drop 
        foreign key FK5f6cq4n0pw2m9qjvsggq0g8n3
2017-02-21 20:12:14.062 ERROR 30607 --- [    Test worker] org.hibernate.tool.hbm2ddl.SchemaExport  : HHH000389: Unsuccessful: alter table article drop foreign key FK5f6cq4n0pw2m9qjvsggq0g8n3
2017-02-21 20:12:14.062 ERROR 30607 --- [    Test worker] org.hibernate.tool.hbm2ddl.SchemaExport  : Table "ARTICLE" not found; SQL statement:

    alter table article 
        drop 
        foreign key FK5f6cq4n0pw2m9qjvsggq0g8n3 [42102-193]
Hibernate: 
    alter table article 
        drop 
        foreign key FKnb2hbmy476nrjmhb5qa2j3gxl
2017-02-21 20:12:14.063 ERROR 30607 --- [    Test worker] org.hibernate.tool.hbm2ddl.SchemaExport  : HHH000389: Unsuccessful: alter table article drop foreign key FKnb2hbmy476nrjmhb5qa2j3gxl
2017-02-21 20:12:14.063 ERROR 30607 --- [    Test worker] org.hibernate.tool.hbm2ddl.SchemaExport  : Table "ARTICLE" not found; SQL statement:

    alter table article 
        drop 
        foreign key FKnb2hbmy476nrjmhb5qa2j3gxl [42102-193]
Hibernate: 
    alter table board 
        drop 
        foreign key FKb4mbnyvplmrnhrowpmh68vygy
2017-02-21 20:12:14.068 ERROR 30607 --- [    Test worker] org.hibernate.tool.hbm2ddl.SchemaExport  : HHH000389: Unsuccessful: alter table board drop foreign key FKb4mbnyvplmrnhrowpmh68vygy
2017-02-21 20:12:14.069 ERROR 30607 --- [    Test worker] org.hibernate.tool.hbm2ddl.SchemaExport  : Table "BOARD" not found; SQL statement:

    alter table board 
        drop 
        foreign key FKb4mbnyvplmrnhrowpmh68vygy [42102-193]
Hibernate: 
    alter table cafe 
        drop 
        foreign key FK3ogxcjbcw5u4wq5vxswp1q5mw
2017-02-21 20:12:14.071 ERROR 30607 --- [    Test worker] org.hibernate.tool.hbm2ddl.SchemaExport  : HHH000389: Unsuccessful: alter table cafe drop foreign key FK3ogxcjbcw5u4wq5vxswp1q5mw
2017-02-21 20:12:14.071 ERROR 30607 --- [    Test worker] org.hibernate.tool.hbm2ddl.SchemaExport  : Table "CAFE" not found; SQL statement:

    alter table cafe 
        drop 
        foreign key FK3ogxcjbcw5u4wq5vxswp1q5mw [42102-193]
Hibernate: 
    alter table cafe_member 
        drop 
        foreign key FK6wfe3rrg8veu24j9flwp6av7p
2017-02-21 20:12:14.072 ERROR 30607 --- [    Test worker] org.hibernate.tool.hbm2ddl.SchemaExport  : HHH000389: Unsuccessful: alter table cafe_member drop foreign key FK6wfe3rrg8veu24j9flwp6av7p
2017-02-21 20:12:14.072 ERROR 30607 --- [    Test worker] org.hibernate.tool.hbm2ddl.SchemaExport  : Table "CAFE_MEMBER" not found; SQL statement:

    alter table cafe_member 
        drop 
        foreign key FK6wfe3rrg8veu24j9flwp6av7p [42102-193]
Hibernate: 
    alter table cafe_member 
        drop 
        foreign key FKp4vtm2u9e6j1kjkvm7amp2h60
2017-02-21 20:12:14.073 ERROR 30607 --- [    Test worker] org.hibernate.tool.hbm2ddl.SchemaExport  : HHH000389: Unsuccessful: alter table cafe_member drop foreign key FKp4vtm2u9e6j1kjkvm7amp2h60
2017-02-21 20:12:14.074 ERROR 30607 --- [    Test worker] org.hibernate.tool.hbm2ddl.SchemaExport  : Table "CAFE_MEMBER" not found; SQL statement:

    alter table cafe_member 
        drop 
        foreign key FKp4vtm2u9e6j1kjkvm7amp2h60 [42102-193]
Hibernate: 
    alter table comment 
        drop 
        foreign key FK5yx0uphgjc6ik6hb82kkw501y
2017-02-21 20:12:14.075 ERROR 30607 --- [    Test worker] org.hibernate.tool.hbm2ddl.SchemaExport  : HHH000389: Unsuccessful: alter table comment drop foreign key FK5yx0uphgjc6ik6hb82kkw501y
2017-02-21 20:12:14.075 ERROR 30607 --- [    Test worker] org.hibernate.tool.hbm2ddl.SchemaExport  : Table "COMMENT" not found; SQL statement:

    alter table comment 
        drop 
        foreign key FK5yx0uphgjc6ik6hb82kkw501y [42102-193]
Hibernate: 
    alter table comment 
        drop 
        foreign key FKkkdf3y7qctevtw918afg82uw7
2017-02-21 20:12:14.077 ERROR 30607 --- [    Test worker] org.hibernate.tool.hbm2ddl.SchemaExport  : HHH000389: Unsuccessful: alter table comment drop foreign key FKkkdf3y7qctevtw918afg82uw7
2017-02-21 20:12:14.077 ERROR 30607 --- [    Test worker] org.hibernate.tool.hbm2ddl.SchemaExport  : Table "COMMENT" not found; SQL statement:

    alter table comment 
        drop 
        foreign key FKkkdf3y7qctevtw918afg82uw7 [42102-193]
Hibernate: 
    drop table if exists article
Hibernate: 
    drop table if exists board
Hibernate: 
    drop table if exists cafe
Hibernate: 
    drop table if exists cafe_member
Hibernate: 
    drop table if exists category
Hibernate: 
    drop table if exists comment
Hibernate: 
    drop table if exists member
Hibernate: 
    create table article (
        id bigint not null auto_increment,
        comment_count integer not null,
        content longtext,
        create_date_time datetime,
        title longtext,
        update_date_time datetime,
        board_id bigint,
        cafe_id bigint,
        writer_id bigint,
        primary key (id)
    )
Hibernate: 
    create table board (
        id bigint not null auto_increment,
        list_order integer not null check (list_order>=1),
        name varchar(50),
        cafe_id bigint,
        primary key (id)
    )
Hibernate: 
    create table cafe (
        id bigint not null auto_increment,
        create_date_time datetime,
        description longtext,
        name varchar(100),
        cafe_article_count bigint,
        cafe_comment_count bigint,
        cafe_member_count bigint,
        cafe_visit_count bigint,
        url varchar(30),
        visibility integer not null,
        category_id bigint,
        primary key (id)
    )
Hibernate: 
    create table cafe_member (
        join_date datetime,
        role integer,
        member_id bigint not null,
        cafe_id bigint not null,
        primary key (cafe_id, member_id)
    )
Hibernate: 
    create table category (
        id bigint not null auto_increment,
        create_date_time datetime,
        list_order integer not null,
        name varchar(255),
        primary key (id)
    )
Hibernate: 
    create table comment (
        id bigint not null auto_increment,
        comment longtext,
        create_date_time datetime,
        update_date_time datetime,
        article_id bigint,
        commenter_id bigint,
        primary key (id)
    )
Hibernate: 
    create table member (
        id bigint not null auto_increment,
        nickname varchar(30),
        primary key (id)
    )
Hibernate: 
    alter table cafe 
        add constraint UKit98p4n4mjd3i1642wipaufan unique (url)
Hibernate: 
    alter table article 
        add constraint FK2y7w132xb5xp1aiouig87aqjo 
        foreign key (board_id) 
        references board (id)
Hibernate: 
    alter table article 
        add constraint FK5f6cq4n0pw2m9qjvsggq0g8n3 
        foreign key (cafe_id) 
        references cafe (id)
Hibernate: 
    alter table article 
        add constraint FKnb2hbmy476nrjmhb5qa2j3gxl 
        foreign key (writer_id) 
        references member (id)
Hibernate: 
    alter table board 
        add constraint FKb4mbnyvplmrnhrowpmh68vygy 
        foreign key (cafe_id) 
        references cafe (id)
Hibernate: 
    alter table cafe 
        add constraint FK3ogxcjbcw5u4wq5vxswp1q5mw 
        foreign key (category_id) 
        references category (id)
Hibernate: 
    alter table cafe_member 
        add constraint FK6wfe3rrg8veu24j9flwp6av7p 
        foreign key (member_id) 
        references member (id)
Hibernate: 
    alter table cafe_member 
        add constraint FKp4vtm2u9e6j1kjkvm7amp2h60 
        foreign key (cafe_id) 
        references cafe (id)
Hibernate: 
    alter table comment 
        add constraint FK5yx0uphgjc6ik6hb82kkw501y 
        foreign key (article_id) 
        references article (id)
Hibernate: 
    alter table comment 
        add constraint FKkkdf3y7qctevtw918afg82uw7 
        foreign key (commenter_id) 
        references member (id)
2017-02-21 20:12:14.227  INFO 30607 --- [    Test worker] org.hibernate.tool.hbm2ddl.SchemaExport  : HHH000230: Schema export complete
2017-02-21 20:12:14.242  WARN 30607 --- [    Test worker] o.h.j.i.EntityManagerFactoryRegistry     : HHH000436: Entity manager factory name (default) is already registered.  If entity manager will be clustered or passivated, specify a unique value for property 'hibernate.ejb.entitymanager_factory_name'
2017-02-21 20:12:14.242  INFO 30607 --- [    Test worker] j.LocalContainerEntityManagerFactoryBean : Initialized JPA EntityManagerFactory for persistence unit 'default'
2017-02-21 20:12:14.335  INFO 30607 --- [    Test worker] o.s.jdbc.datasource.init.ScriptUtils     : Executing SQL script from URL [file:/Users/kiel/Development/workspace/cafe/api/build/resources/main/data.sql]
2017-02-21 20:12:14.338  INFO 30607 --- [    Test worker] o.s.jdbc.datasource.init.ScriptUtils     : Executed SQL script from URL [file:/Users/kiel/Development/workspace/cafe/api/build/resources/main/data.sql] in 2 ms.
2017-02-21 20:12:14.433  INFO 30607 --- [    Test worker] o.h.h.i.QueryTranslatorFactoryInitiator  : HHH000397: Using ASTQueryTranslatorFactory
2017-02-21 20:12:15.840  INFO 30607 --- [    Test worker] s.w.s.m.m.a.RequestMappingHandlerAdapter : Looking for @ControllerAdvice: org.springframework.web.context.support.GenericWebApplicationContext@3b3ffd25: startup date [Tue Feb 21 20:12:09 EST 2017]; root of context hierarchy
2017-02-21 20:12:16.111  INFO 30607 --- [    Test worker] s.w.s.m.m.a.RequestMappingHandlerMapping : Mapped "{[/cafes/{cafeUrl}/articles],methods=[GET],params=[page && size]}" onto public java.util.List<com.widehouse.cafe.domain.article.Article> com.widehouse.cafe.web.ArticleController.getArticlesByCafe(java.lang.String,int,int)
2017-02-21 20:12:16.113  INFO 30607 --- [    Test worker] s.w.s.m.m.a.RequestMappingHandlerMapping : Mapped "{[/cafes/{cafeUrl}/boards/{boardId}/articles],methods=[GET],params=[page && size]}" onto public java.util.List<com.widehouse.cafe.domain.article.Article> com.widehouse.cafe.web.ArticleController.getArticlesByCafe(java.lang.String,java.lang.Long,int,int)
2017-02-21 20:12:16.115  INFO 30607 --- [    Test worker] s.w.s.m.m.a.RequestMappingHandlerMapping : Mapped "{[],methods=[GET],params=[id]}" onto public com.widehouse.cafe.domain.cafe.Cafe com.widehouse.cafe.web.CafeController.getCafeById(java.lang.Long)
2017-02-21 20:12:16.115  INFO 30607 --- [    Test worker] s.w.s.m.m.a.RequestMappingHandlerMapping : Mapped "{[/cafes/{cafeUrl}],methods=[GET]}" onto public com.widehouse.cafe.domain.cafe.Cafe com.widehouse.cafe.web.CafeController.getCafeByUrl(java.lang.String)
2017-02-21 20:12:16.117  INFO 30607 --- [    Test worker] s.w.s.m.m.a.RequestMappingHandlerMapping : Mapped "{[/categories],methods=[GET]}" onto public java.util.List<com.widehouse.cafe.domain.cafe.Category> com.widehouse.cafe.web.CategoryController.getCategories()
2017-02-21 20:12:16.120  INFO 30607 --- [    Test worker] s.w.s.m.m.a.RequestMappingHandlerMapping : Mapped "{[/categories/{categoryId}/cafes],methods=[GET]}" onto public java.util.List<com.widehouse.cafe.domain.cafe.Cafe> com.widehouse.cafe.web.CategoryController.getCafesByCategory(java.lang.Long,org.springframework.data.domain.Pageable)
2017-02-21 20:12:16.124  INFO 30607 --- [    Test worker] s.w.s.m.m.a.RequestMappingHandlerMapping : Mapped "{[/articles/{articleId}/comments],methods=[POST]}" onto public com.widehouse.cafe.domain.article.Comment com.widehouse.cafe.web.CommentController.write(java.lang.Long,com.widehouse.cafe.domain.article.Comment)
2017-02-21 20:12:16.125  INFO 30607 --- [    Test worker] s.w.s.m.m.a.RequestMappingHandlerMapping : Mapped "{[/articles/{articleId}/comments],methods=[GET],params=[page && size]}" onto public java.util.List<com.widehouse.cafe.domain.article.Comment> com.widehouse.cafe.web.CommentController.getComments(java.lang.Long,int,int)
2017-02-21 20:12:16.127  INFO 30607 --- [    Test worker] s.w.s.m.m.a.RequestMappingHandlerMapping : Mapped "{[/members/{memberId}/cafes],methods=[GET]}" onto public java.util.List<com.widehouse.cafe.domain.cafe.Cafe> com.widehouse.cafe.web.MemberController.getCafesByMember(java.lang.Long,org.springframework.data.domain.Pageable)
2017-02-21 20:12:16.130  INFO 30607 --- [    Test worker] s.w.s.m.m.a.RequestMappingHandlerMapping : Mapped "{[/error]}" onto public org.springframework.http.ResponseEntity<java.util.Map<java.lang.String, java.lang.Object>> org.springframework.boot.autoconfigure.web.BasicErrorController.error(javax.servlet.http.HttpServletRequest)
2017-02-21 20:12:16.131  INFO 30607 --- [    Test worker] s.w.s.m.m.a.RequestMappingHandlerMapping : Mapped "{[/error],produces=[text/html]}" onto public org.springframework.web.servlet.ModelAndView org.springframework.boot.autoconfigure.web.BasicErrorController.errorHtml(javax.servlet.http.HttpServletRequest,javax.servlet.http.HttpServletResponse)
2017-02-21 20:12:16.186  INFO 30607 --- [    Test worker] o.s.w.s.handler.SimpleUrlHandlerMapping  : Mapped URL path [/webjars/**] onto handler of type [class org.springframework.web.servlet.resource.ResourceHttpRequestHandler]
2017-02-21 20:12:16.186  INFO 30607 --- [    Test worker] o.s.w.s.handler.SimpleUrlHandlerMapping  : Mapped URL path [/**] onto handler of type [class org.springframework.web.servlet.resource.ResourceHttpRequestHandler]
2017-02-21 20:12:16.257  INFO 30607 --- [    Test worker] o.s.w.s.handler.SimpleUrlHandlerMapping  : Mapped URL path [/**/favicon.ico] onto handler of type [class org.springframework.web.servlet.resource.ResourceHttpRequestHandler]
2017-02-21 20:12:16.686  INFO 30607 --- [    Test worker] c.w.cafe.service.ArticleServiceTest      : Started ArticleServiceTest in 6.929 seconds (JVM running for 22.037)
]]></system-out>
  <system-err><![CDATA[]]></system-err>
</testsuite>
