<?xml version="1.0" encoding="UTF-8"?>
<testsuite name="com.widehouse.cafe.domain.cafe.CafeTest" tests="3" skipped="0" failures="0" errors="0" timestamp="2017-03-01T01:00:00" hostname="Kiel-MBP-2.fios-router.home" time="0.007">
  <properties/>
  <testcase name="createCafe" classname="com.widehouse.cafe.domain.cafe.CafeTest" time="0.001"/>
  <testcase name="updateCafeInfo_should_change_cafeName_description_visibility" classname="com.widehouse.cafe.domain.cafe.CafeTest" time="0.006"/>
  <testcase name="boards_list_by_listOrder" classname="com.widehouse.cafe.domain.cafe.CafeTest" time="0.0"/>
  <system-out><![CDATA[]]></system-out>
  <system-err><![CDATA[]]></system-err>
</testsuite>
