<?xml version="1.0" encoding="UTF-8"?>
<testsuite name="com.widehouse.cafe.domain.article.ArticleRepositoryTest" tests="2" skipped="0" failures="0" errors="0" timestamp="2017-03-01T00:59:58" hostname="Kiel-MBP-2.fios-router.home" time="0.59">
  <properties/>
  <testcase name="findByCafe_Should_Return_ListArticle" classname="com.widehouse.cafe.domain.article.ArticleRepositoryTest" time="0.524"/>
  <testcase name="findByBoard_Should_Return_ListArticle" classname="com.widehouse.cafe.domain.article.ArticleRepositoryTest" time="0.062"/>
  <system-out><![CDATA[19:59:48.868 [Test worker] DEBUG org.springframework.test.context.junit4.SpringJUnit4ClassRunner - SpringJUnit4ClassRunner constructor called with [class com.widehouse.cafe.domain.article.ArticleRepositoryTest]
19:59:48.884 [Test worker] DEBUG org.springframework.test.context.BootstrapUtils - Instantiating CacheAwareContextLoaderDelegate from class [org.springframework.test.context.cache.DefaultCacheAwareContextLoaderDelegate]
19:59:48.905 [Test worker] DEBUG org.springframework.test.context.BootstrapUtils - Instantiating BootstrapContext using constructor [public org.springframework.test.context.support.DefaultBootstrapContext(java.lang.Class,org.springframework.test.context.CacheAwareContextLoaderDelegate)]
19:59:48.955 [Test worker] DEBUG org.springframework.test.context.BootstrapUtils - Instantiating TestContextBootstrapper for test class [com.widehouse.cafe.domain.article.ArticleRepositoryTest] from class [org.springframework.boot.test.context.SpringBootTestContextBootstrapper]
19:59:49.008 [Test worker] INFO org.springframework.boot.test.context.SpringBootTestContextBootstrapper - Neither @ContextConfiguration nor @ContextHierarchy found for test class [com.widehouse.cafe.domain.article.ArticleRepositoryTest], using SpringBootContextLoader
19:59:49.019 [Test worker] DEBUG org.springframework.test.context.support.AbstractContextLoader - Did not detect default resource location for test class [com.widehouse.cafe.domain.article.ArticleRepositoryTest]: class path resource [com/widehouse/cafe/domain/article/ArticleRepositoryTest-context.xml] does not exist
19:59:49.021 [Test worker] DEBUG org.springframework.test.context.support.AbstractContextLoader - Did not detect default resource location for test class [com.widehouse.cafe.domain.article.ArticleRepositoryTest]: class path resource [com/widehouse/cafe/domain/article/ArticleRepositoryTestContext.groovy] does not exist
19:59:49.021 [Test worker] INFO org.springframework.test.context.support.AbstractContextLoader - Could not detect default resource locations for test class [com.widehouse.cafe.domain.article.ArticleRepositoryTest]: no resource found for suffixes {-context.xml, Context.groovy}.
19:59:49.023 [Test worker] INFO org.springframework.test.context.support.AnnotationConfigContextLoaderUtils - Could not detect default configuration classes for test class [com.widehouse.cafe.domain.article.ArticleRepositoryTest]: ArticleRepositoryTest does not declare any static, non-private, non-final, nested classes annotated with @Configuration.
19:59:49.184 [Test worker] DEBUG org.springframework.test.context.support.ActiveProfilesUtils - Could not find an 'annotation declaring class' for annotation type [org.springframework.test.context.ActiveProfiles] and class [com.widehouse.cafe.domain.article.ArticleRepositoryTest]
19:59:49.205 [Test worker] DEBUG org.springframework.core.env.StandardEnvironment - Adding [systemProperties] PropertySource with lowest search precedence
19:59:49.206 [Test worker] DEBUG org.springframework.core.env.StandardEnvironment - Adding [systemEnvironment] PropertySource with lowest search precedence
19:59:49.207 [Test worker] DEBUG org.springframework.core.env.StandardEnvironment - Initialized StandardEnvironment with PropertySources [systemProperties,systemEnvironment]
19:59:49.230 [Test worker] DEBUG org.springframework.core.io.support.PathMatchingResourcePatternResolver - Resolved classpath location [com/widehouse/cafe/domain/article/] to resources [URL [file:/Users/kiel/Development/workspace/cafe/shared/build/classes/test/com/widehouse/cafe/domain/article/], URL [file:/Users/kiel/Development/workspace/cafe/shared/build/classes/main/com/widehouse/cafe/domain/article/]]
19:59:49.231 [Test worker] DEBUG org.springframework.core.io.support.PathMatchingResourcePatternResolver - Looking for matching resources in directory tree [/Users/kiel/Development/workspace/cafe/shared/build/classes/test/com/widehouse/cafe/domain/article]
19:59:49.231 [Test worker] DEBUG org.springframework.core.io.support.PathMatchingResourcePatternResolver - Searching directory [/Users/kiel/Development/workspace/cafe/shared/build/classes/test/com/widehouse/cafe/domain/article] for files matching pattern [/Users/kiel/Development/workspace/cafe/shared/build/classes/test/com/widehouse/cafe/domain/article/*.class]
19:59:49.237 [Test worker] DEBUG org.springframework.core.io.support.PathMatchingResourcePatternResolver - Looking for matching resources in directory tree [/Users/kiel/Development/workspace/cafe/shared/build/classes/main/com/widehouse/cafe/domain/article]
19:59:49.238 [Test worker] DEBUG org.springframework.core.io.support.PathMatchingResourcePatternResolver - Searching directory [/Users/kiel/Development/workspace/cafe/shared/build/classes/main/com/widehouse/cafe/domain/article] for files matching pattern [/Users/kiel/Development/workspace/cafe/shared/build/classes/main/com/widehouse/cafe/domain/article/*.class]
19:59:49.240 [Test worker] DEBUG org.springframework.core.io.support.PathMatchingResourcePatternResolver - Resolved location pattern [classpath*:com/widehouse/cafe/domain/article/*.class] to resources [file [/Users/kiel/Development/workspace/cafe/shared/build/classes/test/com/widehouse/cafe/domain/article/ArticleRepositoryTest.class], file [/Users/kiel/Development/workspace/cafe/shared/build/classes/test/com/widehouse/cafe/domain/article/ArticleTest.class], file [/Users/kiel/Development/workspace/cafe/shared/build/classes/test/com/widehouse/cafe/domain/article/CommentRepositoryTest.class], file [/Users/kiel/Development/workspace/cafe/shared/build/classes/test/com/widehouse/cafe/domain/article/CommentTest.class], file [/Users/kiel/Development/workspace/cafe/shared/build/classes/main/com/widehouse/cafe/domain/article/Article.class], file [/Users/kiel/Development/workspace/cafe/shared/build/classes/main/com/widehouse/cafe/domain/article/ArticleRepository.class], file [/Users/kiel/Development/workspace/cafe/shared/build/classes/main/com/widehouse/cafe/domain/article/Comment.class], file [/Users/kiel/Development/workspace/cafe/shared/build/classes/main/com/widehouse/cafe/domain/article/CommentRepository.class]]
19:59:49.315 [Test worker] DEBUG org.springframework.core.io.support.PathMatchingResourcePatternResolver - Resolved classpath location [com/widehouse/cafe/domain/] to resources [URL [file:/Users/kiel/Development/workspace/cafe/shared/build/classes/test/com/widehouse/cafe/domain/], URL [file:/Users/kiel/Development/workspace/cafe/shared/build/classes/main/com/widehouse/cafe/domain/]]
19:59:49.315 [Test worker] DEBUG org.springframework.core.io.support.PathMatchingResourcePatternResolver - Looking for matching resources in directory tree [/Users/kiel/Development/workspace/cafe/shared/build/classes/test/com/widehouse/cafe/domain]
19:59:49.316 [Test worker] DEBUG org.springframework.core.io.support.PathMatchingResourcePatternResolver - Searching directory [/Users/kiel/Development/workspace/cafe/shared/build/classes/test/com/widehouse/cafe/domain] for files matching pattern [/Users/kiel/Development/workspace/cafe/shared/build/classes/test/com/widehouse/cafe/domain/*.class]
19:59:49.317 [Test worker] DEBUG org.springframework.core.io.support.PathMatchingResourcePatternResolver - Looking for matching resources in directory tree [/Users/kiel/Development/workspace/cafe/shared/build/classes/main/com/widehouse/cafe/domain]
19:59:49.318 [Test worker] DEBUG org.springframework.core.io.support.PathMatchingResourcePatternResolver - Searching directory [/Users/kiel/Development/workspace/cafe/shared/build/classes/main/com/widehouse/cafe/domain] for files matching pattern [/Users/kiel/Development/workspace/cafe/shared/build/classes/main/com/widehouse/cafe/domain/*.class]
19:59:49.319 [Test worker] DEBUG org.springframework.core.io.support.PathMatchingResourcePatternResolver - Resolved location pattern [classpath*:com/widehouse/cafe/domain/*.class] to resources []
19:59:49.320 [Test worker] DEBUG org.springframework.core.io.support.PathMatchingResourcePatternResolver - Resolved classpath location [com/widehouse/cafe/] to resources [URL [file:/Users/kiel/Development/workspace/cafe/shared/build/classes/test/com/widehouse/cafe/], URL [file:/Users/kiel/Development/workspace/cafe/shared/build/classes/main/com/widehouse/cafe/]]
19:59:49.320 [Test worker] DEBUG org.springframework.core.io.support.PathMatchingResourcePatternResolver - Looking for matching resources in directory tree [/Users/kiel/Development/workspace/cafe/shared/build/classes/test/com/widehouse/cafe]
19:59:49.321 [Test worker] DEBUG org.springframework.core.io.support.PathMatchingResourcePatternResolver - Searching directory [/Users/kiel/Development/workspace/cafe/shared/build/classes/test/com/widehouse/cafe] for files matching pattern [/Users/kiel/Development/workspace/cafe/shared/build/classes/test/com/widehouse/cafe/*.class]
19:59:49.322 [Test worker] DEBUG org.springframework.core.io.support.PathMatchingResourcePatternResolver - Looking for matching resources in directory tree [/Users/kiel/Development/workspace/cafe/shared/build/classes/main/com/widehouse/cafe]
19:59:49.322 [Test worker] DEBUG org.springframework.core.io.support.PathMatchingResourcePatternResolver - Searching directory [/Users/kiel/Development/workspace/cafe/shared/build/classes/main/com/widehouse/cafe] for files matching pattern [/Users/kiel/Development/workspace/cafe/shared/build/classes/main/com/widehouse/cafe/*.class]
19:59:49.323 [Test worker] DEBUG org.springframework.core.io.support.PathMatchingResourcePatternResolver - Resolved location pattern [classpath*:com/widehouse/cafe/*.class] to resources [file [/Users/kiel/Development/workspace/cafe/shared/build/classes/main/com/widehouse/cafe/CafeApplication.class]]
19:59:49.381 [Test worker] DEBUG org.springframework.context.annotation.ClassPathScanningCandidateComponentProvider - Identified candidate component class: file [/Users/kiel/Development/workspace/cafe/shared/build/classes/main/com/widehouse/cafe/CafeApplication.class]
19:59:49.383 [Test worker] INFO org.springframework.boot.test.context.SpringBootTestContextBootstrapper - Found @SpringBootConfiguration com.widehouse.cafe.CafeApplication for test class com.widehouse.cafe.domain.article.ArticleRepositoryTest
19:59:49.391 [Test worker] DEBUG org.springframework.boot.test.context.SpringBootTestContextBootstrapper - @TestExecutionListeners is not present for class [com.widehouse.cafe.domain.article.ArticleRepositoryTest]: using defaults.
19:59:49.396 [Test worker] INFO org.springframework.boot.test.context.SpringBootTestContextBootstrapper - Loaded default TestExecutionListener class names from location [META-INF/spring.factories]: [org.springframework.boot.test.mock.mockito.MockitoTestExecutionListener, org.springframework.boot.test.mock.mockito.ResetMocksTestExecutionListener, org.springframework.boot.test.autoconfigure.restdocs.RestDocsTestExecutionListener, org.springframework.boot.test.autoconfigure.web.client.MockRestServiceServerResetTestExecutionListener, org.springframework.boot.test.autoconfigure.web.servlet.MockMvcPrintOnlyOnFailureTestExecutionListener, org.springframework.boot.test.autoconfigure.web.servlet.WebDriverTestExecutionListener, org.springframework.test.context.web.ServletTestExecutionListener, org.springframework.test.context.support.DirtiesContextBeforeModesTestExecutionListener, org.springframework.test.context.support.DependencyInjectionTestExecutionListener, org.springframework.test.context.support.DirtiesContextTestExecutionListener, org.springframework.test.context.transaction.TransactionalTestExecutionListener, org.springframework.test.context.jdbc.SqlScriptsTestExecutionListener]
19:59:49.444 [Test worker] INFO org.springframework.boot.test.context.SpringBootTestContextBootstrapper - Using TestExecutionListeners: [org.springframework.test.context.web.ServletTestExecutionListener@e360dea, org.springframework.test.context.support.DirtiesContextBeforeModesTestExecutionListener@cc3377f, org.springframework.boot.test.autoconfigure.SpringBootDependencyInjectionTestExecutionListener@57940310, org.springframework.test.context.support.DirtiesContextTestExecutionListener@7a14d60d, org.springframework.test.context.transaction.TransactionalTestExecutionListener@4473cdf8, org.springframework.test.context.jdbc.SqlScriptsTestExecutionListener@519e62c6, org.springframework.boot.test.mock.mockito.MockitoTestExecutionListener@26e56766, org.springframework.boot.test.mock.mockito.ResetMocksTestExecutionListener@7a1d6909, org.springframework.boot.test.autoconfigure.restdocs.RestDocsTestExecutionListener@205b67bf, org.springframework.boot.test.autoconfigure.web.client.MockRestServiceServerResetTestExecutionListener@271a920, org.springframework.boot.test.autoconfigure.web.servlet.MockMvcPrintOnlyOnFailureTestExecutionListener@f22205f, org.springframework.boot.test.autoconfigure.web.servlet.WebDriverTestExecutionListener@1e664593]
19:59:49.451 [Test worker] DEBUG org.springframework.test.annotation.ProfileValueUtils - Retrieved @ProfileValueSourceConfiguration [null] for test class [com.widehouse.cafe.domain.article.ArticleRepositoryTest]
19:59:49.453 [Test worker] DEBUG org.springframework.test.annotation.ProfileValueUtils - Retrieved ProfileValueSource type [class org.springframework.test.annotation.SystemProfileValueSource] for class [com.widehouse.cafe.domain.article.ArticleRepositoryTest]
19:59:49.455 [Test worker] DEBUG org.springframework.test.annotation.ProfileValueUtils - Retrieved @ProfileValueSourceConfiguration [null] for test class [com.widehouse.cafe.domain.article.ArticleRepositoryTest]
19:59:49.456 [Test worker] DEBUG org.springframework.test.annotation.ProfileValueUtils - Retrieved ProfileValueSource type [class org.springframework.test.annotation.SystemProfileValueSource] for class [com.widehouse.cafe.domain.article.ArticleRepositoryTest]
19:59:49.469 [Test worker] DEBUG org.springframework.test.context.support.AbstractDirtiesContextTestExecutionListener - Before test class: context [DefaultTestContext@7774d818 testClass = ArticleRepositoryTest, testInstance = [null], testMethod = [null], testException = [null], mergedContextConfiguration = [MergedContextConfiguration@19fd334b testClass = ArticleRepositoryTest, locations = '{}', classes = '{class com.widehouse.cafe.CafeApplication}', contextInitializerClasses = '[]', activeProfiles = '{}', propertySourceLocations = '{}', propertySourceProperties = '{org.springframework.boot.test.context.SpringBootTestContextBootstrapper=true}', contextCustomizers = set[[ImportsContextCustomizer@746495c2 key = [Package Import com.widehouse.cafe.domain.article, org.springframework.boot.autoconfigure.cache.CacheAutoConfiguration, org.springframework.boot.autoconfigure.data.jpa.JpaRepositoriesAutoConfiguration, org.springframework.boot.autoconfigure.flyway.FlywayAutoConfiguration, org.springframework.boot.autoconfigure.jdbc.DataSourceAutoConfiguration, org.springframework.boot.autoconfigure.jdbc.DataSourceTransactionManagerAutoConfiguration, org.springframework.boot.autoconfigure.jdbc.JdbcTemplateAutoConfiguration, org.springframework.boot.autoconfigure.liquibase.LiquibaseAutoConfiguration, org.springframework.boot.autoconfigure.orm.jpa.HibernateJpaAutoConfiguration, org.springframework.boot.autoconfigure.transaction.TransactionAutoConfiguration, org.springframework.boot.test.autoconfigure.jdbc.TestDatabaseAutoConfiguration, org.springframework.boot.test.autoconfigure.orm.jpa.TestEntityManagerAutoConfiguration]], org.springframework.boot.test.context.filter.ExcludeFilterContextCustomizer@1b1bfc58, org.springframework.boot.test.mock.mockito.MockitoContextCustomizer@0, org.springframework.boot.test.autoconfigure.OverrideAutoConfigurationContextCustomizerFactory$DisableAutoConfigurationContextCustomizer@53f1b31c, org.springframework.boot.test.autoconfigure.filter.TypeExcludeFiltersContextCustomizer@351584c0, org.springframework.boot.test.autoconfigure.properties.PropertyMappingContextCustomizer@2ec77400, org.springframework.boot.test.autoconfigure.web.servlet.WebDriverContextCustomizerFactory$Customizer@5cb24dfb], contextLoader = 'org.springframework.boot.test.context.SpringBootContextLoader', parent = [null]]], class annotated with @DirtiesContext [false] with mode [null].
19:59:49.471 [Test worker] DEBUG org.springframework.test.annotation.ProfileValueUtils - Retrieved @ProfileValueSourceConfiguration [null] for test class [com.widehouse.cafe.domain.article.ArticleRepositoryTest]
19:59:49.472 [Test worker] DEBUG org.springframework.test.annotation.ProfileValueUtils - Retrieved ProfileValueSource type [class org.springframework.test.annotation.SystemProfileValueSource] for class [com.widehouse.cafe.domain.article.ArticleRepositoryTest]
19:59:49.475 [Test worker] DEBUG org.springframework.test.context.support.DependencyInjectionTestExecutionListener - Performing dependency injection for test context [[DefaultTestContext@7774d818 testClass = ArticleRepositoryTest, testInstance = com.widehouse.cafe.domain.article.ArticleRepositoryTest@1399e63a, testMethod = [null], testException = [null], mergedContextConfiguration = [MergedContextConfiguration@19fd334b testClass = ArticleRepositoryTest, locations = '{}', classes = '{class com.widehouse.cafe.CafeApplication}', contextInitializerClasses = '[]', activeProfiles = '{}', propertySourceLocations = '{}', propertySourceProperties = '{org.springframework.boot.test.context.SpringBootTestContextBootstrapper=true}', contextCustomizers = set[[ImportsContextCustomizer@746495c2 key = [Package Import com.widehouse.cafe.domain.article, org.springframework.boot.autoconfigure.cache.CacheAutoConfiguration, org.springframework.boot.autoconfigure.data.jpa.JpaRepositoriesAutoConfiguration, org.springframework.boot.autoconfigure.flyway.FlywayAutoConfiguration, org.springframework.boot.autoconfigure.jdbc.DataSourceAutoConfiguration, org.springframework.boot.autoconfigure.jdbc.DataSourceTransactionManagerAutoConfiguration, org.springframework.boot.autoconfigure.jdbc.JdbcTemplateAutoConfiguration, org.springframework.boot.autoconfigure.liquibase.LiquibaseAutoConfiguration, org.springframework.boot.autoconfigure.orm.jpa.HibernateJpaAutoConfiguration, org.springframework.boot.autoconfigure.transaction.TransactionAutoConfiguration, org.springframework.boot.test.autoconfigure.jdbc.TestDatabaseAutoConfiguration, org.springframework.boot.test.autoconfigure.orm.jpa.TestEntityManagerAutoConfiguration]], org.springframework.boot.test.context.filter.ExcludeFilterContextCustomizer@1b1bfc58, org.springframework.boot.test.mock.mockito.MockitoContextCustomizer@0, org.springframework.boot.test.autoconfigure.OverrideAutoConfigurationContextCustomizerFactory$DisableAutoConfigurationContextCustomizer@53f1b31c, org.springframework.boot.test.autoconfigure.filter.TypeExcludeFiltersContextCustomizer@351584c0, org.springframework.boot.test.autoconfigure.properties.PropertyMappingContextCustomizer@2ec77400, org.springframework.boot.test.autoconfigure.web.servlet.WebDriverContextCustomizerFactory$Customizer@5cb24dfb], contextLoader = 'org.springframework.boot.test.context.SpringBootContextLoader', parent = [null]]]].
19:59:49.622 [Test worker] DEBUG org.springframework.core.env.StandardEnvironment - Adding [systemProperties] PropertySource with lowest search precedence
19:59:49.623 [Test worker] DEBUG org.springframework.core.env.StandardEnvironment - Adding [systemEnvironment] PropertySource with lowest search precedence
19:59:49.623 [Test worker] DEBUG org.springframework.core.env.StandardEnvironment - Initialized StandardEnvironment with PropertySources [systemProperties,systemEnvironment]
19:59:49.627 [Test worker] DEBUG org.springframework.core.env.MutablePropertySources - Adding [inline] PropertySource with highest search precedence
19:59:49.642 [Test worker] DEBUG org.springframework.test.context.support.TestPropertySourceUtils - Adding inlined properties to environment: {spring.jmx.enabled=false, org.springframework.boot.test.context.SpringBootTestContextBootstrapper=true, server.port=-1}
19:59:49.643 [Test worker] DEBUG org.springframework.core.env.StandardEnvironment - Adding [Inlined Test Properties] PropertySource with highest search precedence

  .   ____          _            __ _ _
 /\\ / ___'_ __ _ _(_)_ __  __ _ \ \ \ \
( ( )\___ | '_ | '_| | '_ \/ _` | \ \ \ \
 \\/  ___)| |_)| | | | | || (_| |  ) ) ) )
  '  |____| .__|_| |_|_| |_\__, | / / / /
 =========|_|==============|___/=/_/_/_/
 :: Spring Boot ::        (v1.5.1.RELEASE)

2017-02-28 19:59:50.588  INFO 3618 --- [    Test worker] c.w.c.d.article.ArticleRepositoryTest    : Starting ArticleRepositoryTest on Kiel-MBP-2.fios-router.home with PID 3618 (started by kiel in /Users/kiel/Development/workspace/cafe/shared)
2017-02-28 19:59:50.590 DEBUG 3618 --- [    Test worker] c.w.c.d.article.ArticleRepositoryTest    : Running with Spring Boot v1.5.1.RELEASE, Spring v4.3.6.RELEASE
2017-02-28 19:59:50.591  INFO 3618 --- [    Test worker] c.w.c.d.article.ArticleRepositoryTest    : No active profile set, falling back to default profiles: default
2017-02-28 19:59:50.638  INFO 3618 --- [    Test worker] s.c.a.AnnotationConfigApplicationContext : Refreshing org.springframework.context.annotation.AnnotationConfigApplicationContext@4b36f616: startup date [Tue Feb 28 19:59:50 EST 2017]; root of context hierarchy
2017-02-28 19:59:51.952  INFO 3618 --- [    Test worker] beddedDataSourceBeanFactoryPostProcessor : Replacing 'dataSource' DataSource bean with embedded version
2017-02-28 19:59:51.954  INFO 3618 --- [    Test worker] o.s.b.f.s.DefaultListableBeanFactory     : Overriding bean definition for bean 'dataSource' with a different definition: replacing [Root bean: class [null]; scope=; abstract=false; lazyInit=false; autowireMode=3; dependencyCheck=0; autowireCandidate=true; primary=false; factoryBeanName=org.springframework.boot.autoconfigure.jdbc.DataSourceConfiguration$Tomcat; factoryMethodName=dataSource; initMethodName=null; destroyMethodName=(inferred); defined in class path resource [org/springframework/boot/autoconfigure/jdbc/DataSourceConfiguration$Tomcat.class]] with [Root bean: class [org.springframework.boot.test.autoconfigure.jdbc.TestDatabaseAutoConfiguration$EmbeddedDataSourceFactoryBean]; scope=; abstract=false; lazyInit=false; autowireMode=0; dependencyCheck=0; autowireCandidate=true; primary=false; factoryBeanName=null; factoryMethodName=null; initMethodName=null; destroyMethodName=null]
2017-02-28 19:59:51.956  WARN 3618 --- [    Test worker] o.s.c.a.ConfigurationClassPostProcessor  : Cannot enhance @Configuration bean definition 'embeddedDataSourceBeanFactoryPostProcessor' since its singleton instance has been created too early. The typical cause is a non-static @Bean method with a BeanDefinitionRegistryPostProcessor return type: Consider declaring such methods as 'static'.
2017-02-28 19:59:52.498  INFO 3618 --- [    Test worker] o.s.j.d.e.EmbeddedDatabaseFactory        : Starting embedded database: url='jdbc:h2:mem:7c56ac85-c4d6-48aa-a968-e01aa1237fb8;DB_CLOSE_DELAY=-1;DB_CLOSE_ON_EXIT=false', username='sa'
2017-02-28 19:59:53.758  INFO 3618 --- [    Test worker] j.LocalContainerEntityManagerFactoryBean : Building JPA container EntityManagerFactory for persistence unit 'default'
2017-02-28 19:59:53.804  INFO 3618 --- [    Test worker] o.hibernate.jpa.internal.util.LogHelper  : HHH000204: Processing PersistenceUnitInfo [
	name: default
	...]
2017-02-28 19:59:54.098  INFO 3618 --- [    Test worker] org.hibernate.Version                    : HHH000412: Hibernate Core {5.0.11.Final}
2017-02-28 19:59:54.101  INFO 3618 --- [    Test worker] org.hibernate.cfg.Environment            : HHH000206: hibernate.properties not found
2017-02-28 19:59:54.104  INFO 3618 --- [    Test worker] org.hibernate.cfg.Environment            : HHH000021: Bytecode provider name : javassist
2017-02-28 19:59:54.198  INFO 3618 --- [    Test worker] o.hibernate.annotations.common.Version   : HCANN000001: Hibernate Commons Annotations {5.0.1.Final}
2017-02-28 19:59:54.545  INFO 3618 --- [    Test worker] org.hibernate.dialect.Dialect            : HHH000400: Using dialect: org.hibernate.dialect.MySQLDialect
2017-02-28 19:59:55.478  INFO 3618 --- [    Test worker] org.hibernate.tuple.PojoInstantiator     : HHH000182: No default (no-argument) constructor for class: com.widehouse.cafe.domain.cafemember.CafeMember (class must be instantiated by Interceptor)
2017-02-28 19:59:55.902  INFO 3618 --- [    Test worker] org.hibernate.tuple.PojoInstantiator     : HHH000182: No default (no-argument) constructor for class: com.widehouse.cafe.domain.cafemember.CafeMember (class must be instantiated by Interceptor)
2017-02-28 19:59:55.905  INFO 3618 --- [    Test worker] org.hibernate.tuple.PojoInstantiator     : HHH000182: No default (no-argument) constructor for class: com.widehouse.cafe.domain.cafemember.CafeMember (class must be instantiated by Interceptor)
2017-02-28 19:59:55.909  INFO 3618 --- [    Test worker] org.hibernate.tuple.PojoInstantiator     : HHH000182: No default (no-argument) constructor for class: com.widehouse.cafe.domain.cafemember.CafeMember (class must be instantiated by Interceptor)
2017-02-28 19:59:55.913  INFO 3618 --- [    Test worker] org.hibernate.tuple.PojoInstantiator     : HHH000182: No default (no-argument) constructor for class: com.widehouse.cafe.domain.cafemember.CafeMember (class must be instantiated by Interceptor)
2017-02-28 19:59:55.915  INFO 3618 --- [    Test worker] org.hibernate.tuple.PojoInstantiator     : HHH000182: No default (no-argument) constructor for class: com.widehouse.cafe.domain.cafemember.CafeMember (class must be instantiated by Interceptor)
2017-02-28 19:59:55.916  INFO 3618 --- [    Test worker] org.hibernate.tuple.PojoInstantiator     : HHH000182: No default (no-argument) constructor for class: com.widehouse.cafe.domain.cafemember.CafeMember (class must be instantiated by Interceptor)
2017-02-28 19:59:56.345  INFO 3618 --- [    Test worker] org.hibernate.tool.hbm2ddl.SchemaExport  : HHH000227: Running hbm2ddl schema export
Hibernate: 
    alter table article 
        drop 
        foreign key FK2y7w132xb5xp1aiouig87aqjo
2017-02-28 19:59:56.350 ERROR 3618 --- [    Test worker] org.hibernate.tool.hbm2ddl.SchemaExport  : HHH000389: Unsuccessful: alter table article drop foreign key FK2y7w132xb5xp1aiouig87aqjo
2017-02-28 19:59:56.350 ERROR 3618 --- [    Test worker] org.hibernate.tool.hbm2ddl.SchemaExport  : Table "ARTICLE" not found; SQL statement:

    alter table article 
        drop 
        foreign key FK2y7w132xb5xp1aiouig87aqjo [42102-193]
Hibernate: 
    alter table article 
        drop 
        foreign key FK5f6cq4n0pw2m9qjvsggq0g8n3
2017-02-28 19:59:56.351 ERROR 3618 --- [    Test worker] org.hibernate.tool.hbm2ddl.SchemaExport  : HHH000389: Unsuccessful: alter table article drop foreign key FK5f6cq4n0pw2m9qjvsggq0g8n3
2017-02-28 19:59:56.352 ERROR 3618 --- [    Test worker] org.hibernate.tool.hbm2ddl.SchemaExport  : Table "ARTICLE" not found; SQL statement:

    alter table article 
        drop 
        foreign key FK5f6cq4n0pw2m9qjvsggq0g8n3 [42102-193]
Hibernate: 
    alter table article 
        drop 
        foreign key FKnb2hbmy476nrjmhb5qa2j3gxl
2017-02-28 19:59:56.352 ERROR 3618 --- [    Test worker] org.hibernate.tool.hbm2ddl.SchemaExport  : HHH000389: Unsuccessful: alter table article drop foreign key FKnb2hbmy476nrjmhb5qa2j3gxl
2017-02-28 19:59:56.353 ERROR 3618 --- [    Test worker] org.hibernate.tool.hbm2ddl.SchemaExport  : Table "ARTICLE" not found; SQL statement:

    alter table article 
        drop 
        foreign key FKnb2hbmy476nrjmhb5qa2j3gxl [42102-193]
Hibernate: 
    alter table board 
        drop 
        foreign key FKb4mbnyvplmrnhrowpmh68vygy
2017-02-28 19:59:56.354 ERROR 3618 --- [    Test worker] org.hibernate.tool.hbm2ddl.SchemaExport  : HHH000389: Unsuccessful: alter table board drop foreign key FKb4mbnyvplmrnhrowpmh68vygy
2017-02-28 19:59:56.354 ERROR 3618 --- [    Test worker] org.hibernate.tool.hbm2ddl.SchemaExport  : Table "BOARD" not found; SQL statement:

    alter table board 
        drop 
        foreign key FKb4mbnyvplmrnhrowpmh68vygy [42102-193]
Hibernate: 
    alter table cafe 
        drop 
        foreign key FK3ogxcjbcw5u4wq5vxswp1q5mw
2017-02-28 19:59:56.355 ERROR 3618 --- [    Test worker] org.hibernate.tool.hbm2ddl.SchemaExport  : HHH000389: Unsuccessful: alter table cafe drop foreign key FK3ogxcjbcw5u4wq5vxswp1q5mw
2017-02-28 19:59:56.355 ERROR 3618 --- [    Test worker] org.hibernate.tool.hbm2ddl.SchemaExport  : Table "CAFE" not found; SQL statement:

    alter table cafe 
        drop 
        foreign key FK3ogxcjbcw5u4wq5vxswp1q5mw [42102-193]
Hibernate: 
    alter table cafe_member 
        drop 
        foreign key FK6wfe3rrg8veu24j9flwp6av7p
2017-02-28 19:59:56.356 ERROR 3618 --- [    Test worker] org.hibernate.tool.hbm2ddl.SchemaExport  : HHH000389: Unsuccessful: alter table cafe_member drop foreign key FK6wfe3rrg8veu24j9flwp6av7p
2017-02-28 19:59:56.356 ERROR 3618 --- [    Test worker] org.hibernate.tool.hbm2ddl.SchemaExport  : Table "CAFE_MEMBER" not found; SQL statement:

    alter table cafe_member 
        drop 
        foreign key FK6wfe3rrg8veu24j9flwp6av7p [42102-193]
Hibernate: 
    alter table cafe_member 
        drop 
        foreign key FKp4vtm2u9e6j1kjkvm7amp2h60
2017-02-28 19:59:56.357 ERROR 3618 --- [    Test worker] org.hibernate.tool.hbm2ddl.SchemaExport  : HHH000389: Unsuccessful: alter table cafe_member drop foreign key FKp4vtm2u9e6j1kjkvm7amp2h60
2017-02-28 19:59:56.357 ERROR 3618 --- [    Test worker] org.hibernate.tool.hbm2ddl.SchemaExport  : Table "CAFE_MEMBER" not found; SQL statement:

    alter table cafe_member 
        drop 
        foreign key FKp4vtm2u9e6j1kjkvm7amp2h60 [42102-193]
Hibernate: 
    alter table comment 
        drop 
        foreign key FK5yx0uphgjc6ik6hb82kkw501y
2017-02-28 19:59:56.358 ERROR 3618 --- [    Test worker] org.hibernate.tool.hbm2ddl.SchemaExport  : HHH000389: Unsuccessful: alter table comment drop foreign key FK5yx0uphgjc6ik6hb82kkw501y
2017-02-28 19:59:56.359 ERROR 3618 --- [    Test worker] org.hibernate.tool.hbm2ddl.SchemaExport  : Table "COMMENT" not found; SQL statement:

    alter table comment 
        drop 
        foreign key FK5yx0uphgjc6ik6hb82kkw501y [42102-193]
Hibernate: 
    alter table comment 
        drop 
        foreign key FKkkdf3y7qctevtw918afg82uw7
2017-02-28 19:59:56.359 ERROR 3618 --- [    Test worker] org.hibernate.tool.hbm2ddl.SchemaExport  : HHH000389: Unsuccessful: alter table comment drop foreign key FKkkdf3y7qctevtw918afg82uw7
2017-02-28 19:59:56.360 ERROR 3618 --- [    Test worker] org.hibernate.tool.hbm2ddl.SchemaExport  : Table "COMMENT" not found; SQL statement:

    alter table comment 
        drop 
        foreign key FKkkdf3y7qctevtw918afg82uw7 [42102-193]
Hibernate: 
    drop table if exists article
Hibernate: 
    drop table if exists board
Hibernate: 
    drop table if exists cafe
Hibernate: 
    drop table if exists cafe_member
Hibernate: 
    drop table if exists category
Hibernate: 
    drop table if exists comment
Hibernate: 
    drop table if exists member
Hibernate: 
    create table article (
        id bigint not null auto_increment,
        comment_count integer not null,
        content longtext,
        create_date_time datetime,
        title longtext,
        update_date_time datetime,
        board_id bigint,
        cafe_id bigint,
        writer_id bigint,
        primary key (id)
    )
Hibernate: 
    create table board (
        id bigint not null auto_increment,
        list_order integer not null check (list_order>=1),
        name varchar(50),
        cafe_id bigint,
        primary key (id)
    )
Hibernate: 
    create table cafe (
        id bigint not null auto_increment,
        create_date_time datetime,
        description longtext,
        name varchar(100),
        cafe_article_count bigint,
        cafe_comment_count bigint,
        cafe_member_count bigint,
        cafe_visit_count bigint,
        url varchar(30),
        visibility varchar(255) not null,
        category_id bigint,
        primary key (id)
    )
Hibernate: 
    create table cafe_member (
        join_date datetime,
        role varchar(255),
        member_id bigint not null,
        cafe_id bigint not null,
        primary key (cafe_id, member_id)
    )
Hibernate: 
    create table category (
        id bigint not null auto_increment,
        create_date_time datetime,
        list_order integer not null,
        name varchar(255),
        primary key (id)
    )
Hibernate: 
    create table comment (
        id bigint not null auto_increment,
        comment longtext,
        create_date_time datetime,
        update_date_time datetime,
        article_id bigint,
        commenter_id bigint,
        primary key (id)
    )
Hibernate: 
    create table member (
        id bigint not null auto_increment,
        nickname varchar(30),
        primary key (id)
    )
Hibernate: 
    alter table cafe 
        add constraint UKit98p4n4mjd3i1642wipaufan unique (url)
Hibernate: 
    alter table article 
        add constraint FK2y7w132xb5xp1aiouig87aqjo 
        foreign key (board_id) 
        references board (id)
Hibernate: 
    alter table article 
        add constraint FK5f6cq4n0pw2m9qjvsggq0g8n3 
        foreign key (cafe_id) 
        references cafe (id)
Hibernate: 
    alter table article 
        add constraint FKnb2hbmy476nrjmhb5qa2j3gxl 
        foreign key (writer_id) 
        references member (id)
Hibernate: 
    alter table board 
        add constraint FKb4mbnyvplmrnhrowpmh68vygy 
        foreign key (cafe_id) 
        references cafe (id)
Hibernate: 
    alter table cafe 
        add constraint FK3ogxcjbcw5u4wq5vxswp1q5mw 
        foreign key (category_id) 
        references category (id)
Hibernate: 
    alter table cafe_member 
        add constraint FK6wfe3rrg8veu24j9flwp6av7p 
        foreign key (member_id) 
        references member (id)
Hibernate: 
    alter table cafe_member 
        add constraint FKp4vtm2u9e6j1kjkvm7amp2h60 
        foreign key (cafe_id) 
        references cafe (id)
Hibernate: 
    alter table comment 
        add constraint FK5yx0uphgjc6ik6hb82kkw501y 
        foreign key (article_id) 
        references article (id)
Hibernate: 
    alter table comment 
        add constraint FKkkdf3y7qctevtw918afg82uw7 
        foreign key (commenter_id) 
        references member (id)
2017-02-28 19:59:56.450  INFO 3618 --- [    Test worker] org.hibernate.tool.hbm2ddl.SchemaExport  : HHH000230: Schema export complete
2017-02-28 19:59:56.545  INFO 3618 --- [    Test worker] j.LocalContainerEntityManagerFactoryBean : Initialized JPA EntityManagerFactory for persistence unit 'default'
2017-02-28 19:59:57.105  INFO 3618 --- [    Test worker] o.h.h.i.QueryTranslatorFactoryInitiator  : HHH000397: Using ASTQueryTranslatorFactory
2017-02-28 19:59:57.699  INFO 3618 --- [    Test worker] c.w.c.d.article.ArticleRepositoryTest    : Started ArticleRepositoryTest in 8.05 seconds (JVM running for 10.501)
2017-02-28 19:59:58.030  INFO 3618 --- [    Test worker] o.s.t.c.transaction.TransactionContext   : Began transaction (1) for test context [DefaultTestContext@7774d818 testClass = ArticleRepositoryTest, testInstance = com.widehouse.cafe.domain.article.ArticleRepositoryTest@1399e63a, testMethod = findByCafe_Should_Return_ListArticle@ArticleRepositoryTest, testException = [null], mergedContextConfiguration = [MergedContextConfiguration@19fd334b testClass = ArticleRepositoryTest, locations = '{}', classes = '{class com.widehouse.cafe.CafeApplication}', contextInitializerClasses = '[]', activeProfiles = '{}', propertySourceLocations = '{}', propertySourceProperties = '{org.springframework.boot.test.context.SpringBootTestContextBootstrapper=true}', contextCustomizers = set[[ImportsContextCustomizer@746495c2 key = [Package Import com.widehouse.cafe.domain.article, org.springframework.boot.autoconfigure.cache.CacheAutoConfiguration, org.springframework.boot.autoconfigure.data.jpa.JpaRepositoriesAutoConfiguration, org.springframework.boot.autoconfigure.flyway.FlywayAutoConfiguration, org.springframework.boot.autoconfigure.jdbc.DataSourceAutoConfiguration, org.springframework.boot.autoconfigure.jdbc.DataSourceTransactionManagerAutoConfiguration, org.springframework.boot.autoconfigure.jdbc.JdbcTemplateAutoConfiguration, org.springframework.boot.autoconfigure.liquibase.LiquibaseAutoConfiguration, org.springframework.boot.autoconfigure.orm.jpa.HibernateJpaAutoConfiguration, org.springframework.boot.autoconfigure.transaction.TransactionAutoConfiguration, org.springframework.boot.test.autoconfigure.jdbc.TestDatabaseAutoConfiguration, org.springframework.boot.test.autoconfigure.orm.jpa.TestEntityManagerAutoConfiguration]], org.springframework.boot.test.context.filter.ExcludeFilterContextCustomizer@1b1bfc58, org.springframework.boot.test.mock.mockito.MockitoContextCustomizer@0, org.springframework.boot.test.autoconfigure.OverrideAutoConfigurationContextCustomizerFactory$DisableAutoConfigurationContextCustomizer@53f1b31c, org.springframework.boot.test.autoconfigure.filter.TypeExcludeFiltersContextCustomizer@351584c0, org.springframework.boot.test.autoconfigure.properties.PropertyMappingContextCustomizer@2ec77400, org.springframework.boot.test.autoconfigure.web.servlet.WebDriverContextCustomizerFactory$Customizer@5cb24dfb], contextLoader = 'org.springframework.boot.test.context.SpringBootContextLoader', parent = [null]]]; transaction manager [org.springframework.orm.jpa.JpaTransactionManager@3ce086f8]; rollback [true]
Hibernate: 
    insert 
    into
        cafe
        (category_id, create_date_time, description, name, cafe_article_count, cafe_comment_count, cafe_member_count, cafe_visit_count, url, visibility) 
    values
        (?, ?, ?, ?, ?, ?, ?, ?, ?, ?)
Hibernate: 
    insert 
    into
        board
        (cafe_id, list_order, name) 
    values
        (?, ?, ?)
Hibernate: 
    insert 
    into
        board
        (cafe_id, list_order, name) 
    values
        (?, ?, ?)
Hibernate: 
    insert 
    into
        member
        (nickname) 
    values
        (?)
Hibernate: 
    insert 
    into
        article
        (board_id, cafe_id, comment_count, content, create_date_time, title, update_date_time, writer_id) 
    values
        (?, ?, ?, ?, ?, ?, ?, ?)
Hibernate: 
    insert 
    into
        article
        (board_id, cafe_id, comment_count, content, create_date_time, title, update_date_time, writer_id) 
    values
        (?, ?, ?, ?, ?, ?, ?, ?)
Hibernate: 
    insert 
    into
        article
        (board_id, cafe_id, comment_count, content, create_date_time, title, update_date_time, writer_id) 
    values
        (?, ?, ?, ?, ?, ?, ?, ?)
Hibernate: 
    select
        article0_.id as id1_0_,
        article0_.board_id as board_id7_0_,
        article0_.cafe_id as cafe_id8_0_,
        article0_.comment_count as comment_2_0_,
        article0_.content as content3_0_,
        article0_.create_date_time as create_d4_0_,
        article0_.title as title5_0_,
        article0_.update_date_time as update_d6_0_,
        article0_.writer_id as writer_i9_0_ 
    from
        article article0_ 
    left outer join
        cafe cafe1_ 
            on article0_.cafe_id=cafe1_.id 
    where
        cafe1_.id=? 
    order by
        article0_.id desc limit ?
2017-02-28 19:59:58.532  INFO 3618 --- [    Test worker] o.s.t.c.transaction.TransactionContext   : Rolled back transaction for test context [DefaultTestContext@7774d818 testClass = ArticleRepositoryTest, testInstance = com.widehouse.cafe.domain.article.ArticleRepositoryTest@1399e63a, testMethod = findByCafe_Should_Return_ListArticle@ArticleRepositoryTest, testException = [null], mergedContextConfiguration = [MergedContextConfiguration@19fd334b testClass = ArticleRepositoryTest, locations = '{}', classes = '{class com.widehouse.cafe.CafeApplication}', contextInitializerClasses = '[]', activeProfiles = '{}', propertySourceLocations = '{}', propertySourceProperties = '{org.springframework.boot.test.context.SpringBootTestContextBootstrapper=true}', contextCustomizers = set[[ImportsContextCustomizer@746495c2 key = [Package Import com.widehouse.cafe.domain.article, org.springframework.boot.autoconfigure.cache.CacheAutoConfiguration, org.springframework.boot.autoconfigure.data.jpa.JpaRepositoriesAutoConfiguration, org.springframework.boot.autoconfigure.flyway.FlywayAutoConfiguration, org.springframework.boot.autoconfigure.jdbc.DataSourceAutoConfiguration, org.springframework.boot.autoconfigure.jdbc.DataSourceTransactionManagerAutoConfiguration, org.springframework.boot.autoconfigure.jdbc.JdbcTemplateAutoConfiguration, org.springframework.boot.autoconfigure.liquibase.LiquibaseAutoConfiguration, org.springframework.boot.autoconfigure.orm.jpa.HibernateJpaAutoConfiguration, org.springframework.boot.autoconfigure.transaction.TransactionAutoConfiguration, org.springframework.boot.test.autoconfigure.jdbc.TestDatabaseAutoConfiguration, org.springframework.boot.test.autoconfigure.orm.jpa.TestEntityManagerAutoConfiguration]], org.springframework.boot.test.context.filter.ExcludeFilterContextCustomizer@1b1bfc58, org.springframework.boot.test.mock.mockito.MockitoContextCustomizer@0, org.springframework.boot.test.autoconfigure.OverrideAutoConfigurationContextCustomizerFactory$DisableAutoConfigurationContextCustomizer@53f1b31c, org.springframework.boot.test.autoconfigure.filter.TypeExcludeFiltersContextCustomizer@351584c0, org.springframework.boot.test.autoconfigure.properties.PropertyMappingContextCustomizer@2ec77400, org.springframework.boot.test.autoconfigure.web.servlet.WebDriverContextCustomizerFactory$Customizer@5cb24dfb], contextLoader = 'org.springframework.boot.test.context.SpringBootContextLoader', parent = [null]]].
2017-02-28 19:59:58.545  INFO 3618 --- [    Test worker] o.s.t.c.transaction.TransactionContext   : Began transaction (1) for test context [DefaultTestContext@7774d818 testClass = ArticleRepositoryTest, testInstance = com.widehouse.cafe.domain.article.ArticleRepositoryTest@15da1453, testMethod = findByBoard_Should_Return_ListArticle@ArticleRepositoryTest, testException = [null], mergedContextConfiguration = [MergedContextConfiguration@19fd334b testClass = ArticleRepositoryTest, locations = '{}', classes = '{class com.widehouse.cafe.CafeApplication}', contextInitializerClasses = '[]', activeProfiles = '{}', propertySourceLocations = '{}', propertySourceProperties = '{org.springframework.boot.test.context.SpringBootTestContextBootstrapper=true}', contextCustomizers = set[[ImportsContextCustomizer@746495c2 key = [Package Import com.widehouse.cafe.domain.article, org.springframework.boot.autoconfigure.cache.CacheAutoConfiguration, org.springframework.boot.autoconfigure.data.jpa.JpaRepositoriesAutoConfiguration, org.springframework.boot.autoconfigure.flyway.FlywayAutoConfiguration, org.springframework.boot.autoconfigure.jdbc.DataSourceAutoConfiguration, org.springframework.boot.autoconfigure.jdbc.DataSourceTransactionManagerAutoConfiguration, org.springframework.boot.autoconfigure.jdbc.JdbcTemplateAutoConfiguration, org.springframework.boot.autoconfigure.liquibase.LiquibaseAutoConfiguration, org.springframework.boot.autoconfigure.orm.jpa.HibernateJpaAutoConfiguration, org.springframework.boot.autoconfigure.transaction.TransactionAutoConfiguration, org.springframework.boot.test.autoconfigure.jdbc.TestDatabaseAutoConfiguration, org.springframework.boot.test.autoconfigure.orm.jpa.TestEntityManagerAutoConfiguration]], org.springframework.boot.test.context.filter.ExcludeFilterContextCustomizer@1b1bfc58, org.springframework.boot.test.mock.mockito.MockitoContextCustomizer@0, org.springframework.boot.test.autoconfigure.OverrideAutoConfigurationContextCustomizerFactory$DisableAutoConfigurationContextCustomizer@53f1b31c, org.springframework.boot.test.autoconfigure.filter.TypeExcludeFiltersContextCustomizer@351584c0, org.springframework.boot.test.autoconfigure.properties.PropertyMappingContextCustomizer@2ec77400, org.springframework.boot.test.autoconfigure.web.servlet.WebDriverContextCustomizerFactory$Customizer@5cb24dfb], contextLoader = 'org.springframework.boot.test.context.SpringBootContextLoader', parent = [null]]]; transaction manager [org.springframework.orm.jpa.JpaTransactionManager@3ce086f8]; rollback [true]
Hibernate: 
    insert 
    into
        cafe
        (category_id, create_date_time, description, name, cafe_article_count, cafe_comment_count, cafe_member_count, cafe_visit_count, url, visibility) 
    values
        (?, ?, ?, ?, ?, ?, ?, ?, ?, ?)
Hibernate: 
    insert 
    into
        board
        (cafe_id, list_order, name) 
    values
        (?, ?, ?)
Hibernate: 
    insert 
    into
        board
        (cafe_id, list_order, name) 
    values
        (?, ?, ?)
Hibernate: 
    insert 
    into
        member
        (nickname) 
    values
        (?)
Hibernate: 
    insert 
    into
        article
        (board_id, cafe_id, comment_count, content, create_date_time, title, update_date_time, writer_id) 
    values
        (?, ?, ?, ?, ?, ?, ?, ?)
Hibernate: 
    insert 
    into
        article
        (board_id, cafe_id, comment_count, content, create_date_time, title, update_date_time, writer_id) 
    values
        (?, ?, ?, ?, ?, ?, ?, ?)
Hibernate: 
    insert 
    into
        article
        (board_id, cafe_id, comment_count, content, create_date_time, title, update_date_time, writer_id) 
    values
        (?, ?, ?, ?, ?, ?, ?, ?)
Hibernate: 
    select
        article0_.id as id1_0_,
        article0_.board_id as board_id7_0_,
        article0_.cafe_id as cafe_id8_0_,
        article0_.comment_count as comment_2_0_,
        article0_.content as content3_0_,
        article0_.create_date_time as create_d4_0_,
        article0_.title as title5_0_,
        article0_.update_date_time as update_d6_0_,
        article0_.writer_id as writer_i9_0_ 
    from
        article article0_ 
    left outer join
        board board1_ 
            on article0_.board_id=board1_.id 
    where
        board1_.id=? 
    order by
        article0_.id desc limit ?
2017-02-28 19:59:58.601  INFO 3618 --- [    Test worker] o.s.t.c.transaction.TransactionContext   : Rolled back transaction for test context [DefaultTestContext@7774d818 testClass = ArticleRepositoryTest, testInstance = com.widehouse.cafe.domain.article.ArticleRepositoryTest@15da1453, testMethod = findByBoard_Should_Return_ListArticle@ArticleRepositoryTest, testException = [null], mergedContextConfiguration = [MergedContextConfiguration@19fd334b testClass = ArticleRepositoryTest, locations = '{}', classes = '{class com.widehouse.cafe.CafeApplication}', contextInitializerClasses = '[]', activeProfiles = '{}', propertySourceLocations = '{}', propertySourceProperties = '{org.springframework.boot.test.context.SpringBootTestContextBootstrapper=true}', contextCustomizers = set[[ImportsContextCustomizer@746495c2 key = [Package Import com.widehouse.cafe.domain.article, org.springframework.boot.autoconfigure.cache.CacheAutoConfiguration, org.springframework.boot.autoconfigure.data.jpa.JpaRepositoriesAutoConfiguration, org.springframework.boot.autoconfigure.flyway.FlywayAutoConfiguration, org.springframework.boot.autoconfigure.jdbc.DataSourceAutoConfiguration, org.springframework.boot.autoconfigure.jdbc.DataSourceTransactionManagerAutoConfiguration, org.springframework.boot.autoconfigure.jdbc.JdbcTemplateAutoConfiguration, org.springframework.boot.autoconfigure.liquibase.LiquibaseAutoConfiguration, org.springframework.boot.autoconfigure.orm.jpa.HibernateJpaAutoConfiguration, org.springframework.boot.autoconfigure.transaction.TransactionAutoConfiguration, org.springframework.boot.test.autoconfigure.jdbc.TestDatabaseAutoConfiguration, org.springframework.boot.test.autoconfigure.orm.jpa.TestEntityManagerAutoConfiguration]], org.springframework.boot.test.context.filter.ExcludeFilterContextCustomizer@1b1bfc58, org.springframework.boot.test.mock.mockito.MockitoContextCustomizer@0, org.springframework.boot.test.autoconfigure.OverrideAutoConfigurationContextCustomizerFactory$DisableAutoConfigurationContextCustomizer@53f1b31c, org.springframework.boot.test.autoconfigure.filter.TypeExcludeFiltersContextCustomizer@351584c0, org.springframework.boot.test.autoconfigure.properties.PropertyMappingContextCustomizer@2ec77400, org.springframework.boot.test.autoconfigure.web.servlet.WebDriverContextCustomizerFactory$Customizer@5cb24dfb], contextLoader = 'org.springframework.boot.test.context.SpringBootContextLoader', parent = [null]]].
]]></system-out>
  <system-err><![CDATA[]]></system-err>
</testsuite>
